06:21:18 **** Build of project Test_Run_bsp ****
make -k all 
Running Make include in microblaze_0/libsrc/cpu_v2_6/src
make -C microblaze_0/libsrc/cpu_v2_6/src -s include  "SHELL=/bin/sh" "COMPILER=mb-gcc" "ARCHIVER=mb-ar" "COMPILER_FLAGS= -O2 -c -mcpu=v10.0 -mlittle-endian -mno-xl-soft-div -mno-xl-soft-mul -mxl-barrel-shift" "EXTRA_COMPILER_FLAGS=-ffunction-sections -fdata-sections -Wall -Wextra"
Running Make include in microblaze_0/libsrc/spips_v3_0/src
make -C microblaze_0/libsrc/spips_v3_0/src -s include  "SHELL=/bin/sh" "COMPILER=mb-gcc" "ARCHIVER=mb-ar" "COMPILER_FLAGS= -O2 -c -mcpu=v10.0 -mlittle-endian -mno-xl-soft-div -mno-xl-soft-mul -mxl-barrel-shift" "EXTRA_COMPILER_FLAGS=-ffunction-sections -fdata-sections -Wall -Wextra"
Running Make include in microblaze_0/libsrc/standalone_v6_5/src
make -C microblaze_0/libsrc/standalone_v6_5/src -s include  "SHELL=/bin/sh" "COMPILER=mb-gcc" "ARCHIVER=mb-ar" "COMPILER_FLAGS= -O2 -c -mcpu=v10.0 -mlittle-endian -mno-xl-soft-div -mno-xl-soft-mul -mxl-barrel-shift" "EXTRA_COMPILER_FLAGS=-ffunction-sections -fdata-sections -Wall -Wextra"
Running Make include in microblaze_0/libsrc/gpiops_v3_3/src
make -C microblaze_0/libsrc/gpiops_v3_3/src -s include  "SHELL=/bin/sh" "COMPILER=mb-gcc" "ARCHIVER=mb-ar" "COMPILER_FLAGS= -O2 -c -mcpu=v10.0 -mlittle-endian -mno-xl-soft-div -mno-xl-soft-mul -mxl-barrel-shift" "EXTRA_COMPILER_FLAGS=-ffunction-sections -fdata-sections -Wall -Wextra"
Running Make include in microblaze_0/libsrc/axidma_v9_5/src
make -C microblaze_0/libsrc/axidma_v9_5/src -s include  "SHELL=/bin/sh" "COMPILER=mb-gcc" "ARCHIVER=mb-ar" "COMPILER_FLAGS= -O2 -c -mcpu=v10.0 -mlittle-endian -mno-xl-soft-div -mno-xl-soft-mul -mxl-barrel-shift" "EXTRA_COMPILER_FLAGS=-ffunction-sections -fdata-sections -Wall -Wextra"
Running Make include in microblaze_0/libsrc/PWM_v1_0/src
make -C microblaze_0/libsrc/PWM_v1_0/src -s include  "SHELL=/bin/sh" "COMPILER=mb-gcc" "ARCHIVER=mb-ar" "COMPILER_FLAGS= -O2 -c -mcpu=v10.0 -mlittle-endian -mno-xl-soft-div -mno-xl-soft-mul -mxl-barrel-shift" "EXTRA_COMPILER_FLAGS=-ffunction-sections -fdata-sections -Wall -Wextra"
Running Make include in microblaze_0/libsrc/bram_v4_2/src
make -C microblaze_0/libsrc/bram_v4_2/src -s include  "SHELL=/bin/sh" "COMPILER=mb-gcc" "ARCHIVER=mb-ar" "COMPILER_FLAGS= -O2 -c -mcpu=v10.0 -mlittle-endian -mno-xl-soft-div -mno-xl-soft-mul -mxl-barrel-shift" "EXTRA_COMPILER_FLAGS=-ffunction-sections -fdata-sections -Wall -Wextra"
Running Make include in microblaze_0/libsrc/gpio_v4_3/src
make -C microblaze_0/libsrc/gpio_v4_3/src -s include  "SHELL=/bin/sh" "COMPILER=mb-gcc" "ARCHIVER=mb-ar" "COMPILER_FLAGS= -O2 -c -mcpu=v10.0 -mlittle-endian -mno-xl-soft-div -mno-xl-soft-mul -mxl-barrel-shift" "EXTRA_COMPILER_FLAGS=-ffunction-sections -fdata-sections -Wall -Wextra"
Running Make include in microblaze_0/libsrc/iicps_v3_5/src
make -C microblaze_0/libsrc/iicps_v3_5/src -s include  "SHELL=/bin/sh" "COMPILER=mb-gcc" "ARCHIVER=mb-ar" "COMPILER_FLAGS= -O2 -c -mcpu=v10.0 -mlittle-endian -mno-xl-soft-div -mno-xl-soft-mul -mxl-barrel-shift" "EXTRA_COMPILER_FLAGS=-ffunction-sections -fdata-sections -Wall -Wextra"
Running Make include in microblaze_0/libsrc/sdps_v3_3/src
make -C microblaze_0/libsrc/sdps_v3_3/src -s include  "SHELL=/bin/sh" "COMPILER=mb-gcc" "ARCHIVER=mb-ar" "COMPILER_FLAGS= -O2 -c -mcpu=v10.0 -mlittle-endian -mno-xl-soft-div -mno-xl-soft-mul -mxl-barrel-shift" "EXTRA_COMPILER_FLAGS=-ffunction-sections -fdata-sections -Wall -Wextra"
Running Make include in microblaze_0/libsrc/emacps_v3_6/src
make -C microblaze_0/libsrc/emacps_v3_6/src -s include  "SHELL=/bin/sh" "COMPILER=mb-gcc" "ARCHIVER=mb-ar" "COMPILER_FLAGS= -O2 -c -mcpu=v10.0 -mlittle-endian -mno-xl-soft-div -mno-xl-soft-mul -mxl-barrel-shift" "EXTRA_COMPILER_FLAGS=-ffunction-sections -fdata-sections -Wall -Wextra"
Running Make include in microblaze_0/libsrc/intc_v3_7/src
make -C microblaze_0/libsrc/intc_v3_7/src -s include  "SHELL=/bin/sh" "COMPILER=mb-gcc" "ARCHIVER=mb-ar" "COMPILER_FLAGS= -O2 -c -mcpu=v10.0 -mlittle-endian -mno-xl-soft-div -mno-xl-soft-mul -mxl-barrel-shift" "EXTRA_COMPILER_FLAGS=-ffunction-sections -fdata-sections -Wall -Wextra"
Running Make include in microblaze_0/libsrc/usbps_v2_4/src
make -C microblaze_0/libsrc/usbps_v2_4/src -s include  "SHELL=/bin/sh" "COMPILER=mb-gcc" "ARCHIVER=mb-ar" "COMPILER_FLAGS= -O2 -c -mcpu=v10.0 -mlittle-endian -mno-xl-soft-div -mno-xl-soft-mul -mxl-barrel-shift" "EXTRA_COMPILER_FLAGS=-ffunction-sections -fdata-sections -Wall -Wextra"
Running Make include in microblaze_0/libsrc/uartps_v3_5/src
make -C microblaze_0/libsrc/uartps_v3_5/src -s include  "SHELL=/bin/sh" "COMPILER=mb-gcc" "ARCHIVER=mb-ar" "COMPILER_FLAGS= -O2 -c -mcpu=v10.0 -mlittle-endian -mno-xl-soft-div -mno-xl-soft-mul -mxl-barrel-shift" "EXTRA_COMPILER_FLAGS=-ffunction-sections -fdata-sections -Wall -Wextra"
Running Make libs in microblaze_0/libsrc/cpu_v2_6/src
make -C microblaze_0/libsrc/cpu_v2_6/src -s libs  "SHELL=/bin/sh" "COMPILER=mb-gcc" "ARCHIVER=mb-ar" "COMPILER_FLAGS= -O2 -c -mcpu=v10.0 -mlittle-endian -mno-xl-soft-div -mno-xl-soft-mul -mxl-barrel-shift" "EXTRA_COMPILER_FLAGS=-ffunction-sections -fdata-sections -Wall -Wextra"
Compiling cpu
mb-ar: creating ../../../lib/libxil.a
Running Make libs in microblaze_0/libsrc/spips_v3_0/src
make -C microblaze_0/libsrc/spips_v3_0/src -s libs  "SHELL=/bin/sh" "COMPILER=mb-gcc" "ARCHIVER=mb-ar" "COMPILER_FLAGS= -O2 -c -mcpu=v10.0 -mlittle-endian -mno-xl-soft-div -mno-xl-soft-mul -mxl-barrel-shift" "EXTRA_COMPILER_FLAGS=-ffunction-sections -fdata-sections -Wall -Wextra"
Compiling spips
Running Make libs in microblaze_0/libsrc/standalone_v6_5/src
make -C microblaze_0/libsrc/standalone_v6_5/src -s libs  "SHELL=/bin/sh" "COMPILER=mb-gcc" "ARCHIVER=mb-ar" "COMPILER_FLAGS= -O2 -c -mcpu=v10.0 -mlittle-endian -mno-xl-soft-div -mno-xl-soft-mul -mxl-barrel-shift" "EXTRA_COMPILER_FLAGS=-ffunction-sections -fdata-sections -Wall -Wextra"
Compiling standalone
Running Make libs in microblaze_0/libsrc/gpiops_v3_3/src
make -C microblaze_0/libsrc/gpiops_v3_3/src -s libs  "SHELL=/bin/sh" "COMPILER=mb-gcc" "ARCHIVER=mb-ar" "COMPILER_FLAGS= -O2 -c -mcpu=v10.0 -mlittle-endian -mno-xl-soft-div -mno-xl-soft-mul -mxl-barrel-shift" "EXTRA_COMPILER_FLAGS=-ffunction-sections -fdata-sections -Wall -Wextra"
Compiling gpiops
Running Make libs in microblaze_0/libsrc/axidma_v9_5/src
make -C microblaze_0/libsrc/axidma_v9_5/src -s libs  "SHELL=/bin/sh" "COMPILER=mb-gcc" "ARCHIVER=mb-ar" "COMPILER_FLAGS= -O2 -c -mcpu=v10.0 -mlittle-endian -mno-xl-soft-div -mno-xl-soft-mul -mxl-barrel-shift" "EXTRA_COMPILER_FLAGS=-ffunction-sections -fdata-sections -Wall -Wextra"
Compiling axidma
Running Make libs in microblaze_0/libsrc/PWM_v1_0/src
make -C microblaze_0/libsrc/PWM_v1_0/src -s libs  "SHELL=/bin/sh" "COMPILER=mb-gcc" "ARCHIVER=mb-ar" "COMPILER_FLAGS= -O2 -c -mcpu=v10.0 -mlittle-endian -mno-xl-soft-div -mno-xl-soft-mul -mxl-barrel-shift" "EXTRA_COMPILER_FLAGS=-ffunction-sections -fdata-sections -Wall -Wextra"
Compiling PWM...
PWM_selftest.c: In function 'PWM_Reg_SelfTest':
PWM_selftest.c:52:52: warning: comparison between signed and unsigned integer expressions [-Wsign-compare]
    if ( PWM_mReadReg (baseaddr, read_loop_index*4) != (read_loop_index+1)*READ_WRITE_MUL_FACTOR){
                                                    ^~
PWM_selftest.c:36:6: warning: unused variable 'Index' [-Wunused-variable]
  int Index;
      ^~~~~
Running Make libs in microblaze_0/libsrc/bram_v4_2/src
make -C microblaze_0/libsrc/bram_v4_2/src -s libs  "SHELL=/bin/sh" "COMPILER=mb-gcc" "ARCHIVER=mb-ar" "COMPILER_FLAGS= -O2 -c -mcpu=v10.0 -mlittle-endian -mno-xl-soft-div -mno-xl-soft-mul -mxl-barrel-shift" "EXTRA_COMPILER_FLAGS=-ffunction-sections -fdata-sections -Wall -Wextra"
Compiling bram
Running Make libs in microblaze_0/libsrc/gpio_v4_3/src
make -C microblaze_0/libsrc/gpio_v4_3/src -s libs  "SHELL=/bin/sh" "COMPILER=mb-gcc" "ARCHIVER=mb-ar" "COMPILER_FLAGS= -O2 -c -mcpu=v10.0 -mlittle-endian -mno-xl-soft-div -mno-xl-soft-mul -mxl-barrel-shift" "EXTRA_COMPILER_FLAGS=-ffunction-sections -fdata-sections -Wall -Wextra"
Compiling gpio
Running Make libs in microblaze_0/libsrc/iicps_v3_5/src
make -C microblaze_0/libsrc/iicps_v3_5/src -s libs  "SHELL=/bin/sh" "COMPILER=mb-gcc" "ARCHIVER=mb-ar" "COMPILER_FLAGS= -O2 -c -mcpu=v10.0 -mlittle-endian -mno-xl-soft-div -mno-xl-soft-mul -mxl-barrel-shift" "EXTRA_COMPILER_FLAGS=-ffunction-sections -fdata-sections -Wall -Wextra"
Compiling iicps
Running Make libs in microblaze_0/libsrc/sdps_v3_3/src
make -C microblaze_0/libsrc/sdps_v3_3/src -s libs  "SHELL=/bin/sh" "COMPILER=mb-gcc" "ARCHIVER=mb-ar" "COMPILER_FLAGS= -O2 -c -mcpu=v10.0 -mlittle-endian -mno-xl-soft-div -mno-xl-soft-mul -mxl-barrel-shift" "EXTRA_COMPILER_FLAGS=-ffunction-sections -fdata-sections -Wall -Wextra"
Compiling sdps
Running Make libs in microblaze_0/libsrc/emacps_v3_6/src
make -C microblaze_0/libsrc/emacps_v3_6/src -s libs  "SHELL=/bin/sh" "COMPILER=mb-gcc" "ARCHIVER=mb-ar" "COMPILER_FLAGS= -O2 -c -mcpu=v10.0 -mlittle-endian -mno-xl-soft-div -mno-xl-soft-mul -mxl-barrel-shift" "EXTRA_COMPILER_FLAGS=-ffunction-sections -fdata-sections -Wall -Wextra"
Compiling emacps
Running Make libs in microblaze_0/libsrc/intc_v3_7/src
make -C microblaze_0/libsrc/intc_v3_7/src -s libs  "SHELL=/bin/sh" "COMPILER=mb-gcc" "ARCHIVER=mb-ar" "COMPILER_FLAGS= -O2 -c -mcpu=v10.0 -mlittle-endian -mno-xl-soft-div -mno-xl-soft-mul -mxl-barrel-shift" "EXTRA_COMPILER_FLAGS=-ffunction-sections -fdata-sections -Wall -Wextra"
Compiling intc
Running Make libs in microblaze_0/libsrc/usbps_v2_4/src
make -C microblaze_0/libsrc/usbps_v2_4/src -s libs  "SHELL=/bin/sh" "COMPILER=mb-gcc" "ARCHIVER=mb-ar" "COMPILER_FLAGS= -O2 -c -mcpu=v10.0 -mlittle-endian -mno-xl-soft-div -mno-xl-soft-mul -mxl-barrel-shift" "EXTRA_COMPILER_FLAGS=-ffunction-sections -fdata-sections -Wall -Wextra"
Compiling usbps
Running Make libs in microblaze_0/libsrc/uartps_v3_5/src
make -C microblaze_0/libsrc/uartps_v3_5/src -s libs  "SHELL=/bin/sh" "COMPILER=mb-gcc" "ARCHIVER=mb-ar" "COMPILER_FLAGS= -O2 -c -mcpu=v10.0 -mlittle-endian -mno-xl-soft-div -mno-xl-soft-mul -mxl-barrel-shift" "EXTRA_COMPILER_FLAGS=-ffunction-sections -fdata-sections -Wall -Wextra"
Compiling uartps
Finished building libraries
06:21:26 **** Build of configuration Debug for project Test_Run ****
make all 
Building file: ../src/helloworld.c
Invoking: MicroBlaze gcc compiler
mb-gcc -Wall -O0 -g3 -c -fmessage-length=0 -MT"src/helloworld.o" -I../../Test_Run_bsp/microblaze_0/include -mlittle-endian -mxl-barrel-shift -mno-xl-soft-div -mcpu=v10.0 -mno-xl-soft-mul -Wl,--no-relax -ffunction-sections -fdata-sections -MMD -MP -MF"src/helloworld.d" -MT"src/helloworld.o" -o "src/helloworld.o" "../src/helloworld.c"
Finished building: ../src/helloworld.c
 
Building file: ../src/platform.c
Invoking: MicroBlaze gcc compiler
mb-gcc -Wall -O0 -g3 -c -fmessage-length=0 -MT"src/platform.o" -I../../Test_Run_bsp/microblaze_0/include -mlittle-endian -mxl-barrel-shift -mno-xl-soft-div -mcpu=v10.0 -mno-xl-soft-mul -Wl,--no-relax -ffunction-sections -fdata-sections -MMD -MP -MF"src/platform.d" -MT"src/platform.o" -o "src/platform.o" "../src/platform.c"
Finished building: ../src/platform.c
 
Building target: Test_Run.elf
Invoking: MicroBlaze gcc linker
mb-gcc -Wl,-T -Wl,../src/lscript.ld -L../../Test_Run_bsp/microblaze_0/lib -mlittle-endian -mxl-barrel-shift -mno-xl-soft-div -mcpu=v10.0 -mno-xl-soft-mul -Wl,--no-relax -Wl,--gc-sections -o "Test_Run.elf"  ./src/helloworld.o ./src/platform.o   -Wl,--start-group,-lxil,-lgcc,-lc,--end-group
Finished building target: Test_Run.elf
 
Invoking: MicroBlaze Print Size
mb-size Test_Run.elf  |tee "Test_Run.elf.size"
   text	   data	    bss	    dec	    hex	filename
   2900	    308	   3112	   6320	   18b0	Test_Run.elf
Finished building: Test_Run.elf.size
 
06:24:13 **** Auto Build of configuration Debug for project Test_Run ****
make all 
make: Nothing to be done for 'all'.
06:24:28 **** Clean-only build of configuration Debug for project Test_Run ****
make clean 
rm -rf  ./src/HASH/md5.o ./src/HASH/sha1.o ./src/HASH/sha256.o  ./src/ECC/uECC.o  ./src/AES/aes.o ./src/AES/aes_decrypt_driver.o  ./src/helloworld.o ./src/main.o ./src/platform.o ./src/tests_1.o ./src/util.o  ./src/HASH/md5.d ./src/HASH/sha1.d ./src/HASH/sha256.d  ./src/ECC/uECC.d  ./src/AES/aes.d ./src/AES/aes_decrypt_driver.d  ./src/helloworld.d ./src/main.d ./src/platform.d ./src/tests_1.d ./src/util.d  Test_Run.elf.size  Test_Run.elf
 
06:24:28 **** Auto Build of configuration Debug for project Test_Run ****
make all 
Building file: ../src/HASH/md5.c
Invoking: MicroBlaze gcc compiler
mb-gcc -Wall -O0 -g3 -c -fmessage-length=0 -MT"src/HASH/md5.o" -I../../Test_Run_bsp/microblaze_0/include -mlittle-endian -mxl-barrel-shift -mno-xl-soft-div -mcpu=v10.0 -mno-xl-soft-mul -Wl,--no-relax -ffunction-sections -fdata-sections -MMD -MP -MF"src/HASH/md5.d" -MT"src/HASH/md5.o" -o "src/HASH/md5.o" "../src/HASH/md5.c"
Finished building: ../src/HASH/md5.c
 
Building file: ../src/HASH/sha1.c
Invoking: MicroBlaze gcc compiler
mb-gcc -Wall -O0 -g3 -c -fmessage-length=0 -MT"src/HASH/sha1.o" -I../../Test_Run_bsp/microblaze_0/include -mlittle-endian -mxl-barrel-shift -mno-xl-soft-div -mcpu=v10.0 -mno-xl-soft-mul -Wl,--no-relax -ffunction-sections -fdata-sections -MMD -MP -MF"src/HASH/sha1.d" -MT"src/HASH/sha1.o" -o "src/HASH/sha1.o" "../src/HASH/sha1.c"
Finished building: ../src/HASH/sha1.c
 
Building file: ../src/HASH/sha256.c
Invoking: MicroBlaze gcc compiler
mb-gcc -Wall -O0 -g3 -c -fmessage-length=0 -MT"src/HASH/sha256.o" -I../../Test_Run_bsp/microblaze_0/include -mlittle-endian -mxl-barrel-shift -mno-xl-soft-div -mcpu=v10.0 -mno-xl-soft-mul -Wl,--no-relax -ffunction-sections -fdata-sections -MMD -MP -MF"src/HASH/sha256.d" -MT"src/HASH/sha256.o" -o "src/HASH/sha256.o" "../src/HASH/sha256.c"
Finished building: ../src/HASH/sha256.c
 
Building file: ../src/ECC/uECC.c
Invoking: MicroBlaze gcc compiler
mb-gcc -Wall -O0 -g3 -c -fmessage-length=0 -MT"src/ECC/uECC.o" -I../../Test_Run_bsp/microblaze_0/include -mlittle-endian -mxl-barrel-shift -mno-xl-soft-div -mcpu=v10.0 -mno-xl-soft-mul -Wl,--no-relax -ffunction-sections -fdata-sections -MMD -MP -MF"src/ECC/uECC.d" -MT"src/ECC/uECC.o" -o "src/ECC/uECC.o" "../src/ECC/uECC.c"
Finished building: ../src/ECC/uECC.c
 
Building file: ../src/AES/aes.c
Invoking: MicroBlaze gcc compiler
mb-gcc -Wall -O0 -g3 -c -fmessage-length=0 -MT"src/AES/aes.o" -I../../Test_Run_bsp/microblaze_0/include -mlittle-endian -mxl-barrel-shift -mno-xl-soft-div -mcpu=v10.0 -mno-xl-soft-mul -Wl,--no-relax -ffunction-sections -fdata-sections -MMD -MP -MF"src/AES/aes.d" -MT"src/AES/aes.o" -o "src/AES/aes.o" "../src/AES/aes.c"
../src/AES/aes.c:147:16: warning: 'getSBoxInvert' defined but not used [-Wunused-function]
 static uint8_t getSBoxInvert(uint8_t num)
                ^~~~~~~~~~~~~
../src/AES/aes.c:140:16: warning: 'getSBoxValue' defined but not used [-Wunused-function]
 static uint8_t getSBoxValue(uint8_t num)
                ^~~~~~~~~~~~
Finished building: ../src/AES/aes.c
 
Building file: ../src/AES/aes_decrypt_driver.c
Invoking: MicroBlaze gcc compiler
mb-gcc -Wall -O0 -g3 -c -fmessage-length=0 -MT"src/AES/aes_decrypt_driver.o" -I../../Test_Run_bsp/microblaze_0/include -mlittle-endian -mxl-barrel-shift -mno-xl-soft-div -mcpu=v10.0 -mno-xl-soft-mul -Wl,--no-relax -ffunction-sections -fdata-sections -MMD -MP -MF"src/AES/aes_decrypt_driver.d" -MT"src/AES/aes_decrypt_driver.o" -o "src/AES/aes_decrypt_driver.o" "../src/AES/aes_decrypt_driver.c"
Finished building: ../src/AES/aes_decrypt_driver.c
 
Building file: ../src/main.c
Invoking: MicroBlaze gcc compiler
mb-gcc -Wall -O0 -g3 -c -fmessage-length=0 -MT"src/main.o" -I../../Test_Run_bsp/microblaze_0/include -mlittle-endian -mxl-barrel-shift -mno-xl-soft-div -mcpu=v10.0 -mno-xl-soft-mul -Wl,--no-relax -ffunction-sections -fdata-sections -MMD -MP -MF"src/main.d" -MT"src/main.o" -o "src/main.o" "../src/main.c"
../src/main.c: In function 'play_song':
../src/main.c:415:10: warning: unused variable 'buf' [-Wunused-variable]
     BYTE buf[MD5_BLOCK_SIZE];
          ^~~
../src/main.c:392:13: warning: unused variable 'private' [-Wunused-variable]
     uint8_t private[32] = {0x8a, 0x45, 0xfe, 0x7a, 0xb0, 0x81, 0x75, 0xc3, 0x2d, 0x60, 0xac, 0x6f, 0xd4, 0xf8, 0xb8, 0x60, 0xa6, 0x1a, 0xc2, 0x65, 0xa5, 0xdc, 0xd2, 0x24, 0x3a, 0xc6, 0x0b, 0x0a, 0xb9, 0x04, 0x69, 0x4b};
             ^~~~~~~
Finished building: ../src/main.c
 
Building file: ../src/platform.c
Invoking: MicroBlaze gcc compiler
mb-gcc -Wall -O0 -g3 -c -fmessage-length=0 -MT"src/platform.o" -I../../Test_Run_bsp/microblaze_0/include -mlittle-endian -mxl-barrel-shift -mno-xl-soft-div -mcpu=v10.0 -mno-xl-soft-mul -Wl,--no-relax -ffunction-sections -fdata-sections -MMD -MP -MF"src/platform.d" -MT"src/platform.o" -o "src/platform.o" "../src/platform.c"
Finished building: ../src/platform.c
 
Building file: ../src/tests_1.c
Invoking: MicroBlaze gcc compiler
mb-gcc -Wall -O0 -g3 -c -fmessage-length=0 -MT"src/tests_1.o" -I../../Test_Run_bsp/microblaze_0/include -mlittle-endian -mxl-barrel-shift -mno-xl-soft-div -mcpu=v10.0 -mno-xl-soft-mul -Wl,--no-relax -ffunction-sections -fdata-sections -MMD -MP -MF"src/tests_1.d" -MT"src/tests_1.o" -o "src/tests_1.o" "../src/tests_1.c"
Finished building: ../src/tests_1.c
 
Building file: ../src/util.c
Invoking: MicroBlaze gcc compiler
mb-gcc -Wall -O0 -g3 -c -fmessage-length=0 -MT"src/util.o" -I../../Test_Run_bsp/microblaze_0/include -mlittle-endian -mxl-barrel-shift -mno-xl-soft-div -mcpu=v10.0 -mno-xl-soft-mul -Wl,--no-relax -ffunction-sections -fdata-sections -MMD -MP -MF"src/util.d" -MT"src/util.o" -o "src/util.o" "../src/util.c"
Finished building: ../src/util.c
 
Building target: Test_Run.elf
Invoking: MicroBlaze gcc linker
mb-gcc -Wl,-T -Wl,../src/lscript.ld -L../../Test_Run_bsp/microblaze_0/lib -mlittle-endian -mxl-barrel-shift -mno-xl-soft-div -mcpu=v10.0 -mno-xl-soft-mul -Wl,--no-relax -Wl,--gc-sections -o "Test_Run.elf"  ./src/HASH/md5.o ./src/HASH/sha1.o ./src/HASH/sha256.o  ./src/ECC/uECC.o  ./src/AES/aes.o ./src/AES/aes_decrypt_driver.o  ./src/main.o ./src/platform.o ./src/tests_1.o ./src/util.o   -Wl,--start-group,-lxil,-lgcc,-lc,--end-group
Finished building target: Test_Run.elf
 
Invoking: MicroBlaze Print Size
mb-size Test_Run.elf  |tee "Test_Run.elf.size"
   text	   data	    bss	    dec	    hex	filename
  43960	   1464	  21464	  66888	  10548	Test_Run.elf
Finished building: Test_Run.elf.size
 
06:24:37 **** Incremental Build of configuration Debug for project Test_Run ****
make all 
make: Nothing to be done for 'all'.
06:55:55 **** Auto Build of configuration Debug for project Test_Run ****
make all 
Building file: ../src/main.c
Invoking: MicroBlaze gcc compiler
mb-gcc -Wall -O0 -g3 -c -fmessage-length=0 -MT"src/main.o" -I../../Test_Run_bsp/microblaze_0/include -mlittle-endian -mxl-barrel-shift -mno-xl-soft-div -mcpu=v10.0 -mno-xl-soft-mul -Wl,--no-relax -ffunction-sections -fdata-sections -MMD -MP -MF"src/main.d" -MT"src/main.o" -o "src/main.o" "../src/main.c"
../src/main.c: In function 'play_song':
../src/main.c:418:14: error: 'SHA256_BLOCK_SIZE' undeclared (first use in this function)
     BYTE buf[SHA256_BLOCK_SIZE];
              ^~~~~~~~~~~~~~~~~
../src/main.c:418:14: note: each undeclared identifier is reported only once for each function it appears in
../src/main.c:503:3: error: unknown type name 'SHA256_CTX'
   SHA256_CTX sha_ctx;
   ^~~~~~~~~~
../src/main.c:505:3: warning: implicit declaration of function 'sha256_init' [-Wimplicit-function-declaration]
   sha256_init(&sha_ctx);
   ^~~~~~~~~~~
../src/main.c:506:3: warning: implicit declaration of function 'sha256_update' [-Wimplicit-function-declaration]
   sha256_update(&sha_ctx, universal_buffer, cp_num);
   ^~~~~~~~~~~~~
../src/main.c:507:3: warning: implicit declaration of function 'sha256_final' [-Wimplicit-function-declaration]
   sha256_final(&sha_ctx, buf);
   ^~~~~~~~~~~~
../src/main.c:418:10: warning: unused variable 'buf' [-Wunused-variable]
     BYTE buf[SHA256_BLOCK_SIZE];
          ^~~
make: *** [src/main.o] Error 1
src/subdir.mk:30: recipe for target 'src/main.o' failed
06:56:08 **** Auto Build of configuration Debug for project Test_Run ****
make all 
Building file: ../src/main.c
Invoking: MicroBlaze gcc compiler
mb-gcc -Wall -O0 -g3 -c -fmessage-length=0 -MT"src/main.o" -I../../Test_Run_bsp/microblaze_0/include -mlittle-endian -mxl-barrel-shift -mno-xl-soft-div -mcpu=v10.0 -mno-xl-soft-mul -Wl,--no-relax -ffunction-sections -fdata-sections -MMD -MP -MF"src/main.d" -MT"src/main.o" -o "src/main.o" "../src/main.c"
Finished building: ../src/main.c
 
Building target: Test_Run.elf
Invoking: MicroBlaze gcc linker
mb-gcc -Wl,-T -Wl,../src/lscript.ld -L../../Test_Run_bsp/microblaze_0/lib -mlittle-endian -mxl-barrel-shift -mno-xl-soft-div -mcpu=v10.0 -mno-xl-soft-mul -Wl,--no-relax -Wl,--gc-sections -o "Test_Run.elf"  ./src/HASH/md5.o ./src/HASH/sha1.o ./src/HASH/sha256.o  ./src/ECC/uECC.o  ./src/AES/aes.o ./src/AES/aes_decrypt_driver.o  ./src/main.o ./src/platform.o ./src/tests_1.o ./src/util.o   -Wl,--start-group,-lxil,-lgcc,-lc,--end-group
Finished building target: Test_Run.elf
 
Invoking: MicroBlaze Print Size
mb-size Test_Run.elf  |tee "Test_Run.elf.size"
   text	   data	    bss	    dec	    hex	filename
  38652	   1464	  21468	  61584	   f090	Test_Run.elf
Finished building: Test_Run.elf.size
 
07:01:20 **** Auto Build of configuration Debug for project Test_Run ****
make all 
Building file: ../src/main.c
Invoking: MicroBlaze gcc compiler
mb-gcc -Wall -O0 -g3 -c -fmessage-length=0 -MT"src/main.o" -I../../Test_Run_bsp/microblaze_0/include -mlittle-endian -mxl-barrel-shift -mno-xl-soft-div -mcpu=v10.0 -mno-xl-soft-mul -Wl,--no-relax -ffunction-sections -fdata-sections -MMD -MP -MF"src/main.d" -MT"src/main.o" -o "src/main.o" "../src/main.c"
Finished building: ../src/main.c
 
Building target: Test_Run.elf
Invoking: MicroBlaze gcc linker
mb-gcc -Wl,-T -Wl,../src/lscript.ld -L../../Test_Run_bsp/microblaze_0/lib -mlittle-endian -mxl-barrel-shift -mno-xl-soft-div -mcpu=v10.0 -mno-xl-soft-mul -Wl,--no-relax -Wl,--gc-sections -o "Test_Run.elf"  ./src/HASH/md5.o ./src/HASH/sha1.o ./src/HASH/sha256.o  ./src/ECC/uECC.o  ./src/AES/aes.o ./src/AES/aes_decrypt_driver.o  ./src/main.o ./src/platform.o ./src/tests_1.o ./src/util.o   -Wl,--start-group,-lxil,-lgcc,-lc,--end-group
Finished building target: Test_Run.elf
 
Invoking: MicroBlaze Print Size
mb-size Test_Run.elf  |tee "Test_Run.elf.size"
   text	   data	    bss	    dec	    hex	filename
  38652	   1464	  21468	  61584	   f090	Test_Run.elf
Finished building: Test_Run.elf.size
 
13:11:42 **** Auto Build of project Test_Run_bsp ****
make -k all 
Running Make include in microblaze_0/libsrc/cpu_v2_6/src
make -C microblaze_0/libsrc/cpu_v2_6/src -s include  "SHELL=/bin/sh" "COMPILER=mb-gcc" "ARCHIVER=mb-ar" "COMPILER_FLAGS= -O2 -c -mcpu=v10.0 -mlittle-endian -mno-xl-soft-div -mno-xl-soft-mul -mxl-barrel-shift" "EXTRA_COMPILER_FLAGS=-ffunction-sections -fdata-sections -Wall -Wextra"
Running Make include in microblaze_0/libsrc/spips_v3_0/src
make -C microblaze_0/libsrc/spips_v3_0/src -s include  "SHELL=/bin/sh" "COMPILER=mb-gcc" "ARCHIVER=mb-ar" "COMPILER_FLAGS= -O2 -c -mcpu=v10.0 -mlittle-endian -mno-xl-soft-div -mno-xl-soft-mul -mxl-barrel-shift" "EXTRA_COMPILER_FLAGS=-ffunction-sections -fdata-sections -Wall -Wextra"
Running Make include in microblaze_0/libsrc/standalone_v6_5/src
make -C microblaze_0/libsrc/standalone_v6_5/src -s include  "SHELL=/bin/sh" "COMPILER=mb-gcc" "ARCHIVER=mb-ar" "COMPILER_FLAGS= -O2 -c -mcpu=v10.0 -mlittle-endian -mno-xl-soft-div -mno-xl-soft-mul -mxl-barrel-shift" "EXTRA_COMPILER_FLAGS=-ffunction-sections -fdata-sections -Wall -Wextra"
Running Make include in microblaze_0/libsrc/gpiops_v3_3/src
make -C microblaze_0/libsrc/gpiops_v3_3/src -s include  "SHELL=/bin/sh" "COMPILER=mb-gcc" "ARCHIVER=mb-ar" "COMPILER_FLAGS= -O2 -c -mcpu=v10.0 -mlittle-endian -mno-xl-soft-div -mno-xl-soft-mul -mxl-barrel-shift" "EXTRA_COMPILER_FLAGS=-ffunction-sections -fdata-sections -Wall -Wextra"
Running Make include in microblaze_0/libsrc/axidma_v9_5/src
make -C microblaze_0/libsrc/axidma_v9_5/src -s include  "SHELL=/bin/sh" "COMPILER=mb-gcc" "ARCHIVER=mb-ar" "COMPILER_FLAGS= -O2 -c -mcpu=v10.0 -mlittle-endian -mno-xl-soft-div -mno-xl-soft-mul -mxl-barrel-shift" "EXTRA_COMPILER_FLAGS=-ffunction-sections -fdata-sections -Wall -Wextra"
Running Make include in microblaze_0/libsrc/PWM_v1_0/src
make -C microblaze_0/libsrc/PWM_v1_0/src -s include  "SHELL=/bin/sh" "COMPILER=mb-gcc" "ARCHIVER=mb-ar" "COMPILER_FLAGS= -O2 -c -mcpu=v10.0 -mlittle-endian -mno-xl-soft-div -mno-xl-soft-mul -mxl-barrel-shift" "EXTRA_COMPILER_FLAGS=-ffunction-sections -fdata-sections -Wall -Wextra"
Running Make include in microblaze_0/libsrc/bram_v4_2/src
make -C microblaze_0/libsrc/bram_v4_2/src -s include  "SHELL=/bin/sh" "COMPILER=mb-gcc" "ARCHIVER=mb-ar" "COMPILER_FLAGS= -O2 -c -mcpu=v10.0 -mlittle-endian -mno-xl-soft-div -mno-xl-soft-mul -mxl-barrel-shift" "EXTRA_COMPILER_FLAGS=-ffunction-sections -fdata-sections -Wall -Wextra"
Running Make include in microblaze_0/libsrc/gpio_v4_3/src
make -C microblaze_0/libsrc/gpio_v4_3/src -s include  "SHELL=/bin/sh" "COMPILER=mb-gcc" "ARCHIVER=mb-ar" "COMPILER_FLAGS= -O2 -c -mcpu=v10.0 -mlittle-endian -mno-xl-soft-div -mno-xl-soft-mul -mxl-barrel-shift" "EXTRA_COMPILER_FLAGS=-ffunction-sections -fdata-sections -Wall -Wextra"
Running Make include in microblaze_0/libsrc/iicps_v3_5/src
make -C microblaze_0/libsrc/iicps_v3_5/src -s include  "SHELL=/bin/sh" "COMPILER=mb-gcc" "ARCHIVER=mb-ar" "COMPILER_FLAGS= -O2 -c -mcpu=v10.0 -mlittle-endian -mno-xl-soft-div -mno-xl-soft-mul -mxl-barrel-shift" "EXTRA_COMPILER_FLAGS=-ffunction-sections -fdata-sections -Wall -Wextra"
Running Make include in microblaze_0/libsrc/sdps_v3_3/src
make -C microblaze_0/libsrc/sdps_v3_3/src -s include  "SHELL=/bin/sh" "COMPILER=mb-gcc" "ARCHIVER=mb-ar" "COMPILER_FLAGS= -O2 -c -mcpu=v10.0 -mlittle-endian -mno-xl-soft-div -mno-xl-soft-mul -mxl-barrel-shift" "EXTRA_COMPILER_FLAGS=-ffunction-sections -fdata-sections -Wall -Wextra"
Running Make include in microblaze_0/libsrc/emacps_v3_6/src
make -C microblaze_0/libsrc/emacps_v3_6/src -s include  "SHELL=/bin/sh" "COMPILER=mb-gcc" "ARCHIVER=mb-ar" "COMPILER_FLAGS= -O2 -c -mcpu=v10.0 -mlittle-endian -mno-xl-soft-div -mno-xl-soft-mul -mxl-barrel-shift" "EXTRA_COMPILER_FLAGS=-ffunction-sections -fdata-sections -Wall -Wextra"
Running Make include in microblaze_0/libsrc/intc_v3_7/src
make -C microblaze_0/libsrc/intc_v3_7/src -s include  "SHELL=/bin/sh" "COMPILER=mb-gcc" "ARCHIVER=mb-ar" "COMPILER_FLAGS= -O2 -c -mcpu=v10.0 -mlittle-endian -mno-xl-soft-div -mno-xl-soft-mul -mxl-barrel-shift" "EXTRA_COMPILER_FLAGS=-ffunction-sections -fdata-sections -Wall -Wextra"
Running Make include in microblaze_0/libsrc/usbps_v2_4/src
make -C microblaze_0/libsrc/usbps_v2_4/src -s include  "SHELL=/bin/sh" "COMPILER=mb-gcc" "ARCHIVER=mb-ar" "COMPILER_FLAGS= -O2 -c -mcpu=v10.0 -mlittle-endian -mno-xl-soft-div -mno-xl-soft-mul -mxl-barrel-shift" "EXTRA_COMPILER_FLAGS=-ffunction-sections -fdata-sections -Wall -Wextra"
Running Make include in microblaze_0/libsrc/uartps_v3_5/src
make -C microblaze_0/libsrc/uartps_v3_5/src -s include  "SHELL=/bin/sh" "COMPILER=mb-gcc" "ARCHIVER=mb-ar" "COMPILER_FLAGS= -O2 -c -mcpu=v10.0 -mlittle-endian -mno-xl-soft-div -mno-xl-soft-mul -mxl-barrel-shift" "EXTRA_COMPILER_FLAGS=-ffunction-sections -fdata-sections -Wall -Wextra"
Running Make libs in microblaze_0/libsrc/cpu_v2_6/src
make -C microblaze_0/libsrc/cpu_v2_6/src -s libs  "SHELL=/bin/sh" "COMPILER=mb-gcc" "ARCHIVER=mb-ar" "COMPILER_FLAGS= -O2 -c -mcpu=v10.0 -mlittle-endian -mno-xl-soft-div -mno-xl-soft-mul -mxl-barrel-shift" "EXTRA_COMPILER_FLAGS=-ffunction-sections -fdata-sections -Wall -Wextra"
Compiling cpu
mb-ar: creating ../../../lib/libxil.a
Running Make libs in microblaze_0/libsrc/spips_v3_0/src
make -C microblaze_0/libsrc/spips_v3_0/src -s libs  "SHELL=/bin/sh" "COMPILER=mb-gcc" "ARCHIVER=mb-ar" "COMPILER_FLAGS= -O2 -c -mcpu=v10.0 -mlittle-endian -mno-xl-soft-div -mno-xl-soft-mul -mxl-barrel-shift" "EXTRA_COMPILER_FLAGS=-ffunction-sections -fdata-sections -Wall -Wextra"
Compiling spips
Running Make libs in microblaze_0/libsrc/standalone_v6_5/src
make -C microblaze_0/libsrc/standalone_v6_5/src -s libs  "SHELL=/bin/sh" "COMPILER=mb-gcc" "ARCHIVER=mb-ar" "COMPILER_FLAGS= -O2 -c -mcpu=v10.0 -mlittle-endian -mno-xl-soft-div -mno-xl-soft-mul -mxl-barrel-shift" "EXTRA_COMPILER_FLAGS=-ffunction-sections -fdata-sections -Wall -Wextra"
Compiling standalone
Running Make libs in microblaze_0/libsrc/gpiops_v3_3/src
make -C microblaze_0/libsrc/gpiops_v3_3/src -s libs  "SHELL=/bin/sh" "COMPILER=mb-gcc" "ARCHIVER=mb-ar" "COMPILER_FLAGS= -O2 -c -mcpu=v10.0 -mlittle-endian -mno-xl-soft-div -mno-xl-soft-mul -mxl-barrel-shift" "EXTRA_COMPILER_FLAGS=-ffunction-sections -fdata-sections -Wall -Wextra"
Compiling gpiops
Running Make libs in microblaze_0/libsrc/axidma_v9_5/src
make -C microblaze_0/libsrc/axidma_v9_5/src -s libs  "SHELL=/bin/sh" "COMPILER=mb-gcc" "ARCHIVER=mb-ar" "COMPILER_FLAGS= -O2 -c -mcpu=v10.0 -mlittle-endian -mno-xl-soft-div -mno-xl-soft-mul -mxl-barrel-shift" "EXTRA_COMPILER_FLAGS=-ffunction-sections -fdata-sections -Wall -Wextra"
Compiling axidma
Running Make libs in microblaze_0/libsrc/PWM_v1_0/src
make -C microblaze_0/libsrc/PWM_v1_0/src -s libs  "SHELL=/bin/sh" "COMPILER=mb-gcc" "ARCHIVER=mb-ar" "COMPILER_FLAGS= -O2 -c -mcpu=v10.0 -mlittle-endian -mno-xl-soft-div -mno-xl-soft-mul -mxl-barrel-shift" "EXTRA_COMPILER_FLAGS=-ffunction-sections -fdata-sections -Wall -Wextra"
Compiling PWM...
PWM_selftest.c: In function 'PWM_Reg_SelfTest':
PWM_selftest.c:52:52: warning: comparison between signed and unsigned integer expressions [-Wsign-compare]
    if ( PWM_mReadReg (baseaddr, read_loop_index*4) != (read_loop_index+1)*READ_WRITE_MUL_FACTOR){
                                                    ^~
PWM_selftest.c:36:6: warning: unused variable 'Index' [-Wunused-variable]
  int Index;
      ^~~~~
Running Make libs in microblaze_0/libsrc/bram_v4_2/src
make -C microblaze_0/libsrc/bram_v4_2/src -s libs  "SHELL=/bin/sh" "COMPILER=mb-gcc" "ARCHIVER=mb-ar" "COMPILER_FLAGS= -O2 -c -mcpu=v10.0 -mlittle-endian -mno-xl-soft-div -mno-xl-soft-mul -mxl-barrel-shift" "EXTRA_COMPILER_FLAGS=-ffunction-sections -fdata-sections -Wall -Wextra"
Compiling bram
Running Make libs in microblaze_0/libsrc/gpio_v4_3/src
make -C microblaze_0/libsrc/gpio_v4_3/src -s libs  "SHELL=/bin/sh" "COMPILER=mb-gcc" "ARCHIVER=mb-ar" "COMPILER_FLAGS= -O2 -c -mcpu=v10.0 -mlittle-endian -mno-xl-soft-div -mno-xl-soft-mul -mxl-barrel-shift" "EXTRA_COMPILER_FLAGS=-ffunction-sections -fdata-sections -Wall -Wextra"
Compiling gpio
Running Make libs in microblaze_0/libsrc/iicps_v3_5/src
make -C microblaze_0/libsrc/iicps_v3_5/src -s libs  "SHELL=/bin/sh" "COMPILER=mb-gcc" "ARCHIVER=mb-ar" "COMPILER_FLAGS= -O2 -c -mcpu=v10.0 -mlittle-endian -mno-xl-soft-div -mno-xl-soft-mul -mxl-barrel-shift" "EXTRA_COMPILER_FLAGS=-ffunction-sections -fdata-sections -Wall -Wextra"
Compiling iicps
Running Make libs in microblaze_0/libsrc/sdps_v3_3/src
make -C microblaze_0/libsrc/sdps_v3_3/src -s libs  "SHELL=/bin/sh" "COMPILER=mb-gcc" "ARCHIVER=mb-ar" "COMPILER_FLAGS= -O2 -c -mcpu=v10.0 -mlittle-endian -mno-xl-soft-div -mno-xl-soft-mul -mxl-barrel-shift" "EXTRA_COMPILER_FLAGS=-ffunction-sections -fdata-sections -Wall -Wextra"
Compiling sdps
Running Make libs in microblaze_0/libsrc/emacps_v3_6/src
make -C microblaze_0/libsrc/emacps_v3_6/src -s libs  "SHELL=/bin/sh" "COMPILER=mb-gcc" "ARCHIVER=mb-ar" "COMPILER_FLAGS= -O2 -c -mcpu=v10.0 -mlittle-endian -mno-xl-soft-div -mno-xl-soft-mul -mxl-barrel-shift" "EXTRA_COMPILER_FLAGS=-ffunction-sections -fdata-sections -Wall -Wextra"
Compiling emacps
Running Make libs in microblaze_0/libsrc/intc_v3_7/src
make -C microblaze_0/libsrc/intc_v3_7/src -s libs  "SHELL=/bin/sh" "COMPILER=mb-gcc" "ARCHIVER=mb-ar" "COMPILER_FLAGS= -O2 -c -mcpu=v10.0 -mlittle-endian -mno-xl-soft-div -mno-xl-soft-mul -mxl-barrel-shift" "EXTRA_COMPILER_FLAGS=-ffunction-sections -fdata-sections -Wall -Wextra"
Compiling intc
Running Make libs in microblaze_0/libsrc/usbps_v2_4/src
make -C microblaze_0/libsrc/usbps_v2_4/src -s libs  "SHELL=/bin/sh" "COMPILER=mb-gcc" "ARCHIVER=mb-ar" "COMPILER_FLAGS= -O2 -c -mcpu=v10.0 -mlittle-endian -mno-xl-soft-div -mno-xl-soft-mul -mxl-barrel-shift" "EXTRA_COMPILER_FLAGS=-ffunction-sections -fdata-sections -Wall -Wextra"
Compiling usbps
Running Make libs in microblaze_0/libsrc/uartps_v3_5/src
make -C microblaze_0/libsrc/uartps_v3_5/src -s libs  "SHELL=/bin/sh" "COMPILER=mb-gcc" "ARCHIVER=mb-ar" "COMPILER_FLAGS= -O2 -c -mcpu=v10.0 -mlittle-endian -mno-xl-soft-div -mno-xl-soft-mul -mxl-barrel-shift" "EXTRA_COMPILER_FLAGS=-ffunction-sections -fdata-sections -Wall -Wextra"
Compiling uartps
Finished building libraries
13:11:47 **** Auto Build of configuration Debug for project Test_Run ****
make all 
Building file: ../src/AES/aes.c
Invoking: MicroBlaze gcc compiler
mb-gcc -Wall -O0 -g3 -c -fmessage-length=0 -MT"src/AES/aes.o" -I../../Test_Run_bsp/microblaze_0/include -mlittle-endian -mxl-barrel-shift -mno-xl-soft-div -mcpu=v10.0 -mno-xl-soft-mul -Wl,--no-relax -ffunction-sections -fdata-sections -MMD -MP -MF"src/AES/aes.d" -MT"src/AES/aes.o" -o "src/AES/aes.o" "../src/AES/aes.c"
../src/AES/aes.c:147:16: warning: 'getSBoxInvert' defined but not used [-Wunused-function]
 static uint8_t getSBoxInvert(uint8_t num)
                ^~~~~~~~~~~~~
../src/AES/aes.c:140:16: warning: 'getSBoxValue' defined but not used [-Wunused-function]
 static uint8_t getSBoxValue(uint8_t num)
                ^~~~~~~~~~~~
Finished building: ../src/AES/aes.c
 
Building file: ../src/AES/aes_decrypt_driver.c
Invoking: MicroBlaze gcc compiler
mb-gcc -Wall -O0 -g3 -c -fmessage-length=0 -MT"src/AES/aes_decrypt_driver.o" -I../../Test_Run_bsp/microblaze_0/include -mlittle-endian -mxl-barrel-shift -mno-xl-soft-div -mcpu=v10.0 -mno-xl-soft-mul -Wl,--no-relax -ffunction-sections -fdata-sections -MMD -MP -MF"src/AES/aes_decrypt_driver.d" -MT"src/AES/aes_decrypt_driver.o" -o "src/AES/aes_decrypt_driver.o" "../src/AES/aes_decrypt_driver.c"
Finished building: ../src/AES/aes_decrypt_driver.c
 
Building file: ../src/main.c
Invoking: MicroBlaze gcc compiler
mb-gcc -Wall -O0 -g3 -c -fmessage-length=0 -MT"src/main.o" -I../../Test_Run_bsp/microblaze_0/include -mlittle-endian -mxl-barrel-shift -mno-xl-soft-div -mcpu=v10.0 -mno-xl-soft-mul -Wl,--no-relax -ffunction-sections -fdata-sections -MMD -MP -MF"src/main.d" -MT"src/main.o" -o "src/main.o" "../src/main.c"
Finished building: ../src/main.c
 
Building file: ../src/platform.c
Invoking: MicroBlaze gcc compiler
mb-gcc -Wall -O0 -g3 -c -fmessage-length=0 -MT"src/platform.o" -I../../Test_Run_bsp/microblaze_0/include -mlittle-endian -mxl-barrel-shift -mno-xl-soft-div -mcpu=v10.0 -mno-xl-soft-mul -Wl,--no-relax -ffunction-sections -fdata-sections -MMD -MP -MF"src/platform.d" -MT"src/platform.o" -o "src/platform.o" "../src/platform.c"
Finished building: ../src/platform.c
 
Building file: ../src/util.c
Invoking: MicroBlaze gcc compiler
mb-gcc -Wall -O0 -g3 -c -fmessage-length=0 -MT"src/util.o" -I../../Test_Run_bsp/microblaze_0/include -mlittle-endian -mxl-barrel-shift -mno-xl-soft-div -mcpu=v10.0 -mno-xl-soft-mul -Wl,--no-relax -ffunction-sections -fdata-sections -MMD -MP -MF"src/util.d" -MT"src/util.o" -o "src/util.o" "../src/util.c"
Finished building: ../src/util.c
 
Building target: Test_Run.elf
Invoking: MicroBlaze gcc linker
mb-gcc -Wl,-T -Wl,../src/lscript.ld -L../../Test_Run_bsp/microblaze_0/lib -mlittle-endian -mxl-barrel-shift -mno-xl-soft-div -mcpu=v10.0 -mno-xl-soft-mul -Wl,--no-relax -Wl,--gc-sections -o "Test_Run.elf"  ./src/HASH/md5.o ./src/HASH/sha1.o ./src/HASH/sha256.o  ./src/ECC/uECC.o  ./src/AES/aes.o ./src/AES/aes_decrypt_driver.o  ./src/main.o ./src/platform.o ./src/tests_1.o ./src/util.o   -Wl,--start-group,-lxil,-lgcc,-lc,--end-group
Finished building target: Test_Run.elf
 
Invoking: MicroBlaze Print Size
mb-size Test_Run.elf  |tee "Test_Run.elf.size"
   text	   data	    bss	    dec	    hex	filename
  38652	   1464	  21468	  61584	   f090	Test_Run.elf
Finished building: Test_Run.elf.size
 
13:12:01 **** Auto Build of configuration Debug for project Test_Run ****
make all 
Building file: ../src/HASH/sha256.c
Invoking: MicroBlaze gcc compiler
mb-gcc -Wall -O0 -g3 -c -fmessage-length=0 -MT"src/HASH/sha256.o" -I../../Test_Run_bsp/microblaze_0/include -mlittle-endian -mxl-barrel-shift -mno-xl-soft-div -mcpu=v10.0 -mno-xl-soft-mul -Wl,--no-relax -ffunction-sections -fdata-sections -MMD -MP -MF"src/HASH/sha256.d" -MT"src/HASH/sha256.o" -o "src/HASH/sha256.o" "../src/HASH/sha256.c"
../src/HASH/sha256.c:17:20: fatal error: memory.h: No such file or directory
 #include <memory.h>
                    ^
compilation terminated.
make: *** [src/HASH/sha256.o] Error 1
src/HASH/subdir.mk:24: recipe for target 'src/HASH/sha256.o' failed
13:12:10 **** Auto Build of configuration Debug for project Test_Run ****
make all 
Building file: ../src/HASH/sha256.c
Invoking: MicroBlaze gcc compiler
mb-gcc -Wall -O0 -g3 -c -fmessage-length=0 -MT"src/HASH/sha256.o" -I../../Test_Run_bsp/microblaze_0/include -mlittle-endian -mxl-barrel-shift -mno-xl-soft-div -mcpu=v10.0 -mno-xl-soft-mul -Wl,--no-relax -ffunction-sections -fdata-sections -MMD -MP -MF"src/HASH/sha256.d" -MT"src/HASH/sha256.o" -o "src/HASH/sha256.o" "../src/HASH/sha256.c"
In file included from ../src/HASH/sha256.c:18:0:
../src/HASH/sha256.h:17:26: error: unknown type name 'uint8_t'
 void sha256_compute_hash(uint8_t * data, uint32_t datalen, uint8_t init, uint8_t * hash_out);
                          ^~~~~~~
../src/HASH/sha256.h:17:42: error: unknown type name 'uint32_t'
 void sha256_compute_hash(uint8_t * data, uint32_t datalen, uint8_t init, uint8_t * hash_out);
                                          ^~~~~~~~
../src/HASH/sha256.h:17:60: error: unknown type name 'uint8_t'
 void sha256_compute_hash(uint8_t * data, uint32_t datalen, uint8_t init, uint8_t * hash_out);
                                                            ^~~~~~~
../src/HASH/sha256.h:17:74: error: unknown type name 'uint8_t'
 void sha256_compute_hash(uint8_t * data, uint32_t datalen, uint8_t init, uint8_t * hash_out);
                                                                          ^~~~~~~
../src/HASH/sha256.c: In function 'pad':
../src/HASH/sha256.c:55:6: error: 'datalen' undeclared (first use in this function)
  i = datalen;
      ^~~~~~~
../src/HASH/sha256.c:55:6: note: each undeclared identifier is reported only once for each function it appears in
../src/HASH/sha256.c:67:3: warning: implicit declaration of function 'sha256_transform' [-Wimplicit-function-declaration]
   sha256_transform(ctx, ctx->data);
   ^~~~~~~~~~~~~~~~
../src/HASH/sha256.c:67:20: error: 'ctx' undeclared (first use in this function)
   sha256_transform(ctx, ctx->data);
                    ^~~
../src/HASH/sha256.c: In function 'read_digest':
../src/HASH/sha256.c:87:11: error: 'block' undeclared (first use in this function)
src/HASH/subdir.mk:24: recipe for target 'src/HASH/sha256.o' failed
   *(u32*)(block+i) = Xil_In32BE(SHA_BASEADDR + SHA_DIGEST_OFFSET + i);
           ^~~~~
../src/HASH/sha256.c: In function 'digest_block':
../src/HASH/sha256.c:95:2: error: expected ';' before 'if'
  if(init){
  ^~
../src/HASH/sha256.c: In function 'sha256_compute_hash':
../src/HASH/sha256.c:106:24: error: invalid initializer
  uint8_t buffer[512] = 0;
                        ^
../src/HASH/sha256.c:120:1: error: expected ';' before '}' token
 }
 ^
make: *** [src/HASH/sha256.o] Error 1
13:12:52 **** Auto Build of configuration Debug for project Test_Run ****
make all 
Building file: ../src/HASH/sha256.c
Invoking: MicroBlaze gcc compiler
mb-gcc -Wall -O0 -g3 -c -fmessage-length=0 -MT"src/HASH/sha256.o" -I../../Test_Run_bsp/microblaze_0/include -mlittle-endian -mxl-barrel-shift -mno-xl-soft-div -mcpu=v10.0 -mno-xl-soft-mul -Wl,--no-relax -ffunction-sections -fdata-sections -MMD -MP -MF"src/HASH/sha256.d" -MT"src/HASH/sha256.o" -o "src/HASH/sha256.o" "../src/HASH/sha256.c"
In file included from ../src/HASH/sha256.c:18:0:
../src/HASH/sha256.h:17:26: error: unknown type name 'uint8_t'
 void sha256_compute_hash(uint8_t * data, uint32_t datalen, uint8_t init, uint8_t * hash_out);
                          ^~~~~~~
../src/HASH/sha256.h:17:42: error: unknown type name 'uint32_t'
 void sha256_compute_hash(uint8_t * data, uint32_t datalen, uint8_t init, uint8_t * hash_out);
                                          ^~~~~~~~
../src/HASH/sha256.h:17:60: error: unknown type name 'uint8_t'
 void sha256_compute_hash(uint8_t * data, uint32_t datalen, uint8_t init, uint8_t * hash_out);
                                                            ^~~~~~~
../src/HASH/sha256.h:17:74: error: unknown type name 'uint8_t'
 void sha256_compute_hash(uint8_t * data, uint32_t datalen, uint8_t init, uint8_t * hash_out);
                                                                          ^~~~~~~
../src/HASH/sha256.c: In function 'pad':
../src/HASH/sha256.c:55:6: error: 'datalen' undeclared (first use in this function)
  i = datalen;
      ^~~~~~~
../src/HASH/sha256.c:55:6: note: each undeclared identifier is reported only once for each function it appears in
../src/HASH/sha256.c: In function 'read_digest':
../src/HASH/sha256.c:87:11: error: 'block' undeclared (first use in this function)
   *(u32*)(block+i) = Xil_In32BE(SHA_BASEADDR + SHA_DIGEST_OFFSET + i);
           ^~~~~
../src/HASH/sha256.c: In function 'digest_block':
../src/HASH/sha256.c:95:2: error: expected ';' before 'if'
  if(init){
  ^~
../src/HASH/sha256.c: In function 'sha256_compute_hash':
../src/HASH/sha256.c:106:24: error: invalid initializer
  uint8_t buffer[512] = 0;
                        ^
../src/HASH/sha256.c:120:1: error: expected ';' before '}' token
src/HASH/subdir.mk:24: recipe for target 'src/HASH/sha256.o' failed
 }
 ^
make: *** [src/HASH/sha256.o] Error 1
13:13:02 **** Auto Build of configuration Debug for project Test_Run ****
make all 
Building file: ../src/HASH/sha256.c
Invoking: MicroBlaze gcc compiler
mb-gcc -Wall -O0 -g3 -c -fmessage-length=0 -MT"src/HASH/sha256.o" -I../../Test_Run_bsp/microblaze_0/include -mlittle-endian -mxl-barrel-shift -mno-xl-soft-div -mcpu=v10.0 -mno-xl-soft-mul -Wl,--no-relax -ffunction-sections -fdata-sections -MMD -MP -MF"src/HASH/sha256.d" -MT"src/HASH/sha256.o" -o "src/HASH/sha256.o" "../src/HASH/sha256.c"
In file included from ../src/HASH/sha256.c:18:0:
../src/HASH/sha256.h:17:26: error: unknown type name 'uint8_t'
 void sha256_compute_hash(uint8_t * data, uint32_t datalen, uint8_t init, uint8_t * hash_out);
                          ^~~~~~~
../src/HASH/sha256.h:17:42: error: unknown type name 'uint32_t'
 void sha256_compute_hash(uint8_t * data, uint32_t datalen, uint8_t init, uint8_t * hash_out);
                                          ^~~~~~~~
../src/HASH/sha256.h:17:60: error: unknown type name 'uint8_t'
 void sha256_compute_hash(uint8_t * data, uint32_t datalen, uint8_t init, uint8_t * hash_out);
                                                            ^~~~~~~
../src/HASH/sha256.h:17:74: error: unknown type name 'uint8_t'
 void sha256_compute_hash(uint8_t * data, uint32_t datalen, uint8_t init, uint8_t * hash_out);
                                                                          ^~~~~~~
../src/HASH/sha256.c: In function 'read_digest':
../src/HASH/sha256.c:87:11: error: 'block' undeclared (first use in this function)
   *(u32*)(block+i) = Xil_In32BE(SHA_BASEADDR + SHA_DIGEST_OFFSET + i);
           ^~~~~
../src/HASH/sha256.c:87:11: note: each undeclared identifier is reported only once for each function it appears in
../src/HASH/sha256.c: In function 'digest_block':
../src/HASH/sha256.c:95:2: error: expected ';' before 'if'
  if(init){
  ^~
../src/HASH/sha256.c: In function 'sha256_compute_hash':
../src/HASH/sha256.c:106:24: error: invalid initializer
  uint8_t buffer[512] = 0;
                        ^
../src/HASH/sha256.c:120:1: error: expected ';' before '}' token
 }
 ^
src/HASH/subdir.mk:24: recipe for target 'src/HASH/sha256.o' failed
make: *** [src/HASH/sha256.o] Error 1
13:13:23 **** Auto Build of configuration Debug for project Test_Run ****
make all 
Building file: ../src/HASH/sha256.c
Invoking: MicroBlaze gcc compiler
mb-gcc -Wall -O0 -g3 -c -fmessage-length=0 -MT"src/HASH/sha256.o" -I../../Test_Run_bsp/microblaze_0/include -mlittle-endian -mxl-barrel-shift -mno-xl-soft-div -mcpu=v10.0 -mno-xl-soft-mul -Wl,--no-relax -ffunction-sections -fdata-sections -MMD -MP -MF"src/HASH/sha256.d" -MT"src/HASH/sha256.o" -o "src/HASH/sha256.o" "../src/HASH/sha256.c"
In file included from ../src/HASH/sha256.c:18:0:
../src/HASH/sha256.h:17:26: error: unknown type name 'uint8_t'
 void sha256_compute_hash(uint8_t * data, uint32_t datalen, uint8_t init, uint8_t * hash_out);
                          ^~~~~~~
../src/HASH/sha256.h:17:42: error: unknown type name 'uint32_t'
 void sha256_compute_hash(uint8_t * data, uint32_t datalen, uint8_t init, uint8_t * hash_out);
                                          ^~~~~~~~
../src/HASH/sha256.h:17:60: error: unknown type name 'uint8_t'
 void sha256_compute_hash(uint8_t * data, uint32_t datalen, uint8_t init, uint8_t * hash_out);
                                                            ^~~~~~~
../src/HASH/sha256.h:17:74: error: unknown type name 'uint8_t'
 void sha256_compute_hash(uint8_t * data, uint32_t datalen, uint8_t init, uint8_t * hash_out);
                                                                          ^~~~~~~
../src/HASH/sha256.c: In function 'digest_block':
../src/HASH/sha256.c:95:2: error: expected ';' before 'if'
  if(init){
  ^~
../src/HASH/sha256.c: In function 'sha256_compute_hash':
../src/HASH/sha256.c:106:24: error: invalid initializer
  uint8_t buffer[512] = 0;
                        ^
../src/HASH/sha256.c:120:1: error: expected ';' before '}' token
 }
 ^
src/HASH/subdir.mk:24: recipe for target 'src/HASH/sha256.o' failed
make: *** [src/HASH/sha256.o] Error 1
13:13:33 **** Auto Build of configuration Debug for project Test_Run ****
make all 
Building file: ../src/HASH/sha256.c
Invoking: MicroBlaze gcc compiler
mb-gcc -Wall -O0 -g3 -c -fmessage-length=0 -MT"src/HASH/sha256.o" -I../../Test_Run_bsp/microblaze_0/include -mlittle-endian -mxl-barrel-shift -mno-xl-soft-div -mcpu=v10.0 -mno-xl-soft-mul -Wl,--no-relax -ffunction-sections -fdata-sections -MMD -MP -MF"src/HASH/sha256.d" -MT"src/HASH/sha256.o" -o "src/HASH/sha256.o" "../src/HASH/sha256.c"
In file included from ../src/HASH/sha256.c:18:0:
../src/HASH/sha256.h:17:26: error: unknown type name 'uint8_t'
 void sha256_compute_hash(uint8_t * data, uint32_t datalen, uint8_t init, uint8_t * hash_out);
                          ^~~~~~~
../src/HASH/sha256.h:17:42: error: unknown type name 'uint32_t'
 void sha256_compute_hash(uint8_t * data, uint32_t datalen, uint8_t init, uint8_t * hash_out);
                                          ^~~~~~~~
../src/HASH/sha256.h:17:60: error: unknown type name 'uint8_t'
 void sha256_compute_hash(uint8_t * data, uint32_t datalen, uint8_t init, uint8_t * hash_out);
                                                            ^~~~~~~
../src/HASH/sha256.h:17:74: error: unknown type name 'uint8_t'
 void sha256_compute_hash(uint8_t * data, uint32_t datalen, uint8_t init, uint8_t * hash_out);
                                                                          ^~~~~~~
../src/HASH/sha256.c: In function 'sha256_compute_hash':
../src/HASH/sha256.c:106:24: error: invalid initializer
  uint8_t buffer[512] = 0;
                        ^
../src/HASH/sha256.c:120:1: error: expected ';' before '}' token
 }
 ^
src/HASH/subdir.mk:24: recipe for target 'src/HASH/sha256.o' failed
make: *** [src/HASH/sha256.o] Error 1
13:13:52 **** Auto Build of configuration Debug for project Test_Run ****
make all 
Building file: ../src/HASH/sha256.c
Invoking: MicroBlaze gcc compiler
mb-gcc -Wall -O0 -g3 -c -fmessage-length=0 -MT"src/HASH/sha256.o" -I../../Test_Run_bsp/microblaze_0/include -mlittle-endian -mxl-barrel-shift -mno-xl-soft-div -mcpu=v10.0 -mno-xl-soft-mul -Wl,--no-relax -ffunction-sections -fdata-sections -MMD -MP -MF"src/HASH/sha256.d" -MT"src/HASH/sha256.o" -o "src/HASH/sha256.o" "../src/HASH/sha256.c"
In file included from ../src/HASH/sha256.c:18:0:
../src/HASH/sha256.h:17:26: error: unknown type name 'uint8_t'
 void sha256_compute_hash(uint8_t * data, uint32_t datalen, uint8_t init, uint8_t * hash_out);
                          ^~~~~~~
../src/HASH/sha256.h:17:42: error: unknown type name 'uint32_t'
 void sha256_compute_hash(uint8_t * data, uint32_t datalen, uint8_t init, uint8_t * hash_out);
                                          ^~~~~~~~
../src/HASH/sha256.h:17:60: error: unknown type name 'uint8_t'
 void sha256_compute_hash(uint8_t * data, uint32_t datalen, uint8_t init, uint8_t * hash_out);
                                                            ^~~~~~~
../src/HASH/sha256.h:17:74: error: unknown type name 'uint8_t'
 void sha256_compute_hash(uint8_t * data, uint32_t datalen, uint8_t init, uint8_t * hash_out);
                                                                          ^~~~~~~
../src/HASH/sha256.c: In function 'sha256_compute_hash':
../src/HASH/sha256.c:107:24: error: invalid initializer
  uint8_t buffer[512] = 0;
                        ^
../src/HASH/sha256.c:121:1: error: expected ';' before '}' token
 }
 ^
src/HASH/subdir.mk:24: recipe for target 'src/HASH/sha256.o' failed
make: *** [src/HASH/sha256.o] Error 1
13:14:47 **** Auto Build of configuration Debug for project Test_Run ****
make all 
Building file: ../src/HASH/sha256.c
Invoking: MicroBlaze gcc compiler
mb-gcc -Wall -O0 -g3 -c -fmessage-length=0 -MT"src/HASH/sha256.o" -I../../Test_Run_bsp/microblaze_0/include -mlittle-endian -mxl-barrel-shift -mno-xl-soft-div -mcpu=v10.0 -mno-xl-soft-mul -Wl,--no-relax -ffunction-sections -fdata-sections -MMD -MP -MF"src/HASH/sha256.d" -MT"src/HASH/sha256.o" -o "src/HASH/sha256.o" "../src/HASH/sha256.c"
In file included from ../src/HASH/sha256.c:18:0:
../src/HASH/sha256.h:17:26: error: unknown type name 'uint8_t'
 void sha256_compute_hash(uint8_t * data, uint32_t datalen, uint8_t init, uint8_t * hash_out);
                          ^~~~~~~
../src/HASH/sha256.h:17:42: error: unknown type name 'uint32_t'
 void sha256_compute_hash(uint8_t * data, uint32_t datalen, uint8_t init, uint8_t * hash_out);
                                          ^~~~~~~~
../src/HASH/sha256.h:17:60: error: unknown type name 'uint8_t'
 void sha256_compute_hash(uint8_t * data, uint32_t datalen, uint8_t init, uint8_t * hash_out);
                                                            ^~~~~~~
../src/HASH/sha256.h:17:74: error: unknown type name 'uint8_t'
 void sha256_compute_hash(uint8_t * data, uint32_t datalen, uint8_t init, uint8_t * hash_out);
                                                                          ^~~~~~~
../src/HASH/sha256.c: In function 'sha256_compute_hash':
../src/HASH/sha256.c:115:24: error: invalid initializer
  uint8_t buffer[512] = 0;
                        ^
../src/HASH/sha256.c:129:1: error: expected ';' before '}' token
 }
 ^
../src/HASH/sha256.c: In function 'sha256_digest_complete':
../src/HASH/sha256.c:54:1: warning: control reaches end of non-void function [-Wreturn-type]
 }
 ^
../src/HASH/sha256.c: In function 'sha256_ready':
../src/HASH/sha256.c:58:1: warning: control reaches end of non-void function [-Wreturn-type]
 }
 ^
src/HASH/subdir.mk:24: recipe for target 'src/HASH/sha256.o' failed
make: *** [src/HASH/sha256.o] Error 1
13:15:45 **** Auto Build of configuration Debug for project Test_Run ****
make all 
Building file: ../src/HASH/sha256.c
Invoking: MicroBlaze gcc compiler
mb-gcc -Wall -O0 -g3 -c -fmessage-length=0 -MT"src/HASH/sha256.o" -I../../Test_Run_bsp/microblaze_0/include -mlittle-endian -mxl-barrel-shift -mno-xl-soft-div -mcpu=v10.0 -mno-xl-soft-mul -Wl,--no-relax -ffunction-sections -fdata-sections -MMD -MP -MF"src/HASH/sha256.d" -MT"src/HASH/sha256.o" -o "src/HASH/sha256.o" "../src/HASH/sha256.c"
In file included from ../src/HASH/sha256.c:18:0:
../src/HASH/sha256.h:17:26: error: unknown type name 'uint8_t'
 void sha256_compute_hash(uint8_t * data, uint32_t datalen, uint8_t init, uint8_t * hash_out);
                          ^~~~~~~
../src/HASH/sha256.h:17:42: error: unknown type name 'uint32_t'
 void sha256_compute_hash(uint8_t * data, uint32_t datalen, uint8_t init, uint8_t * hash_out);
                                          ^~~~~~~~
../src/HASH/sha256.h:17:60: error: unknown type name 'uint8_t'
 void sha256_compute_hash(uint8_t * data, uint32_t datalen, uint8_t init, uint8_t * hash_out);
                                                            ^~~~~~~
../src/HASH/sha256.h:17:74: error: unknown type name 'uint8_t'
 void sha256_compute_hash(uint8_t * data, uint32_t datalen, uint8_t init, uint8_t * hash_out);
                                                                          ^~~~~~~
../src/HASH/sha256.c: In function 'sha256_compute_hash':
../src/HASH/sha256.c:116:24: error: invalid initializer
  uint8_t buffer[512] = 0;
                        ^
../src/HASH/sha256.c:130:1: error: expected ';' before '}' token
 }
 ^
../src/HASH/sha256.c: In function 'sha256_digest_complete':
../src/HASH/sha256.c:55:1: warning: control reaches end of non-void function [-Wreturn-type]
 }
 ^
../src/HASH/sha256.c: In function 'sha256_ready':
../src/HASH/sha256.c:59:1: warning: control reaches end of non-void function [-Wreturn-type]
 }
 ^
make: *** [src/HASH/sha256.o] Error 1
src/HASH/subdir.mk:24: recipe for target 'src/HASH/sha256.o' failed
13:16:53 **** Auto Build of configuration Debug for project Test_Run ****
make all 
Building file: ../src/HASH/sha256.c
Invoking: MicroBlaze gcc compiler
mb-gcc -Wall -O0 -g3 -c -fmessage-length=0 -MT"src/HASH/sha256.o" -I../../Test_Run_bsp/microblaze_0/include -mlittle-endian -mxl-barrel-shift -mno-xl-soft-div -mcpu=v10.0 -mno-xl-soft-mul -Wl,--no-relax -ffunction-sections -fdata-sections -MMD -MP -MF"src/HASH/sha256.d" -MT"src/HASH/sha256.o" -o "src/HASH/sha256.o" "../src/HASH/sha256.c"
In file included from ../src/HASH/sha256.c:18:0:
../src/HASH/sha256.h:17:26: error: unknown type name 'uint8_t'
 void sha256_compute_hash(uint8_t * data, uint32_t datalen, uint8_t init, uint8_t * hash_out);
                          ^~~~~~~
../src/HASH/sha256.h:17:42: error: unknown type name 'uint32_t'
 void sha256_compute_hash(uint8_t * data, uint32_t datalen, uint8_t init, uint8_t * hash_out);
                                          ^~~~~~~~
../src/HASH/sha256.h:17:60: error: unknown type name 'uint8_t'
 void sha256_compute_hash(uint8_t * data, uint32_t datalen, uint8_t init, uint8_t * hash_out);
                                                            ^~~~~~~
../src/HASH/sha256.h:17:74: error: unknown type name 'uint8_t'
 void sha256_compute_hash(uint8_t * data, uint32_t datalen, uint8_t init, uint8_t * hash_out);
                                                                          ^~~~~~~
../src/HASH/sha256.c: In function 'sha256_compute_hash':
../src/HASH/sha256.c:116:24: error: invalid initializer
  uint8_t buffer[512] = 0;
                        ^
../src/HASH/sha256.c:130:1: error: expected ';' before '}' token
 }
 ^
../src/HASH/sha256.c: In function 'sha256_ready':
../src/HASH/sha256.c:59:1: warning: control reaches end of non-void function [-Wreturn-type]
 }
 ^
make: *** [src/HASH/sha256.o] Error 1
src/HASH/subdir.mk:24: recipe for target 'src/HASH/sha256.o' failed
13:17:53 **** Auto Build of configuration Debug for project Test_Run ****
make all 
Building file: ../src/HASH/sha256.c
Invoking: MicroBlaze gcc compiler
mb-gcc -Wall -O0 -g3 -c -fmessage-length=0 -MT"src/HASH/sha256.o" -I../../Test_Run_bsp/microblaze_0/include -mlittle-endian -mxl-barrel-shift -mno-xl-soft-div -mcpu=v10.0 -mno-xl-soft-mul -Wl,--no-relax -ffunction-sections -fdata-sections -MMD -MP -MF"src/HASH/sha256.d" -MT"src/HASH/sha256.o" -o "src/HASH/sha256.o" "../src/HASH/sha256.c"
In file included from ../src/HASH/sha256.c:18:0:
../src/HASH/sha256.h:17:26: error: unknown type name 'uint8_t'
 void sha256_compute_hash(uint8_t * data, uint32_t datalen, uint8_t init, uint8_t * hash_out);
                          ^~~~~~~
../src/HASH/sha256.h:17:42: error: unknown type name 'uint32_t'
 void sha256_compute_hash(uint8_t * data, uint32_t datalen, uint8_t init, uint8_t * hash_out);
                                          ^~~~~~~~
../src/HASH/sha256.h:17:60: error: unknown type name 'uint8_t'
 void sha256_compute_hash(uint8_t * data, uint32_t datalen, uint8_t init, uint8_t * hash_out);
                                                            ^~~~~~~
../src/HASH/sha256.h:17:74: error: unknown type name 'uint8_t'
 void sha256_compute_hash(uint8_t * data, uint32_t datalen, uint8_t init, uint8_t * hash_out);
                                                                          ^~~~~~~
../src/HASH/sha256.c: In function 'sha256_compute_hash':
../src/HASH/sha256.c:116:24: error: invalid initializer
  uint8_t buffer[512] = 0;
                        ^
../src/HASH/sha256.c:130:1: error: expected ';' before '}' token
 }
 ^
src/HASH/subdir.mk:24: recipe for target 'src/HASH/sha256.o' failed
make: *** [src/HASH/sha256.o] Error 1
13:20:07 **** Auto Build of configuration Debug for project Test_Run ****
make all 
Building file: ../src/HASH/sha256.c
Invoking: MicroBlaze gcc compiler
mb-gcc -Wall -O0 -g3 -c -fmessage-length=0 -MT"src/HASH/sha256.o" -I../../Test_Run_bsp/microblaze_0/include -mlittle-endian -mxl-barrel-shift -mno-xl-soft-div -mcpu=v10.0 -mno-xl-soft-mul -Wl,--no-relax -ffunction-sections -fdata-sections -MMD -MP -MF"src/HASH/sha256.d" -MT"src/HASH/sha256.o" -o "src/HASH/sha256.o" "../src/HASH/sha256.c"
In file included from ../src/HASH/sha256.c:18:0:
../src/HASH/sha256.h:17:26: error: unknown type name 'uint8_t'
 void sha256_compute_hash(uint8_t * data, uint32_t datalen, uint8_t init, uint8_t * hash_out);
                          ^~~~~~~
../src/HASH/sha256.h:17:42: error: unknown type name 'uint32_t'
 void sha256_compute_hash(uint8_t * data, uint32_t datalen, uint8_t init, uint8_t * hash_out);
                                          ^~~~~~~~
../src/HASH/sha256.h:17:60: error: unknown type name 'uint8_t'
 void sha256_compute_hash(uint8_t * data, uint32_t datalen, uint8_t init, uint8_t * hash_out);
                                                            ^~~~~~~
../src/HASH/sha256.h:17:74: error: unknown type name 'uint8_t'
 void sha256_compute_hash(uint8_t * data, uint32_t datalen, uint8_t init, uint8_t * hash_out);
                                                                          ^~~~~~~
../src/HASH/sha256.c: In function 'sha256_compute_hash':
../src/HASH/sha256.c:119:24: error: invalid initializer
  uint8_t buffer[512] = 0;
                        ^
../src/HASH/sha256.c:133:1: error: expected ';' before '}' token
 }
 ^
src/HASH/subdir.mk:24: recipe for target 'src/HASH/sha256.o' failed
make: *** [src/HASH/sha256.o] Error 1
13:20:14 **** Auto Build of configuration Debug for project Test_Run ****
make all 
Building file: ../src/HASH/sha256.c
Invoking: MicroBlaze gcc compiler
mb-gcc -Wall -O0 -g3 -c -fmessage-length=0 -MT"src/HASH/sha256.o" -I../../Test_Run_bsp/microblaze_0/include -mlittle-endian -mxl-barrel-shift -mno-xl-soft-div -mcpu=v10.0 -mno-xl-soft-mul -Wl,--no-relax -ffunction-sections -fdata-sections -MMD -MP -MF"src/HASH/sha256.d" -MT"src/HASH/sha256.o" -o "src/HASH/sha256.o" "../src/HASH/sha256.c"
In file included from ../src/HASH/sha256.c:18:0:
../src/HASH/sha256.h:17:26: error: unknown type name 'uint8_t'
 void sha256_compute_hash(uint8_t * data, uint32_t datalen, uint8_t init, uint8_t * hash_out);
                          ^~~~~~~
../src/HASH/sha256.h:17:42: error: unknown type name 'uint32_t'
 void sha256_compute_hash(uint8_t * data, uint32_t datalen, uint8_t init, uint8_t * hash_out);
                                          ^~~~~~~~
../src/HASH/sha256.h:17:60: error: unknown type name 'uint8_t'
 void sha256_compute_hash(uint8_t * data, uint32_t datalen, uint8_t init, uint8_t * hash_out);
                                                            ^~~~~~~
../src/HASH/sha256.h:17:74: error: unknown type name 'uint8_t'
 void sha256_compute_hash(uint8_t * data, uint32_t datalen, uint8_t init, uint8_t * hash_out);
                                                                          ^~~~~~~
../src/HASH/sha256.c: In function 'sha256_compute_hash':
../src/HASH/sha256.c:133:1: error: expected ';' before '}' token
 }
 ^
src/HASH/subdir.mk:24: recipe for target 'src/HASH/sha256.o' failed
make: *** [src/HASH/sha256.o] Error 1
13:20:18 **** Auto Build of configuration Debug for project Test_Run ****
make all 
Building file: ../src/HASH/sha256.c
Invoking: MicroBlaze gcc compiler
mb-gcc -Wall -O0 -g3 -c -fmessage-length=0 -MT"src/HASH/sha256.o" -I../../Test_Run_bsp/microblaze_0/include -mlittle-endian -mxl-barrel-shift -mno-xl-soft-div -mcpu=v10.0 -mno-xl-soft-mul -Wl,--no-relax -ffunction-sections -fdata-sections -MMD -MP -MF"src/HASH/sha256.d" -MT"src/HASH/sha256.o" -o "src/HASH/sha256.o" "../src/HASH/sha256.c"
In file included from ../src/HASH/sha256.c:18:0:
../src/HASH/sha256.h:17:26: error: unknown type name 'uint8_t'
 void sha256_compute_hash(uint8_t * data, uint32_t datalen, uint8_t init, uint8_t * hash_out);
                          ^~~~~~~
../src/HASH/sha256.h:17:42: error: unknown type name 'uint32_t'
 void sha256_compute_hash(uint8_t * data, uint32_t datalen, uint8_t init, uint8_t * hash_out);
                                          ^~~~~~~~
../src/HASH/sha256.h:17:60: error: unknown type name 'uint8_t'
 void sha256_compute_hash(uint8_t * data, uint32_t datalen, uint8_t init, uint8_t * hash_out);
                                                            ^~~~~~~
../src/HASH/sha256.h:17:74: error: unknown type name 'uint8_t'
 void sha256_compute_hash(uint8_t * data, uint32_t datalen, uint8_t init, uint8_t * hash_out);
                                                                          ^~~~~~~
src/HASH/subdir.mk:24: recipe for target 'src/HASH/sha256.o' failed
make: *** [src/HASH/sha256.o] Error 1
13:20:45 **** Auto Build of configuration Debug for project Test_Run ****
make all 
Building file: ../src/HASH/sha256.c
Invoking: MicroBlaze gcc compiler
mb-gcc -Wall -O0 -g3 -c -fmessage-length=0 -MT"src/HASH/sha256.o" -I../../Test_Run_bsp/microblaze_0/include -mlittle-endian -mxl-barrel-shift -mno-xl-soft-div -mcpu=v10.0 -mno-xl-soft-mul -Wl,--no-relax -ffunction-sections -fdata-sections -MMD -MP -MF"src/HASH/sha256.d" -MT"src/HASH/sha256.o" -o "src/HASH/sha256.o" "../src/HASH/sha256.c"
In file included from ../src/HASH/sha256.c:18:0:
../src/HASH/sha256.h:17:26: error: unknown type name 'uint8_t'
 void sha256_compute_hash(uint8_t * data, uint32_t datalen, uint8_t init, uint8_t * hash_out);
                          ^~~~~~~
../src/HASH/sha256.h:17:42: error: unknown type name 'uint32_t'
 void sha256_compute_hash(uint8_t * data, uint32_t datalen, uint8_t init, uint8_t * hash_out);
                                          ^~~~~~~~
../src/HASH/sha256.h:17:60: error: unknown type name 'uint8_t'
 void sha256_compute_hash(uint8_t * data, uint32_t datalen, uint8_t init, uint8_t * hash_out);
                                                            ^~~~~~~
../src/HASH/sha256.h:17:74: error: unknown type name 'uint8_t'
 void sha256_compute_hash(uint8_t * data, uint32_t datalen, uint8_t init, uint8_t * hash_out);
                                                                          ^~~~~~~
make: *** [src/HASH/sha256.o] Error 1
src/HASH/subdir.mk:24: recipe for target 'src/HASH/sha256.o' failed
13:21:08 **** Auto Build of configuration Debug for project Test_Run ****
make all 
Building file: ../src/HASH/sha256.c
Invoking: MicroBlaze gcc compiler
mb-gcc -Wall -O0 -g3 -c -fmessage-length=0 -MT"src/HASH/sha256.o" -I../../Test_Run_bsp/microblaze_0/include -mlittle-endian -mxl-barrel-shift -mno-xl-soft-div -mcpu=v10.0 -mno-xl-soft-mul -Wl,--no-relax -ffunction-sections -fdata-sections -MMD -MP -MF"src/HASH/sha256.d" -MT"src/HASH/sha256.o" -o "src/HASH/sha256.o" "../src/HASH/sha256.c"
In file included from ../src/HASH/sha256.c:18:0:
../src/HASH/sha256.h:17:26: error: unknown type name 'uint8_t'
 void sha256_compute_hash(uint8_t * data, uint32_t datalen, uint8_t init, uint8_t * hash_out);
                          ^~~~~~~
../src/HASH/sha256.h:17:42: error: unknown type name 'uint32_t'
 void sha256_compute_hash(uint8_t * data, uint32_t datalen, uint8_t init, uint8_t * hash_out);
                                          ^~~~~~~~
../src/HASH/sha256.h:17:60: error: unknown type name 'uint8_t'
 void sha256_compute_hash(uint8_t * data, uint32_t datalen, uint8_t init, uint8_t * hash_out);
                                                            ^~~~~~~
../src/HASH/sha256.h:17:74: error: unknown type name 'uint8_t'
 void sha256_compute_hash(uint8_t * data, uint32_t datalen, uint8_t init, uint8_t * hash_out);
                                                                          ^~~~~~~
src/HASH/subdir.mk:24: recipe for target 'src/HASH/sha256.o' failed
make: *** [src/HASH/sha256.o] Error 1
13:21:23 **** Auto Build of configuration Debug for project Test_Run ****
make all 
Building file: ../src/HASH/sha256.c
Invoking: MicroBlaze gcc compiler
mb-gcc -Wall -O0 -g3 -c -fmessage-length=0 -MT"src/HASH/sha256.o" -I../../Test_Run_bsp/microblaze_0/include -mlittle-endian -mxl-barrel-shift -mno-xl-soft-div -mcpu=v10.0 -mno-xl-soft-mul -Wl,--no-relax -ffunction-sections -fdata-sections -MMD -MP -MF"src/HASH/sha256.d" -MT"src/HASH/sha256.o" -o "src/HASH/sha256.o" "../src/HASH/sha256.c"
Finished building: ../src/HASH/sha256.c
 
Building file: ../src/main.c
Invoking: MicroBlaze gcc compiler
mb-gcc -Wall -O0 -g3 -c -fmessage-length=0 -MT"src/main.o" -I../../Test_Run_bsp/microblaze_0/include -mlittle-endian -mxl-barrel-shift -mno-xl-soft-div -mcpu=v10.0 -mno-xl-soft-mul -Wl,--no-relax -ffunction-sections -fdata-sections -MMD -MP -MF"src/main.d" -MT"src/main.o" -o "src/main.o" "../src/main.c"
../src/main.c: In function 'play_song':
../src/main.c:418:5: error: unknown type name 'BYTE'
     BYTE buf[SHA256_BLOCK_SIZE];
     ^~~~
../src/main.c:418:14: error: 'SHA256_BLOCK_SIZE' undeclared (first use in this function)
     BYTE buf[SHA256_BLOCK_SIZE];
              ^~~~~~~~~~~~~~~~~
../src/main.c:418:14: note: each undeclared identifier is reported only once for each function it appears in
../src/main.c:503:3: error: unknown type name 'SHA256_CTX'
   SHA256_CTX sha_ctx;
   ^~~~~~~~~~
../src/main.c:505:3: warning: implicit declaration of function 'sha256_init' [-Wimplicit-function-declaration]
   sha256_init(&sha_ctx);
   ^~~~~~~~~~~
../src/main.c:506:3: warning: implicit declaration of function 'sha256_update' [-Wimplicit-function-declaration]
   sha256_update(&sha_ctx, universal_buffer, cp_num);
   ^~~~~~~~~~~~~
../src/main.c:507:3: warning: implicit declaration of function 'sha256_final' [-Wimplicit-function-declaration]
   sha256_final(&sha_ctx, buf);
   ^~~~~~~~~~~~
../src/main.c:418:10: warning: unused variable 'buf' [-Wunused-variable]
     BYTE buf[SHA256_BLOCK_SIZE];
          ^~~
make: *** [src/main.o] Error 1
src/subdir.mk:30: recipe for target 'src/main.o' failed
13:21:38 **** Auto Build of configuration Debug for project Test_Run ****
make all 
Building file: ../src/HASH/sha256.c
Invoking: MicroBlaze gcc compiler
mb-gcc -Wall -O0 -g3 -c -fmessage-length=0 -MT"src/HASH/sha256.o" -I../../Test_Run_bsp/microblaze_0/include -mlittle-endian -mxl-barrel-shift -mno-xl-soft-div -mcpu=v10.0 -mno-xl-soft-mul -Wl,--no-relax -ffunction-sections -fdata-sections -MMD -MP -MF"src/HASH/sha256.d" -MT"src/HASH/sha256.o" -o "src/HASH/sha256.o" "../src/HASH/sha256.c"
Finished building: ../src/HASH/sha256.c
 
Building file: ../src/main.c
Invoking: MicroBlaze gcc compiler
mb-gcc -Wall -O0 -g3 -c -fmessage-length=0 -MT"src/main.o" -I../../Test_Run_bsp/microblaze_0/include -mlittle-endian -mxl-barrel-shift -mno-xl-soft-div -mcpu=v10.0 -mno-xl-soft-mul -Wl,--no-relax -ffunction-sections -fdata-sections -MMD -MP -MF"src/main.d" -MT"src/main.o" -o "src/main.o" "../src/main.c"
../src/main.c: In function 'play_song':
../src/main.c:418:5: error: unknown type name 'BYTE'
     BYTE buf[SHA256_BLOCK_SIZE];
     ^~~~
../src/main.c:418:14: error: 'SHA256_BLOCK_SIZE' undeclared (first use in this function)
     BYTE buf[SHA256_BLOCK_SIZE];
              ^~~~~~~~~~~~~~~~~
../src/main.c:418:14: note: each undeclared identifier is reported only once for each function it appears in
../src/main.c:503:3: error: unknown type name 'SHA256_CTX'
   SHA256_CTX sha_ctx;
   ^~~~~~~~~~
../src/main.c:505:3: warning: implicit declaration of function 'sha256_init' [-Wimplicit-function-declaration]
   sha256_init(&sha_ctx);
   ^~~~~~~~~~~
../src/main.c:506:3: warning: implicit declaration of function 'sha256_update' [-Wimplicit-function-declaration]
   sha256_update(&sha_ctx, universal_buffer, cp_num);
   ^~~~~~~~~~~~~
../src/main.c:507:3: warning: implicit declaration of function 'sha256_final' [-Wimplicit-function-declaration]
   sha256_final(&sha_ctx, buf);
   ^~~~~~~~~~~~
../src/main.c:418:10: warning: unused variable 'buf' [-Wunused-variable]
     BYTE buf[SHA256_BLOCK_SIZE];
          ^~~
src/subdir.mk:30: recipe for target 'src/main.o' failed
make: *** [src/main.o] Error 1
13:22:30 **** Auto Build of configuration Debug for project Test_Run ****
make all 
Building file: ../src/main.c
Invoking: MicroBlaze gcc compiler
mb-gcc -Wall -O0 -g3 -c -fmessage-length=0 -MT"src/main.o" -I../../Test_Run_bsp/microblaze_0/include -mlittle-endian -mxl-barrel-shift -mno-xl-soft-div -mcpu=v10.0 -mno-xl-soft-mul -Wl,--no-relax -ffunction-sections -fdata-sections -MMD -MP -MF"src/main.d" -MT"src/main.o" -o "src/main.o" "../src/main.c"
../src/main.c: In function 'play_song':
../src/main.c:505:6: error: 'buf' undeclared (first use in this function)
   if(buf[0] > 5){
      ^~~
../src/main.c:505:6: note: each undeclared identifier is reported only once for each function it appears in
src/subdir.mk:30: recipe for target 'src/main.o' failed
make: *** [src/main.o] Error 1
13:22:39 **** Auto Build of configuration Debug for project Test_Run ****
make all 
Building file: ../src/main.c
Invoking: MicroBlaze gcc compiler
mb-gcc -Wall -O0 -g3 -c -fmessage-length=0 -MT"src/main.o" -I../../Test_Run_bsp/microblaze_0/include -mlittle-endian -mxl-barrel-shift -mno-xl-soft-div -mcpu=v10.0 -mno-xl-soft-mul -Wl,--no-relax -ffunction-sections -fdata-sections -MMD -MP -MF"src/main.d" -MT"src/main.o" -o "src/main.o" "../src/main.c"
Finished building: ../src/main.c
 
Building target: Test_Run.elf
Invoking: MicroBlaze gcc linker
mb-gcc -Wl,-T -Wl,../src/lscript.ld -L../../Test_Run_bsp/microblaze_0/lib -mlittle-endian -mxl-barrel-shift -mno-xl-soft-div -mcpu=v10.0 -mno-xl-soft-mul -Wl,--no-relax -Wl,--gc-sections -o "Test_Run.elf"  ./src/HASH/md5.o ./src/HASH/sha1.o ./src/HASH/sha256.o  ./src/ECC/uECC.o  ./src/AES/aes.o ./src/AES/aes_decrypt_driver.o  ./src/main.o ./src/platform.o ./src/tests_1.o ./src/util.o   -Wl,--start-group,-lxil,-lgcc,-lc,--end-group
Finished building target: Test_Run.elf
 
Invoking: MicroBlaze Print Size
mb-size Test_Run.elf  |tee "Test_Run.elf.size"
   text	   data	    bss	    dec	    hex	filename
  35352	   1464	  21464	  58280	   e3a8	Test_Run.elf
Finished building: Test_Run.elf.size
 
13:22:56 **** Auto Build of configuration Debug for project Test_Run ****
make all 
Building file: ../src/HASH/sha256.c
Invoking: MicroBlaze gcc compiler
mb-gcc -Wall -O0 -g3 -c -fmessage-length=0 -MT"src/HASH/sha256.o" -I../../Test_Run_bsp/microblaze_0/include -mlittle-endian -mxl-barrel-shift -mno-xl-soft-div -mcpu=v10.0 -mno-xl-soft-mul -Wl,--no-relax -ffunction-sections -fdata-sections -MMD -MP -MF"src/HASH/sha256.d" -MT"src/HASH/sha256.o" -o "src/HASH/sha256.o" "../src/HASH/sha256.c"
../src/HASH/sha256.c: In function 'sha256_trigger_init':
../src/HASH/sha256.c:30:13: error: 'SHA_BASEADDR' undeclared (first use in this function)
   Xil_Out32(SHA_BASEADDR + SHA_COMMAND_OFFSET, 2 + last_next);
             ^~~~~~~~~~~~
../src/HASH/sha256.c:30:13: note: each undeclared identifier is reported only once for each function it appears in
../src/HASH/sha256.c:30:28: error: 'SHA_COMMAND_OFFSET' undeclared (first use in this function)
   Xil_Out32(SHA_BASEADDR + SHA_COMMAND_OFFSET, 2 + last_next);
                            ^~~~~~~~~~~~~~~~~~
../src/HASH/sha256.c: In function 'sha256_trigger_next':
../src/HASH/sha256.c:41:13: error: 'SHA_BASEADDR' undeclared (first use in this function)
   Xil_Out32(SHA_BASEADDR + SHA_COMMAND_OFFSET, 1 + last_init);
             ^~~~~~~~~~~~
../src/HASH/sha256.c:41:28: error: 'SHA_COMMAND_OFFSET' undeclared (first use in this function)
   Xil_Out32(SHA_BASEADDR + SHA_COMMAND_OFFSET, 1 + last_init);
                            ^~~~~~~~~~~~~~~~~~
../src/HASH/sha256.c: In function 'sha256_digest_complete':
../src/HASH/sha256.c:50:19: error: 'SHA_BASEADDR' undeclared (first use in this function)
  return (Xil_In32(SHA_BASEADDR + SHA_STATUS_OFFSET) & 2) >> 1 ;
                   ^~~~~~~~~~~~
../src/HASH/sha256.c:50:34: error: 'SHA_STATUS_OFFSET' undeclared (first use in this function)
  return (Xil_In32(SHA_BASEADDR + SHA_STATUS_OFFSET) & 2) >> 1 ;
                                  ^~~~~~~~~~~~~~~~~
../src/HASH/sha256.c: In function 'sha256_ready':
../src/HASH/sha256.c:54:18: error: 'SHA_BASEADDR' undeclared (first use in this function)
  return Xil_In32(SHA_BASEADDR + SHA_STATUS_OFFSET) & 1;
                  ^~~~~~~~~~~~
src/HASH/subdir.mk:24: recipe for target 'src/HASH/sha256.o' failed
../src/HASH/sha256.c:54:33: error: 'SHA_STATUS_OFFSET' undeclared (first use in this function)
  return Xil_In32(SHA_BASEADDR + SHA_STATUS_OFFSET) & 1;
                                 ^~~~~~~~~~~~~~~~~
../src/HASH/sha256.c: In function 'load_block':
../src/HASH/sha256.c:83:15: error: 'SHA_BASEADDR' undeclared (first use in this function)
   Xil_Out32BE(SHA_BASEADDR + SHA_BLOCK_OFFSET + i, *(u32*)(block + i));
               ^~~~~~~~~~~~
../src/HASH/sha256.c:83:30: error: 'SHA_BLOCK_OFFSET' undeclared (first use in this function)
   Xil_Out32BE(SHA_BASEADDR + SHA_BLOCK_OFFSET + i, *(u32*)(block + i));
                              ^~~~~~~~~~~~~~~~
../src/HASH/sha256.c: In function 'read_digest':
../src/HASH/sha256.c:93:38: error: 'SHA_BASEADDR' undeclared (first use in this function)
   *(u32*)(digest_buf+i) = Xil_In32BE(SHA_BASEADDR + SHA_DIGEST_OFFSET + i);
                                      ^~~~~~~~~~~~
../src/HASH/sha256.c:93:53: error: 'SHA_DIGEST_OFFSET' undeclared (first use in this function)
   *(u32*)(digest_buf+i) = Xil_In32BE(SHA_BASEADDR + SHA_DIGEST_OFFSET + i);
                                                     ^~~~~~~~~~~~~~~~~
../src/HASH/sha256.c: In function 'sha256_digest_complete':
../src/HASH/sha256.c:51:1: warning: control reaches end of non-void function [-Wreturn-type]
 }
 ^
../src/HASH/sha256.c: In function 'sha256_ready':
../src/HASH/sha256.c:55:1: warning: control reaches end of non-void function [-Wreturn-type]
 }
 ^
make: *** [src/HASH/sha256.o] Error 1
13:23:02 **** Auto Build of configuration Debug for project Test_Run ****
make all 
Building file: ../src/HASH/sha256.c
Invoking: MicroBlaze gcc compiler
mb-gcc -Wall -O0 -g3 -c -fmessage-length=0 -MT"src/HASH/sha256.o" -I../../Test_Run_bsp/microblaze_0/include -mlittle-endian -mxl-barrel-shift -mno-xl-soft-div -mcpu=v10.0 -mno-xl-soft-mul -Wl,--no-relax -ffunction-sections -fdata-sections -MMD -MP -MF"src/HASH/sha256.d" -MT"src/HASH/sha256.o" -o "src/HASH/sha256.o" "../src/HASH/sha256.c"
Finished building: ../src/HASH/sha256.c
 
Building file: ../src/main.c
Invoking: MicroBlaze gcc compiler
mb-gcc -Wall -O0 -g3 -c -fmessage-length=0 -MT"src/main.o" -I../../Test_Run_bsp/microblaze_0/include -mlittle-endian -mxl-barrel-shift -mno-xl-soft-div -mcpu=v10.0 -mno-xl-soft-mul -Wl,--no-relax -ffunction-sections -fdata-sections -MMD -MP -MF"src/main.d" -MT"src/main.o" -o "src/main.o" "../src/main.c"
Finished building: ../src/main.c
 
Building target: Test_Run.elf
Invoking: MicroBlaze gcc linker
mb-gcc -Wl,-T -Wl,../src/lscript.ld -L../../Test_Run_bsp/microblaze_0/lib -mlittle-endian -mxl-barrel-shift -mno-xl-soft-div -mcpu=v10.0 -mno-xl-soft-mul -Wl,--no-relax -Wl,--gc-sections -o "Test_Run.elf"  ./src/HASH/md5.o ./src/HASH/sha1.o ./src/HASH/sha256.o  ./src/ECC/uECC.o  ./src/AES/aes.o ./src/AES/aes_decrypt_driver.o  ./src/main.o ./src/platform.o ./src/tests_1.o ./src/util.o   -Wl,--start-group,-lxil,-lgcc,-lc,--end-group
Finished building target: Test_Run.elf
 
Invoking: MicroBlaze Print Size
mb-size Test_Run.elf  |tee "Test_Run.elf.size"
   text	   data	    bss	    dec	    hex	filename
  35352	   1464	  21464	  58280	   e3a8	Test_Run.elf
Finished building: Test_Run.elf.size
 
13:24:20 **** Auto Build of configuration Debug for project Test_Run ****
make all 
Building file: ../src/HASH/sha256.c
Invoking: MicroBlaze gcc compiler
mb-gcc -Wall -O0 -g3 -c -fmessage-length=0 -MT"src/HASH/sha256.o" -I../../Test_Run_bsp/microblaze_0/include -mlittle-endian -mxl-barrel-shift -mno-xl-soft-div -mcpu=v10.0 -mno-xl-soft-mul -Wl,--no-relax -ffunction-sections -fdata-sections -MMD -MP -MF"src/HASH/sha256.d" -MT"src/HASH/sha256.o" -o "src/HASH/sha256.o" "../src/HASH/sha256.c"
Finished building: ../src/HASH/sha256.c
 
Building file: ../src/main.c
Invoking: MicroBlaze gcc compiler
mb-gcc -Wall -O0 -g3 -c -fmessage-length=0 -MT"src/main.o" -I../../Test_Run_bsp/microblaze_0/include -mlittle-endian -mxl-barrel-shift -mno-xl-soft-div -mcpu=v10.0 -mno-xl-soft-mul -Wl,--no-relax -ffunction-sections -fdata-sections -MMD -MP -MF"src/main.d" -MT"src/main.o" -o "src/main.o" "../src/main.c"
Finished building: ../src/main.c
 
Building target: Test_Run.elf
Invoking: MicroBlaze gcc linker
mb-gcc -Wl,-T -Wl,../src/lscript.ld -L../../Test_Run_bsp/microblaze_0/lib -mlittle-endian -mxl-barrel-shift -mno-xl-soft-div -mcpu=v10.0 -mno-xl-soft-mul -Wl,--no-relax -Wl,--gc-sections -o "Test_Run.elf"  ./src/HASH/md5.o ./src/HASH/sha1.o ./src/HASH/sha256.o  ./src/ECC/uECC.o  ./src/AES/aes.o ./src/AES/aes_decrypt_driver.o  ./src/main.o ./src/platform.o ./src/tests_1.o ./src/util.o   -Wl,--start-group,-lxil,-lgcc,-lc,--end-group
Finished building target: Test_Run.elf
 
Invoking: MicroBlaze Print Size
mb-size Test_Run.elf  |tee "Test_Run.elf.size"
   text	   data	    bss	    dec	    hex	filename
  35352	   1464	  21464	  58280	   e3a8	Test_Run.elf
Finished building: Test_Run.elf.size
 
13:25:21 **** Auto Build of configuration Debug for project Test_Run ****
make all 
Building file: ../src/HASH/sha256.c
Invoking: MicroBlaze gcc compiler
mb-gcc -Wall -O0 -g3 -c -fmessage-length=0 -MT"src/HASH/sha256.o" -I../../Test_Run_bsp/microblaze_0/include -mlittle-endian -mxl-barrel-shift -mno-xl-soft-div -mcpu=v10.0 -mno-xl-soft-mul -Wl,--no-relax -ffunction-sections -fdata-sections -MMD -MP -MF"src/HASH/sha256.d" -MT"src/HASH/sha256.o" -o "src/HASH/sha256.o" "../src/HASH/sha256.c"
Finished building: ../src/HASH/sha256.c
 
Building file: ../src/main.c
Invoking: MicroBlaze gcc compiler
mb-gcc -Wall -O0 -g3 -c -fmessage-length=0 -MT"src/main.o" -I../../Test_Run_bsp/microblaze_0/include -mlittle-endian -mxl-barrel-shift -mno-xl-soft-div -mcpu=v10.0 -mno-xl-soft-mul -Wl,--no-relax -ffunction-sections -fdata-sections -MMD -MP -MF"src/main.d" -MT"src/main.o" -o "src/main.o" "../src/main.c"
Finished building: ../src/main.c
 
Building target: Test_Run.elf
Invoking: MicroBlaze gcc linker
mb-gcc -Wl,-T -Wl,../src/lscript.ld -L../../Test_Run_bsp/microblaze_0/lib -mlittle-endian -mxl-barrel-shift -mno-xl-soft-div -mcpu=v10.0 -mno-xl-soft-mul -Wl,--no-relax -Wl,--gc-sections -o "Test_Run.elf"  ./src/HASH/md5.o ./src/HASH/sha1.o ./src/HASH/sha256.o  ./src/ECC/uECC.o  ./src/AES/aes.o ./src/AES/aes_decrypt_driver.o  ./src/main.o ./src/platform.o ./src/tests_1.o ./src/util.o   -Wl,--start-group,-lxil,-lgcc,-lc,--end-group
Finished building target: Test_Run.elf
 
Invoking: MicroBlaze Print Size
mb-size Test_Run.elf  |tee "Test_Run.elf.size"
   text	   data	    bss	    dec	    hex	filename
  35352	   1464	  21464	  58280	   e3a8	Test_Run.elf
Finished building: Test_Run.elf.size
 
13:26:10 **** Auto Build of configuration Debug for project Test_Run ****
make all 
Building file: ../src/main.c
Invoking: MicroBlaze gcc compiler
mb-gcc -Wall -O0 -g3 -c -fmessage-length=0 -MT"src/main.o" -I../../Test_Run_bsp/microblaze_0/include -mlittle-endian -mxl-barrel-shift -mno-xl-soft-div -mcpu=v10.0 -mno-xl-soft-mul -Wl,--no-relax -ffunction-sections -fdata-sections -MMD -MP -MF"src/main.d" -MT"src/main.o" -o "src/main.o" "../src/main.c"
Finished building: ../src/main.c
 
Building target: Test_Run.elf
Invoking: MicroBlaze gcc linker
mb-gcc -Wl,-T -Wl,../src/lscript.ld -L../../Test_Run_bsp/microblaze_0/lib -mlittle-endian -mxl-barrel-shift -mno-xl-soft-div -mcpu=v10.0 -mno-xl-soft-mul -Wl,--no-relax -Wl,--gc-sections -o "Test_Run.elf"  ./src/HASH/md5.o ./src/HASH/sha1.o ./src/HASH/sha256.o  ./src/ECC/uECC.o  ./src/AES/aes.o ./src/AES/aes_decrypt_driver.o  ./src/main.o ./src/platform.o ./src/tests_1.o ./src/util.o   -Wl,--start-group,-lxil,-lgcc,-lc,--end-group
Finished building target: Test_Run.elf
 
Invoking: MicroBlaze Print Size
mb-size Test_Run.elf  |tee "Test_Run.elf.size"
   text	   data	    bss	    dec	    hex	filename
  35352	   1464	  21464	  58280	   e3a8	Test_Run.elf
Finished building: Test_Run.elf.size
 
13:26:25 **** Auto Build of configuration Debug for project Test_Run ****
make all 
Building file: ../src/main.c
Invoking: MicroBlaze gcc compiler
mb-gcc -Wall -O0 -g3 -c -fmessage-length=0 -MT"src/main.o" -I../../Test_Run_bsp/microblaze_0/include -mlittle-endian -mxl-barrel-shift -mno-xl-soft-div -mcpu=v10.0 -mno-xl-soft-mul -Wl,--no-relax -ffunction-sections -fdata-sections -MMD -MP -MF"src/main.d" -MT"src/main.o" -o "src/main.o" "../src/main.c"
../src/main.c:69:14: warning: 'InterruptController' defined but not used [-Wunused-variable]
 static XIntc InterruptController;
              ^~~~~~~~~~~~~~~~~~~
Finished building: ../src/main.c
 
Building target: Test_Run.elf
Invoking: MicroBlaze gcc linker
mb-gcc -Wl,-T -Wl,../src/lscript.ld -L../../Test_Run_bsp/microblaze_0/lib -mlittle-endian -mxl-barrel-shift -mno-xl-soft-div -mcpu=v10.0 -mno-xl-soft-mul -Wl,--no-relax -Wl,--gc-sections -o "Test_Run.elf"  ./src/HASH/md5.o ./src/HASH/sha1.o ./src/HASH/sha256.o  ./src/ECC/uECC.o  ./src/AES/aes.o ./src/AES/aes_decrypt_driver.o  ./src/main.o ./src/platform.o ./src/tests_1.o ./src/util.o   -Wl,--start-group,-lxil,-lgcc,-lc,--end-group
/media/heiko/Backup/Tools/Xilinx/2017/SDK/2017.4/gnu/microblaze/lin/bin/../lib/gcc/microblaze-xilinx-elf/6.2.0/../../../../microblaze-xilinx-elf/lib/bs/m/le/crtinit.o: In function `_crtinit':
(.text+0x78): undefined reference to `main'
makefile:39: recipe for target 'Test_Run.elf' failed
collect2: error: ld returned 1 exit status
make: *** [Test_Run.elf] Error 1
13:26:44 **** Auto Build of configuration Debug for project Test_Run ****
make all 
Building file: ../src/main.c
Invoking: MicroBlaze gcc compiler
mb-gcc -Wall -O0 -g3 -c -fmessage-length=0 -MT"src/main.o" -I../../Test_Run_bsp/microblaze_0/include -mlittle-endian -mxl-barrel-shift -mno-xl-soft-div -mcpu=v10.0 -mno-xl-soft-mul -Wl,--no-relax -ffunction-sections -fdata-sections -MMD -MP -MF"src/main.d" -MT"src/main.o" -o "src/main.o" "../src/main.c"
../src/main.c:69:14: warning: 'InterruptController' defined but not used [-Wunused-variable]
 static XIntc InterruptController;
              ^~~~~~~~~~~~~~~~~~~
Finished building: ../src/main.c
 
Building target: Test_Run.elf
Invoking: MicroBlaze gcc linker
mb-gcc -Wl,-T -Wl,../src/lscript.ld -L../../Test_Run_bsp/microblaze_0/lib -mlittle-endian -mxl-barrel-shift -mno-xl-soft-div -mcpu=v10.0 -mno-xl-soft-mul -Wl,--no-relax -Wl,--gc-sections -o "Test_Run.elf"  ./src/HASH/md5.o ./src/HASH/sha1.o ./src/HASH/sha256.o  ./src/ECC/uECC.o  ./src/AES/aes.o ./src/AES/aes_decrypt_driver.o  ./src/main.o ./src/platform.o ./src/tests_1.o ./src/util.o   -Wl,--start-group,-lxil,-lgcc,-lc,--end-group
Finished building target: Test_Run.elf
 
Invoking: MicroBlaze Print Size
mb-size Test_Run.elf  |tee "Test_Run.elf.size"
   text	   data	    bss	    dec	    hex	filename
   8816	   1348	   3172	  13336	   3418	Test_Run.elf
Finished building: Test_Run.elf.size
 
13:27:52 **** Auto Build of configuration Debug for project Test_Run ****
make all 
Building file: ../src/main.c
Invoking: MicroBlaze gcc compiler
mb-gcc -Wall -O0 -g3 -c -fmessage-length=0 -MT"src/main.o" -I../../Test_Run_bsp/microblaze_0/include -mlittle-endian -mxl-barrel-shift -mno-xl-soft-div -mcpu=v10.0 -mno-xl-soft-mul -Wl,--no-relax -ffunction-sections -fdata-sections -MMD -MP -MF"src/main.d" -MT"src/main.o" -o "src/main.o" "../src/main.c"
../src/main.c: In function 'main':
../src/main.c:883:10: warning: unused variable 'hash_out' [-Wunused-variable]
  uint8_t hash_out[32];
          ^~~~~~~~
../src/main.c:882:10: warning: unused variable 'text1' [-Wunused-variable]
  uint8_t text1[] = {"abc"};
          ^~~~~
At top level:
../src/main.c:69:14: warning: 'InterruptController' defined but not used [-Wunused-variable]
 static XIntc InterruptController;
              ^~~~~~~~~~~~~~~~~~~
Finished building: ../src/main.c
 
Building target: Test_Run.elf
Invoking: MicroBlaze gcc linker
mb-gcc -Wl,-T -Wl,../src/lscript.ld -L../../Test_Run_bsp/microblaze_0/lib -mlittle-endian -mxl-barrel-shift -mno-xl-soft-div -mcpu=v10.0 -mno-xl-soft-mul -Wl,--no-relax -Wl,--gc-sections -o "Test_Run.elf"  ./src/HASH/md5.o ./src/HASH/sha1.o ./src/HASH/sha256.o  ./src/ECC/uECC.o  ./src/AES/aes.o ./src/AES/aes_decrypt_driver.o  ./src/main.o ./src/platform.o ./src/tests_1.o ./src/util.o   -Wl,--start-group,-lxil,-lgcc,-lc,--end-group
Finished building target: Test_Run.elf
 
Invoking: MicroBlaze Print Size
mb-size Test_Run.elf  |tee "Test_Run.elf.size"
   text	   data	    bss	    dec	    hex	filename
   8984	   1352	   3168	  13504	   34c0	Test_Run.elf
Finished building: Test_Run.elf.size
 
13:28:11 **** Auto Build of configuration Debug for project Test_Run ****
make all 
Building file: ../src/main.c
Invoking: MicroBlaze gcc compiler
mb-gcc -Wall -O0 -g3 -c -fmessage-length=0 -MT"src/main.o" -I../../Test_Run_bsp/microblaze_0/include -mlittle-endian -mxl-barrel-shift -mno-xl-soft-div -mcpu=v10.0 -mno-xl-soft-mul -Wl,--no-relax -ffunction-sections -fdata-sections -MMD -MP -MF"src/main.d" -MT"src/main.o" -o "src/main.o" "../src/main.c"
../src/main.c: In function 'main':
../src/main.c:885:16: error: 'SHA256_BLOCK_SIZE' undeclared (first use in this function)
  uint8_t hash1[SHA256_BLOCK_SIZE] = {0xba,0x78,0x16,0xbf,0x8f,0x01,0xcf,0xea,0x41,0x41,0x40,0xde,0x5d,0xae,0x22,0x23,
                ^~~~~~~~~~~~~~~~~
../src/main.c:885:16: note: each undeclared identifier is reported only once for each function it appears in
../src/main.c:885:10: warning: unused variable 'hash1' [-Wunused-variable]
  uint8_t hash1[SHA256_BLOCK_SIZE] = {0xba,0x78,0x16,0xbf,0x8f,0x01,0xcf,0xea,0x41,0x41,0x40,0xde,0x5d,0xae,0x22,0x23,
          ^~~~~
../src/main.c:883:10: warning: unused variable 'hash_out' [-Wunused-variable]
  uint8_t hash_out[32];
          ^~~~~~~~
../src/main.c:882:10: warning: unused variable 'text1' [-Wunused-variable]
  uint8_t text1[] = {"abc"};
          ^~~~~
At top level:
../src/main.c:69:14: warning: 'InterruptController' defined but not used [-Wunused-variable]
 static XIntc InterruptController;
              ^~~~~~~~~~~~~~~~~~~
make: *** [src/main.o] Error 1
src/subdir.mk:30: recipe for target 'src/main.o' failed
13:28:50 **** Auto Build of configuration Debug for project Test_Run ****
make all 
Building file: ../src/HASH/sha256.c
Invoking: MicroBlaze gcc compiler
mb-gcc -Wall -O0 -g3 -c -fmessage-length=0 -MT"src/HASH/sha256.o" -I../../Test_Run_bsp/microblaze_0/include -mlittle-endian -mxl-barrel-shift -mno-xl-soft-div -mcpu=v10.0 -mno-xl-soft-mul -Wl,--no-relax -ffunction-sections -fdata-sections -MMD -MP -MF"src/HASH/sha256.d" -MT"src/HASH/sha256.o" -o "src/HASH/sha256.o" "../src/HASH/sha256.c"
Finished building: ../src/HASH/sha256.c
 
Building file: ../src/main.c
Invoking: MicroBlaze gcc compiler
mb-gcc -Wall -O0 -g3 -c -fmessage-length=0 -MT"src/main.o" -I../../Test_Run_bsp/microblaze_0/include -mlittle-endian -mxl-barrel-shift -mno-xl-soft-div -mcpu=v10.0 -mno-xl-soft-mul -Wl,--no-relax -ffunction-sections -fdata-sections -MMD -MP -MF"src/main.d" -MT"src/main.o" -o "src/main.o" "../src/main.c"
../src/main.c: In function 'main':
../src/main.c:885:10: warning: unused variable 'hash1' [-Wunused-variable]
  uint8_t hash1[SHA256_BLOCK_SIZE] = {0xba,0x78,0x16,0xbf,0x8f,0x01,0xcf,0xea,0x41,0x41,0x40,0xde,0x5d,0xae,0x22,0x23,
          ^~~~~
../src/main.c:883:10: warning: unused variable 'hash_out' [-Wunused-variable]
  uint8_t hash_out[32];
          ^~~~~~~~
../src/main.c:882:10: warning: unused variable 'text1' [-Wunused-variable]
  uint8_t text1[] = {"abc"};
          ^~~~~
At top level:
../src/main.c:69:14: warning: 'InterruptController' defined but not used [-Wunused-variable]
 static XIntc InterruptController;
              ^~~~~~~~~~~~~~~~~~~
Finished building: ../src/main.c
 
Building target: Test_Run.elf
Invoking: MicroBlaze gcc linker
mb-gcc -Wl,-T -Wl,../src/lscript.ld -L../../Test_Run_bsp/microblaze_0/lib -mlittle-endian -mxl-barrel-shift -mno-xl-soft-div -mcpu=v10.0 -mno-xl-soft-mul -Wl,--no-relax -Wl,--gc-sections -o "Test_Run.elf"  ./src/HASH/md5.o ./src/HASH/sha1.o ./src/HASH/sha256.o  ./src/ECC/uECC.o  ./src/AES/aes.o ./src/AES/aes_decrypt_driver.o  ./src/main.o ./src/platform.o ./src/tests_1.o ./src/util.o   -Wl,--start-group,-lxil,-lgcc,-lc,--end-group
Finished building target: Test_Run.elf
 
Invoking: MicroBlaze Print Size
mb-size Test_Run.elf  |tee "Test_Run.elf.size"
   text	   data	    bss	    dec	    hex	filename
   9744	   1352	   3168	  14264	   37b8	Test_Run.elf
Finished building: Test_Run.elf.size
 
13:30:05 **** Auto Build of configuration Debug for project Test_Run ****
make all 
Building file: ../src/main.c
Invoking: MicroBlaze gcc compiler
mb-gcc -Wall -O0 -g3 -c -fmessage-length=0 -MT"src/main.o" -I../../Test_Run_bsp/microblaze_0/include -mlittle-endian -mxl-barrel-shift -mno-xl-soft-div -mcpu=v10.0 -mno-xl-soft-mul -Wl,--no-relax -ffunction-sections -fdata-sections -MMD -MP -MF"src/main.d" -MT"src/main.o" -o "src/main.o" "../src/main.c"
../src/main.c: In function 'main':
../src/main.c:890:6: warning: unused variable 'result' [-Wunused-variable]
  int result = memcmp(hash1, hash_out, SHA256_BLOCK_SIZE);
      ^~~~~~
At top level:
../src/main.c:69:14: warning: 'InterruptController' defined but not used [-Wunused-variable]
 static XIntc InterruptController;
              ^~~~~~~~~~~~~~~~~~~
Finished building: ../src/main.c
 
Building target: Test_Run.elf
Invoking: MicroBlaze gcc linker
mb-gcc -Wl,-T -Wl,../src/lscript.ld -L../../Test_Run_bsp/microblaze_0/lib -mlittle-endian -mxl-barrel-shift -mno-xl-soft-div -mcpu=v10.0 -mno-xl-soft-mul -Wl,--no-relax -Wl,--gc-sections -o "Test_Run.elf"  ./src/HASH/md5.o ./src/HASH/sha1.o ./src/HASH/sha256.o  ./src/ECC/uECC.o  ./src/AES/aes.o ./src/AES/aes_decrypt_driver.o  ./src/main.o ./src/platform.o ./src/tests_1.o ./src/util.o   -Wl,--start-group,-lxil,-lgcc,-lc,--end-group
Finished building target: Test_Run.elf
 
Invoking: MicroBlaze Print Size
mb-size Test_Run.elf  |tee "Test_Run.elf.size"
   text	   data	    bss	    dec	    hex	filename
  12156	   1352	   3180	  16688	   4130	Test_Run.elf
Finished building: Test_Run.elf.size
 
13:30:33 **** Auto Build of configuration Debug for project Test_Run ****
make all 
Building file: ../src/main.c
Invoking: MicroBlaze gcc compiler
mb-gcc -Wall -O0 -g3 -c -fmessage-length=0 -MT"src/main.o" -I../../Test_Run_bsp/microblaze_0/include -mlittle-endian -mxl-barrel-shift -mno-xl-soft-div -mcpu=v10.0 -mno-xl-soft-mul -Wl,--no-relax -ffunction-sections -fdata-sections -MMD -MP -MF"src/main.d" -MT"src/main.o" -o "src/main.o" "../src/main.c"
../src/main.c:69:14: warning: 'InterruptController' defined but not used [-Wunused-variable]
 static XIntc InterruptController;
              ^~~~~~~~~~~~~~~~~~~
Finished building: ../src/main.c
 
Building target: Test_Run.elf
Invoking: MicroBlaze gcc linker
mb-gcc -Wl,-T -Wl,../src/lscript.ld -L../../Test_Run_bsp/microblaze_0/lib -mlittle-endian -mxl-barrel-shift -mno-xl-soft-div -mcpu=v10.0 -mno-xl-soft-mul -Wl,--no-relax -Wl,--gc-sections -o "Test_Run.elf"  ./src/HASH/md5.o ./src/HASH/sha1.o ./src/HASH/sha256.o  ./src/ECC/uECC.o  ./src/AES/aes.o ./src/AES/aes_decrypt_driver.o  ./src/main.o ./src/platform.o ./src/tests_1.o ./src/util.o   -Wl,--start-group,-lxil,-lgcc,-lc,--end-group
Finished building target: Test_Run.elf
 
Invoking: MicroBlaze Print Size
mb-size Test_Run.elf  |tee "Test_Run.elf.size"
   text	   data	    bss	    dec	    hex	filename
  12500	   1356	   3184	  17040	   4290	Test_Run.elf
Finished building: Test_Run.elf.size
 
13:30:35 **** Auto Build of configuration Debug for project Test_Run ****
make all 
Building file: ../src/main.c
Invoking: MicroBlaze gcc compiler
mb-gcc -Wall -O0 -g3 -c -fmessage-length=0 -MT"src/main.o" -I../../Test_Run_bsp/microblaze_0/include -mlittle-endian -mxl-barrel-shift -mno-xl-soft-div -mcpu=v10.0 -mno-xl-soft-mul -Wl,--no-relax -ffunction-sections -fdata-sections -MMD -MP -MF"src/main.d" -MT"src/main.o" -o "src/main.o" "../src/main.c"
../src/main.c:69:14: warning: 'InterruptController' defined but not used [-Wunused-variable]
 static XIntc InterruptController;
              ^~~~~~~~~~~~~~~~~~~
Finished building: ../src/main.c
 
Building target: Test_Run.elf
Invoking: MicroBlaze gcc linker
mb-gcc -Wl,-T -Wl,../src/lscript.ld -L../../Test_Run_bsp/microblaze_0/lib -mlittle-endian -mxl-barrel-shift -mno-xl-soft-div -mcpu=v10.0 -mno-xl-soft-mul -Wl,--no-relax -Wl,--gc-sections -o "Test_Run.elf"  ./src/HASH/md5.o ./src/HASH/sha1.o ./src/HASH/sha256.o  ./src/ECC/uECC.o  ./src/AES/aes.o ./src/AES/aes_decrypt_driver.o  ./src/main.o ./src/platform.o ./src/tests_1.o ./src/util.o   -Wl,--start-group,-lxil,-lgcc,-lc,--end-group
Finished building target: Test_Run.elf
 
Invoking: MicroBlaze Print Size
mb-size Test_Run.elf  |tee "Test_Run.elf.size"
   text	   data	    bss	    dec	    hex	filename
  12500	   1356	   3184	  17040	   4290	Test_Run.elf
Finished building: Test_Run.elf.size
 
13:31:44 **** Auto Build of configuration Debug for project Test_Run ****
make all 
Building file: ../src/main.c
Invoking: MicroBlaze gcc compiler
mb-gcc -Wall -O0 -g3 -c -fmessage-length=0 -MT"src/main.o" -I../../Test_Run_bsp/microblaze_0/include -mlittle-endian -mxl-barrel-shift -mno-xl-soft-div -mcpu=v10.0 -mno-xl-soft-mul -Wl,--no-relax -ffunction-sections -fdata-sections -MMD -MP -MF"src/main.d" -MT"src/main.o" -o "src/main.o" "../src/main.c"
../src/main.c:69:14: warning: 'InterruptController' defined but not used [-Wunused-variable]
 static XIntc InterruptController;
              ^~~~~~~~~~~~~~~~~~~
Finished building: ../src/main.c
 
Building target: Test_Run.elf
Invoking: MicroBlaze gcc linker
mb-gcc -Wl,-T -Wl,../src/lscript.ld -L../../Test_Run_bsp/microblaze_0/lib -mlittle-endian -mxl-barrel-shift -mno-xl-soft-div -mcpu=v10.0 -mno-xl-soft-mul -Wl,--no-relax -Wl,--gc-sections -o "Test_Run.elf"  ./src/HASH/md5.o ./src/HASH/sha1.o ./src/HASH/sha256.o  ./src/ECC/uECC.o  ./src/AES/aes.o ./src/AES/aes_decrypt_driver.o  ./src/main.o ./src/platform.o ./src/tests_1.o ./src/util.o   -Wl,--start-group,-lxil,-lgcc,-lc,--end-group
Finished building target: Test_Run.elf
 
Invoking: MicroBlaze Print Size
mb-size Test_Run.elf  |tee "Test_Run.elf.size"
   text	   data	    bss	    dec	    hex	filename
  12500	   1356	   3184	  17040	   4290	Test_Run.elf
Finished building: Test_Run.elf.size
 
13:32:30 **** Auto Build of configuration Debug for project Test_Run ****
make all 
Building file: ../src/main.c
Invoking: MicroBlaze gcc compiler
mb-gcc -Wall -O0 -g3 -c -fmessage-length=0 -MT"src/main.o" -I../../Test_Run_bsp/microblaze_0/include -mlittle-endian -mxl-barrel-shift -mno-xl-soft-div -mcpu=v10.0 -mno-xl-soft-mul -Wl,--no-relax -ffunction-sections -fdata-sections -MMD -MP -MF"src/main.d" -MT"src/main.o" -o "src/main.o" "../src/main.c"
../src/main.c:69:14: warning: 'InterruptController' defined but not used [-Wunused-variable]
 static XIntc InterruptController;
              ^~~~~~~~~~~~~~~~~~~
Finished building: ../src/main.c
 
Building target: Test_Run.elf
Invoking: MicroBlaze gcc linker
mb-gcc -Wl,-T -Wl,../src/lscript.ld -L../../Test_Run_bsp/microblaze_0/lib -mlittle-endian -mxl-barrel-shift -mno-xl-soft-div -mcpu=v10.0 -mno-xl-soft-mul -Wl,--no-relax -Wl,--gc-sections -o "Test_Run.elf"  ./src/HASH/md5.o ./src/HASH/sha1.o ./src/HASH/sha256.o  ./src/ECC/uECC.o  ./src/AES/aes.o ./src/AES/aes_decrypt_driver.o  ./src/main.o ./src/platform.o ./src/tests_1.o ./src/util.o   -Wl,--start-group,-lxil,-lgcc,-lc,--end-group
Finished building target: Test_Run.elf
 
Invoking: MicroBlaze Print Size
mb-size Test_Run.elf  |tee "Test_Run.elf.size"
   text	   data	    bss	    dec	    hex	filename
  12496	   1356	   3180	  17032	   4288	Test_Run.elf
Finished building: Test_Run.elf.size
 
13:32:45 **** Auto Build of configuration Debug for project Test_Run ****
make all 
Building file: ../src/main.c
Invoking: MicroBlaze gcc compiler
mb-gcc -Wall -O0 -g3 -c -fmessage-length=0 -MT"src/main.o" -I../../Test_Run_bsp/microblaze_0/include -mlittle-endian -mxl-barrel-shift -mno-xl-soft-div -mcpu=v10.0 -mno-xl-soft-mul -Wl,--no-relax -ffunction-sections -fdata-sections -MMD -MP -MF"src/main.d" -MT"src/main.o" -o "src/main.o" "../src/main.c"
../src/main.c:69:14: warning: 'InterruptController' defined but not used [-Wunused-variable]
 static XIntc InterruptController;
              ^~~~~~~~~~~~~~~~~~~
Finished building: ../src/main.c
 
Building target: Test_Run.elf
Invoking: MicroBlaze gcc linker
mb-gcc -Wl,-T -Wl,../src/lscript.ld -L../../Test_Run_bsp/microblaze_0/lib -mlittle-endian -mxl-barrel-shift -mno-xl-soft-div -mcpu=v10.0 -mno-xl-soft-mul -Wl,--no-relax -Wl,--gc-sections -o "Test_Run.elf"  ./src/HASH/md5.o ./src/HASH/sha1.o ./src/HASH/sha256.o  ./src/ECC/uECC.o  ./src/AES/aes.o ./src/AES/aes_decrypt_driver.o  ./src/main.o ./src/platform.o ./src/tests_1.o ./src/util.o   -Wl,--start-group,-lxil,-lgcc,-lc,--end-group
Finished building target: Test_Run.elf
 
Invoking: MicroBlaze Print Size
mb-size Test_Run.elf  |tee "Test_Run.elf.size"
   text	   data	    bss	    dec	    hex	filename
  12496	   1356	   3180	  17032	   4288	Test_Run.elf
Finished building: Test_Run.elf.size
 
13:34:33 **** Auto Build of configuration Debug for project Test_Run ****
make all 
Building file: ../src/main.c
Invoking: MicroBlaze gcc compiler
mb-gcc -Wall -O0 -g3 -c -fmessage-length=0 -MT"src/main.o" -I../../Test_Run_bsp/microblaze_0/include -mlittle-endian -mxl-barrel-shift -mno-xl-soft-div -mcpu=v10.0 -mno-xl-soft-mul -Wl,--no-relax -ffunction-sections -fdata-sections -MMD -MP -MF"src/main.d" -MT"src/main.o" -o "src/main.o" "../src/main.c"
../src/main.c:69:14: warning: 'InterruptController' defined but not used [-Wunused-variable]
 static XIntc InterruptController;
              ^~~~~~~~~~~~~~~~~~~
Finished building: ../src/main.c
 
Building target: Test_Run.elf
Invoking: MicroBlaze gcc linker
mb-gcc -Wl,-T -Wl,../src/lscript.ld -L../../Test_Run_bsp/microblaze_0/lib -mlittle-endian -mxl-barrel-shift -mno-xl-soft-div -mcpu=v10.0 -mno-xl-soft-mul -Wl,--no-relax -Wl,--gc-sections -o "Test_Run.elf"  ./src/HASH/md5.o ./src/HASH/sha1.o ./src/HASH/sha256.o  ./src/ECC/uECC.o  ./src/AES/aes.o ./src/AES/aes_decrypt_driver.o  ./src/main.o ./src/platform.o ./src/tests_1.o ./src/util.o   -Wl,--start-group,-lxil,-lgcc,-lc,--end-group
Finished building target: Test_Run.elf
 
Invoking: MicroBlaze Print Size
mb-size Test_Run.elf  |tee "Test_Run.elf.size"
   text	   data	    bss	    dec	    hex	filename
  12568	   1356	   3180	  17104	   42d0	Test_Run.elf
Finished building: Test_Run.elf.size
 
13:35:40 **** Auto Build of configuration Debug for project Test_Run ****
make all 
Building file: ../src/main.c
Invoking: MicroBlaze gcc compiler
mb-gcc -Wall -O0 -g3 -c -fmessage-length=0 -MT"src/main.o" -I../../Test_Run_bsp/microblaze_0/include -mlittle-endian -mxl-barrel-shift -mno-xl-soft-div -mcpu=v10.0 -mno-xl-soft-mul -Wl,--no-relax -ffunction-sections -fdata-sections -MMD -MP -MF"src/main.d" -MT"src/main.o" -o "src/main.o" "../src/main.c"
../src/main.c:69:14: warning: 'InterruptController' defined but not used [-Wunused-variable]
 static XIntc InterruptController;
              ^~~~~~~~~~~~~~~~~~~
Finished building: ../src/main.c
 
Building target: Test_Run.elf
Invoking: MicroBlaze gcc linker
mb-gcc -Wl,-T -Wl,../src/lscript.ld -L../../Test_Run_bsp/microblaze_0/lib -mlittle-endian -mxl-barrel-shift -mno-xl-soft-div -mcpu=v10.0 -mno-xl-soft-mul -Wl,--no-relax -Wl,--gc-sections -o "Test_Run.elf"  ./src/HASH/md5.o ./src/HASH/sha1.o ./src/HASH/sha256.o  ./src/ECC/uECC.o  ./src/AES/aes.o ./src/AES/aes_decrypt_driver.o  ./src/main.o ./src/platform.o ./src/tests_1.o ./src/util.o   -Wl,--start-group,-lxil,-lgcc,-lc,--end-group
Finished building target: Test_Run.elf
 
Invoking: MicroBlaze Print Size
mb-size Test_Run.elf  |tee "Test_Run.elf.size"
   text	   data	    bss	    dec	    hex	filename
  12604	   1356	   3184	  17144	   42f8	Test_Run.elf
Finished building: Test_Run.elf.size
 
13:36:02 **** Auto Build of configuration Debug for project Test_Run ****
make all 
Building file: ../src/main.c
Invoking: MicroBlaze gcc compiler
mb-gcc -Wall -O0 -g3 -c -fmessage-length=0 -MT"src/main.o" -I../../Test_Run_bsp/microblaze_0/include -mlittle-endian -mxl-barrel-shift -mno-xl-soft-div -mcpu=v10.0 -mno-xl-soft-mul -Wl,--no-relax -ffunction-sections -fdata-sections -MMD -MP -MF"src/main.d" -MT"src/main.o" -o "src/main.o" "../src/main.c"
../src/main.c:69:14: warning: 'InterruptController' defined but not used [-Wunused-variable]
 static XIntc InterruptController;
              ^~~~~~~~~~~~~~~~~~~
Finished building: ../src/main.c
 
Building target: Test_Run.elf
Invoking: MicroBlaze gcc linker
mb-gcc -Wl,-T -Wl,../src/lscript.ld -L../../Test_Run_bsp/microblaze_0/lib -mlittle-endian -mxl-barrel-shift -mno-xl-soft-div -mcpu=v10.0 -mno-xl-soft-mul -Wl,--no-relax -Wl,--gc-sections -o "Test_Run.elf"  ./src/HASH/md5.o ./src/HASH/sha1.o ./src/HASH/sha256.o  ./src/ECC/uECC.o  ./src/AES/aes.o ./src/AES/aes_decrypt_driver.o  ./src/main.o ./src/platform.o ./src/tests_1.o ./src/util.o   -Wl,--start-group,-lxil,-lgcc,-lc,--end-group
Finished building target: Test_Run.elf
 
Invoking: MicroBlaze Print Size
mb-size Test_Run.elf  |tee "Test_Run.elf.size"
   text	   data	    bss	    dec	    hex	filename
  12568	   1356	   3180	  17104	   42d0	Test_Run.elf
Finished building: Test_Run.elf.size
 
13:48:24 **** Auto Build of configuration Debug for project Test_Run ****
make all 
Building file: ../src/HASH/sha256.c
Invoking: MicroBlaze gcc compiler
mb-gcc -Wall -O0 -g3 -c -fmessage-length=0 -MT"src/HASH/sha256.o" -I../../Test_Run_bsp/microblaze_0/include -mlittle-endian -mxl-barrel-shift -mno-xl-soft-div -mcpu=v10.0 -mno-xl-soft-mul -Wl,--no-relax -ffunction-sections -fdata-sections -MMD -MP -MF"src/HASH/sha256.d" -MT"src/HASH/sha256.o" -o "src/HASH/sha256.o" "../src/HASH/sha256.c"
Finished building: ../src/HASH/sha256.c
 
Building target: Test_Run.elf
Invoking: MicroBlaze gcc linker
mb-gcc -Wl,-T -Wl,../src/lscript.ld -L../../Test_Run_bsp/microblaze_0/lib -mlittle-endian -mxl-barrel-shift -mno-xl-soft-div -mcpu=v10.0 -mno-xl-soft-mul -Wl,--no-relax -Wl,--gc-sections -o "Test_Run.elf"  ./src/HASH/md5.o ./src/HASH/sha1.o ./src/HASH/sha256.o  ./src/ECC/uECC.o  ./src/AES/aes.o ./src/AES/aes_decrypt_driver.o  ./src/main.o ./src/platform.o ./src/tests_1.o ./src/util.o   -Wl,--start-group,-lxil,-lgcc,-lc,--end-group
Finished building target: Test_Run.elf
 
Invoking: MicroBlaze Print Size
mb-size Test_Run.elf  |tee "Test_Run.elf.size"
   text	   data	    bss	    dec	    hex	filename
  12600	   1356	   3180	  17136	   42f0	Test_Run.elf
Finished building: Test_Run.elf.size
 
13:51:12 **** Auto Build of configuration Debug for project Test_Run ****
make all 
Building file: ../src/HASH/sha256.c
Invoking: MicroBlaze gcc compiler
mb-gcc -Wall -O0 -g3 -c -fmessage-length=0 -MT"src/HASH/sha256.o" -I../../Test_Run_bsp/microblaze_0/include -mlittle-endian -mxl-barrel-shift -mno-xl-soft-div -mcpu=v10.0 -mno-xl-soft-mul -Wl,--no-relax -ffunction-sections -fdata-sections -MMD -MP -MF"src/HASH/sha256.d" -MT"src/HASH/sha256.o" -o "src/HASH/sha256.o" "../src/HASH/sha256.c"
Finished building: ../src/HASH/sha256.c
 
Building target: Test_Run.elf
Invoking: MicroBlaze gcc linker
mb-gcc -Wl,-T -Wl,../src/lscript.ld -L../../Test_Run_bsp/microblaze_0/lib -mlittle-endian -mxl-barrel-shift -mno-xl-soft-div -mcpu=v10.0 -mno-xl-soft-mul -Wl,--no-relax -Wl,--gc-sections -o "Test_Run.elf"  ./src/HASH/md5.o ./src/HASH/sha1.o ./src/HASH/sha256.o  ./src/ECC/uECC.o  ./src/AES/aes.o ./src/AES/aes_decrypt_driver.o  ./src/main.o ./src/platform.o ./src/tests_1.o ./src/util.o   -Wl,--start-group,-lxil,-lgcc,-lc,--end-group
Finished building target: Test_Run.elf
 
Invoking: MicroBlaze Print Size
mb-size Test_Run.elf  |tee "Test_Run.elf.size"
   text	   data	    bss	    dec	    hex	filename
  12600	   1356	   3180	  17136	   42f0	Test_Run.elf
Finished building: Test_Run.elf.size
 
13:52:31 **** Auto Build of configuration Debug for project Test_Run ****
make all 
Building file: ../src/main.c
Invoking: MicroBlaze gcc compiler
mb-gcc -Wall -O0 -g3 -c -fmessage-length=0 -MT"src/main.o" -I../../Test_Run_bsp/microblaze_0/include -mlittle-endian -mxl-barrel-shift -mno-xl-soft-div -mcpu=v10.0 -mno-xl-soft-mul -Wl,--no-relax -ffunction-sections -fdata-sections -MMD -MP -MF"src/main.d" -MT"src/main.o" -o "src/main.o" "../src/main.c"
../src/main.c:69:14: warning: 'InterruptController' defined but not used [-Wunused-variable]
 static XIntc InterruptController;
              ^~~~~~~~~~~~~~~~~~~
Finished building: ../src/main.c
 
Building target: Test_Run.elf
Invoking: MicroBlaze gcc linker
mb-gcc -Wl,-T -Wl,../src/lscript.ld -L../../Test_Run_bsp/microblaze_0/lib -mlittle-endian -mxl-barrel-shift -mno-xl-soft-div -mcpu=v10.0 -mno-xl-soft-mul -Wl,--no-relax -Wl,--gc-sections -o "Test_Run.elf"  ./src/HASH/md5.o ./src/HASH/sha1.o ./src/HASH/sha256.o  ./src/ECC/uECC.o  ./src/AES/aes.o ./src/AES/aes_decrypt_driver.o  ./src/main.o ./src/platform.o ./src/tests_1.o ./src/util.o   -Wl,--start-group,-lxil,-lgcc,-lc,--end-group
Finished building target: Test_Run.elf
 
Invoking: MicroBlaze Print Size
mb-size Test_Run.elf  |tee "Test_Run.elf.size"
   text	   data	    bss	    dec	    hex	filename
  12600	   1356	   3180	  17136	   42f0	Test_Run.elf
Finished building: Test_Run.elf.size
 
13:52:59 **** Auto Build of configuration Debug for project Test_Run ****
make all 
Building file: ../src/main.c
Invoking: MicroBlaze gcc compiler
mb-gcc -Wall -O0 -g3 -c -fmessage-length=0 -MT"src/main.o" -I../../Test_Run_bsp/microblaze_0/include -mlittle-endian -mxl-barrel-shift -mno-xl-soft-div -mcpu=v10.0 -mno-xl-soft-mul -Wl,--no-relax -ffunction-sections -fdata-sections -MMD -MP -MF"src/main.d" -MT"src/main.o" -o "src/main.o" "../src/main.c"
../src/main.c:69:14: warning: 'InterruptController' defined but not used [-Wunused-variable]
 static XIntc InterruptController;
              ^~~~~~~~~~~~~~~~~~~
Finished building: ../src/main.c
 
Building target: Test_Run.elf
Invoking: MicroBlaze gcc linker
mb-gcc -Wl,-T -Wl,../src/lscript.ld -L../../Test_Run_bsp/microblaze_0/lib -mlittle-endian -mxl-barrel-shift -mno-xl-soft-div -mcpu=v10.0 -mno-xl-soft-mul -Wl,--no-relax -Wl,--gc-sections -o "Test_Run.elf"  ./src/HASH/md5.o ./src/HASH/sha1.o ./src/HASH/sha256.o  ./src/ECC/uECC.o  ./src/AES/aes.o ./src/AES/aes_decrypt_driver.o  ./src/main.o ./src/platform.o ./src/tests_1.o ./src/util.o   -Wl,--start-group,-lxil,-lgcc,-lc,--end-group
Finished building target: Test_Run.elf
 
Invoking: MicroBlaze Print Size
mb-size Test_Run.elf  |tee "Test_Run.elf.size"
   text	   data	    bss	    dec	    hex	filename
  12600	   1356	   3180	  17136	   42f0	Test_Run.elf
Finished building: Test_Run.elf.size
 
13:53:15 **** Auto Build of configuration Debug for project Test_Run ****
make all 
Building file: ../src/main.c
Invoking: MicroBlaze gcc compiler
mb-gcc -Wall -O0 -g3 -c -fmessage-length=0 -MT"src/main.o" -I../../Test_Run_bsp/microblaze_0/include -mlittle-endian -mxl-barrel-shift -mno-xl-soft-div -mcpu=v10.0 -mno-xl-soft-mul -Wl,--no-relax -ffunction-sections -fdata-sections -MMD -MP -MF"src/main.d" -MT"src/main.o" -o "src/main.o" "../src/main.c"
../src/main.c:69:14: warning: 'InterruptController' defined but not used [-Wunused-variable]
 static XIntc InterruptController;
              ^~~~~~~~~~~~~~~~~~~
Finished building: ../src/main.c
 
Building target: Test_Run.elf
Invoking: MicroBlaze gcc linker
mb-gcc -Wl,-T -Wl,../src/lscript.ld -L../../Test_Run_bsp/microblaze_0/lib -mlittle-endian -mxl-barrel-shift -mno-xl-soft-div -mcpu=v10.0 -mno-xl-soft-mul -Wl,--no-relax -Wl,--gc-sections -o "Test_Run.elf"  ./src/HASH/md5.o ./src/HASH/sha1.o ./src/HASH/sha256.o  ./src/ECC/uECC.o  ./src/AES/aes.o ./src/AES/aes_decrypt_driver.o  ./src/main.o ./src/platform.o ./src/tests_1.o ./src/util.o   -Wl,--start-group,-lxil,-lgcc,-lc,--end-group
Finished building target: Test_Run.elf
 
Invoking: MicroBlaze Print Size
mb-size Test_Run.elf  |tee "Test_Run.elf.size"
   text	   data	    bss	    dec	    hex	filename
  12676	   1356	   3184	  17216	   4340	Test_Run.elf
Finished building: Test_Run.elf.size
 
13:53:28 **** Auto Build of configuration Debug for project Test_Run ****
make all 
Building file: ../src/main.c
Invoking: MicroBlaze gcc compiler
mb-gcc -Wall -O0 -g3 -c -fmessage-length=0 -MT"src/main.o" -I../../Test_Run_bsp/microblaze_0/include -mlittle-endian -mxl-barrel-shift -mno-xl-soft-div -mcpu=v10.0 -mno-xl-soft-mul -Wl,--no-relax -ffunction-sections -fdata-sections -MMD -MP -MF"src/main.d" -MT"src/main.o" -o "src/main.o" "../src/main.c"
../src/main.c:69:14: warning: 'InterruptController' defined but not used [-Wunused-variable]
 static XIntc InterruptController;
              ^~~~~~~~~~~~~~~~~~~
Finished building: ../src/main.c
 
Building target: Test_Run.elf
Invoking: MicroBlaze gcc linker
mb-gcc -Wl,-T -Wl,../src/lscript.ld -L../../Test_Run_bsp/microblaze_0/lib -mlittle-endian -mxl-barrel-shift -mno-xl-soft-div -mcpu=v10.0 -mno-xl-soft-mul -Wl,--no-relax -Wl,--gc-sections -o "Test_Run.elf"  ./src/HASH/md5.o ./src/HASH/sha1.o ./src/HASH/sha256.o  ./src/ECC/uECC.o  ./src/AES/aes.o ./src/AES/aes_decrypt_driver.o  ./src/main.o ./src/platform.o ./src/tests_1.o ./src/util.o   -Wl,--start-group,-lxil,-lgcc,-lc,--end-group
Finished building target: Test_Run.elf
 
Invoking: MicroBlaze Print Size
mb-size Test_Run.elf  |tee "Test_Run.elf.size"
   text	   data	    bss	    dec	    hex	filename
  12676	   1356	   3184	  17216	   4340	Test_Run.elf
Finished building: Test_Run.elf.size
 
13:56:45 **** Auto Build of configuration Debug for project Test_Run ****
make all 
Building file: ../src/main.c
Invoking: MicroBlaze gcc compiler
mb-gcc -Wall -O0 -g3 -c -fmessage-length=0 -MT"src/main.o" -I../../Test_Run_bsp/microblaze_0/include -mlittle-endian -mxl-barrel-shift -mno-xl-soft-div -mcpu=v10.0 -mno-xl-soft-mul -Wl,--no-relax -ffunction-sections -fdata-sections -MMD -MP -MF"src/main.d" -MT"src/main.o" -o "src/main.o" "../src/main.c"
../src/main.c: In function 'main':
../src/main.c:913:13: error: 'AES_DECRYPT_BASEADDR' undeclared (first use in this function)
   Xil_Out32(AES_DECRYPT_BASEADDR + BASE_KEY_REGISTERS_OFFSET + i, test);
             ^~~~~~~~~~~~~~~~~~~~
../src/main.c:913:13: note: each undeclared identifier is reported only once for each function it appears in
../src/main.c:913:36: error: 'BASE_KEY_REGISTERS_OFFSET' undeclared (first use in this function)
   Xil_Out32(AES_DECRYPT_BASEADDR + BASE_KEY_REGISTERS_OFFSET + i, test);
                                    ^~~~~~~~~~~~~~~~~~~~~~~~~
At top level:
../src/main.c:69:14: warning: 'InterruptController' defined but not used [-Wunused-variable]
 static XIntc InterruptController;
              ^~~~~~~~~~~~~~~~~~~
src/subdir.mk:30: recipe for target 'src/main.o' failed
make: *** [src/main.o] Error 1
13:57:42 **** Auto Build of configuration Debug for project Test_Run ****
make all 
Building file: ../src/main.c
Invoking: MicroBlaze gcc compiler
mb-gcc -Wall -O0 -g3 -c -fmessage-length=0 -MT"src/main.o" -I../../Test_Run_bsp/microblaze_0/include -mlittle-endian -mxl-barrel-shift -mno-xl-soft-div -mcpu=v10.0 -mno-xl-soft-mul -Wl,--no-relax -ffunction-sections -fdata-sections -MMD -MP -MF"src/main.d" -MT"src/main.o" -o "src/main.o" "../src/main.c"
../src/main.c: In function 'main':
../src/main.c:914:25: error: 'AES_DECRYPT_BASEADDR' undeclared (first use in this function)
   u32 test_o = Xil_In32(AES_DECRYPT_BASEADDR + BASE_KEY_REGISTERS_OFFSET + i);
                         ^~~~~~~~~~~~~~~~~~~~
../src/main.c:914:25: note: each undeclared identifier is reported only once for each function it appears in
../src/main.c:914:48: error: 'BASE_KEY_REGISTERS_OFFSET' undeclared (first use in this function)
   u32 test_o = Xil_In32(AES_DECRYPT_BASEADDR + BASE_KEY_REGISTERS_OFFSET + i);
                                                ^~~~~~~~~~~~~~~~~~~~~~~~~
At top level:
../src/main.c:69:14: warning: 'InterruptController' defined but not used [-Wunused-variable]
 static XIntc InterruptController;
              ^~~~~~~~~~~~~~~~~~~
src/subdir.mk:30: recipe for target 'src/main.o' failed
make: *** [src/main.o] Error 1
13:57:47 **** Auto Build of configuration Debug for project Test_Run ****
make all 
Building file: ../src/main.c
Invoking: MicroBlaze gcc compiler
mb-gcc -Wall -O0 -g3 -c -fmessage-length=0 -MT"src/main.o" -I../../Test_Run_bsp/microblaze_0/include -mlittle-endian -mxl-barrel-shift -mno-xl-soft-div -mcpu=v10.0 -mno-xl-soft-mul -Wl,--no-relax -ffunction-sections -fdata-sections -MMD -MP -MF"src/main.d" -MT"src/main.o" -o "src/main.o" "../src/main.c"
../src/main.c:69:14: warning: 'InterruptController' defined but not used [-Wunused-variable]
 static XIntc InterruptController;
              ^~~~~~~~~~~~~~~~~~~
Finished building: ../src/main.c
 
Building target: Test_Run.elf
Invoking: MicroBlaze gcc linker
mb-gcc -Wl,-T -Wl,../src/lscript.ld -L../../Test_Run_bsp/microblaze_0/lib -mlittle-endian -mxl-barrel-shift -mno-xl-soft-div -mcpu=v10.0 -mno-xl-soft-mul -Wl,--no-relax -Wl,--gc-sections -o "Test_Run.elf"  ./src/HASH/md5.o ./src/HASH/sha1.o ./src/HASH/sha256.o  ./src/ECC/uECC.o  ./src/AES/aes.o ./src/AES/aes_decrypt_driver.o  ./src/main.o ./src/platform.o ./src/tests_1.o ./src/util.o   -Wl,--start-group,-lxil,-lgcc,-lc,--end-group
Finished building target: Test_Run.elf
 
Invoking: MicroBlaze Print Size
mb-size Test_Run.elf  |tee "Test_Run.elf.size"
   text	   data	    bss	    dec	    hex	filename
   9788	   1356	   3176	  14320	   37f0	Test_Run.elf
Finished building: Test_Run.elf.size
 
14:14:06 **** Auto Build of configuration Debug for project Test_Run ****
make all 
Building file: ../src/HASH/sha256.c
Invoking: MicroBlaze gcc compiler
mb-gcc -Wall -O0 -g3 -c -fmessage-length=0 -MT"src/HASH/sha256.o" -I../../Test_Run_bsp/microblaze_0/include -mlittle-endian -mxl-barrel-shift -mno-xl-soft-div -mcpu=v10.0 -mno-xl-soft-mul -Wl,--no-relax -ffunction-sections -fdata-sections -MMD -MP -MF"src/HASH/sha256.d" -MT"src/HASH/sha256.o" -o "src/HASH/sha256.o" "../src/HASH/sha256.c"
Finished building: ../src/HASH/sha256.c
 
Building target: Test_Run.elf
Invoking: MicroBlaze gcc linker
mb-gcc -Wl,-T -Wl,../src/lscript.ld -L../../Test_Run_bsp/microblaze_0/lib -mlittle-endian -mxl-barrel-shift -mno-xl-soft-div -mcpu=v10.0 -mno-xl-soft-mul -Wl,--no-relax -Wl,--gc-sections -o "Test_Run.elf"  ./src/HASH/md5.o ./src/HASH/sha1.o ./src/HASH/sha256.o  ./src/ECC/uECC.o  ./src/AES/aes.o ./src/AES/aes_decrypt_driver.o  ./src/main.o ./src/platform.o ./src/tests_1.o ./src/util.o   -Wl,--start-group,-lxil,-lgcc,-lc,--end-group
Finished building target: Test_Run.elf
 
Invoking: MicroBlaze Print Size
mb-size Test_Run.elf  |tee "Test_Run.elf.size"
   text	   data	    bss	    dec	    hex	filename
   9788	   1356	   3176	  14320	   37f0	Test_Run.elf
Finished building: Test_Run.elf.size
 
14:15:22 **** Auto Build of configuration Debug for project Test_Run ****
make all 
Building file: ../src/HASH/sha256.c
Invoking: MicroBlaze gcc compiler
mb-gcc -Wall -O0 -g3 -c -fmessage-length=0 -MT"src/HASH/sha256.o" -I../../Test_Run_bsp/microblaze_0/include -mlittle-endian -mxl-barrel-shift -mno-xl-soft-div -mcpu=v10.0 -mno-xl-soft-mul -Wl,--no-relax -ffunction-sections -fdata-sections -MMD -MP -MF"src/HASH/sha256.d" -MT"src/HASH/sha256.o" -o "src/HASH/sha256.o" "../src/HASH/sha256.c"
../src/HASH/sha256.c:24:12: warning: 'last_next' defined but not used [-Wunused-variable]
 static int last_next = 0;
            ^~~~~~~~~
../src/HASH/sha256.c:23:12: warning: 'last_init' defined but not used [-Wunused-variable]
 static int last_init = 0;
            ^~~~~~~~~
Finished building: ../src/HASH/sha256.c
 
Building target: Test_Run.elf
Invoking: MicroBlaze gcc linker
mb-gcc -Wl,-T -Wl,../src/lscript.ld -L../../Test_Run_bsp/microblaze_0/lib -mlittle-endian -mxl-barrel-shift -mno-xl-soft-div -mcpu=v10.0 -mno-xl-soft-mul -Wl,--no-relax -Wl,--gc-sections -o "Test_Run.elf"  ./src/HASH/md5.o ./src/HASH/sha1.o ./src/HASH/sha256.o  ./src/ECC/uECC.o  ./src/AES/aes.o ./src/AES/aes_decrypt_driver.o  ./src/main.o ./src/platform.o ./src/tests_1.o ./src/util.o   -Wl,--start-group,-lxil,-lgcc,-lc,--end-group
Finished building target: Test_Run.elf
 
Invoking: MicroBlaze Print Size
mb-size Test_Run.elf  |tee "Test_Run.elf.size"
   text	   data	    bss	    dec	    hex	filename
   9788	   1356	   3176	  14320	   37f0	Test_Run.elf
Finished building: Test_Run.elf.size
 
14:16:24 **** Auto Build of configuration Debug for project Test_Run ****
make all 
Building file: ../src/HASH/sha256.c
Invoking: MicroBlaze gcc compiler
mb-gcc -Wall -O0 -g3 -c -fmessage-length=0 -MT"src/HASH/sha256.o" -I../../Test_Run_bsp/microblaze_0/include -mlittle-endian -mxl-barrel-shift -mno-xl-soft-div -mcpu=v10.0 -mno-xl-soft-mul -Wl,--no-relax -ffunction-sections -fdata-sections -MMD -MP -MF"src/HASH/sha256.d" -MT"src/HASH/sha256.o" -o "src/HASH/sha256.o" "../src/HASH/sha256.c"
Finished building: ../src/HASH/sha256.c
 
Building target: Test_Run.elf
Invoking: MicroBlaze gcc linker
mb-gcc -Wl,-T -Wl,../src/lscript.ld -L../../Test_Run_bsp/microblaze_0/lib -mlittle-endian -mxl-barrel-shift -mno-xl-soft-div -mcpu=v10.0 -mno-xl-soft-mul -Wl,--no-relax -Wl,--gc-sections -o "Test_Run.elf"  ./src/HASH/md5.o ./src/HASH/sha1.o ./src/HASH/sha256.o  ./src/ECC/uECC.o  ./src/AES/aes.o ./src/AES/aes_decrypt_driver.o  ./src/main.o ./src/platform.o ./src/tests_1.o ./src/util.o   -Wl,--start-group,-lxil,-lgcc,-lc,--end-group
Finished building target: Test_Run.elf
 
Invoking: MicroBlaze Print Size
mb-size Test_Run.elf  |tee "Test_Run.elf.size"
   text	   data	    bss	    dec	    hex	filename
   9788	   1356	   3176	  14320	   37f0	Test_Run.elf
Finished building: Test_Run.elf.size
 
14:16:34 **** Auto Build of configuration Debug for project Test_Run ****
make all 
Building file: ../src/main.c
Invoking: MicroBlaze gcc compiler
mb-gcc -Wall -O0 -g3 -c -fmessage-length=0 -MT"src/main.o" -I../../Test_Run_bsp/microblaze_0/include -mlittle-endian -mxl-barrel-shift -mno-xl-soft-div -mcpu=v10.0 -mno-xl-soft-mul -Wl,--no-relax -ffunction-sections -fdata-sections -MMD -MP -MF"src/main.d" -MT"src/main.o" -o "src/main.o" "../src/main.c"
../src/main.c:69:14: warning: 'InterruptController' defined but not used [-Wunused-variable]
 static XIntc InterruptController;
              ^~~~~~~~~~~~~~~~~~~
Finished building: ../src/main.c
 
Building target: Test_Run.elf
Invoking: MicroBlaze gcc linker
mb-gcc -Wl,-T -Wl,../src/lscript.ld -L../../Test_Run_bsp/microblaze_0/lib -mlittle-endian -mxl-barrel-shift -mno-xl-soft-div -mcpu=v10.0 -mno-xl-soft-mul -Wl,--no-relax -Wl,--gc-sections -o "Test_Run.elf"  ./src/HASH/md5.o ./src/HASH/sha1.o ./src/HASH/sha256.o  ./src/ECC/uECC.o  ./src/AES/aes.o ./src/AES/aes_decrypt_driver.o  ./src/main.o ./src/platform.o ./src/tests_1.o ./src/util.o   -Wl,--start-group,-lxil,-lgcc,-lc,--end-group
/media/heiko/Backup/Tools/Xilinx/2017/SDK/2017.4/gnu/microblaze/lin/bin/../lib/gcc/microblaze-xilinx-elf/6.2.0/../../../../microblaze-xilinx-elf/lib/bs/m/le/crtinit.o: In function `_crtinit':
(.text+0x78): undefined reference to `main'
makefile:39: recipe for target 'Test_Run.elf' failed
collect2: error: ld returned 1 exit status
make: *** [Test_Run.elf] Error 1
14:16:40 **** Auto Build of configuration Debug for project Test_Run ****
make all 
Building file: ../src/main.c
Invoking: MicroBlaze gcc compiler
mb-gcc -Wall -O0 -g3 -c -fmessage-length=0 -MT"src/main.o" -I../../Test_Run_bsp/microblaze_0/include -mlittle-endian -mxl-barrel-shift -mno-xl-soft-div -mcpu=v10.0 -mno-xl-soft-mul -Wl,--no-relax -ffunction-sections -fdata-sections -MMD -MP -MF"src/main.d" -MT"src/main.o" -o "src/main.o" "../src/main.c"
../src/main.c:69:14: warning: 'InterruptController' defined but not used [-Wunused-variable]
 static XIntc InterruptController;
              ^~~~~~~~~~~~~~~~~~~
Finished building: ../src/main.c
 
Building target: Test_Run.elf
Invoking: MicroBlaze gcc linker
mb-gcc -Wl,-T -Wl,../src/lscript.ld -L../../Test_Run_bsp/microblaze_0/lib -mlittle-endian -mxl-barrel-shift -mno-xl-soft-div -mcpu=v10.0 -mno-xl-soft-mul -Wl,--no-relax -Wl,--gc-sections -o "Test_Run.elf"  ./src/HASH/md5.o ./src/HASH/sha1.o ./src/HASH/sha256.o  ./src/ECC/uECC.o  ./src/AES/aes.o ./src/AES/aes_decrypt_driver.o  ./src/main.o ./src/platform.o ./src/tests_1.o ./src/util.o   -Wl,--start-group,-lxil,-lgcc,-lc,--end-group
Finished building target: Test_Run.elf
 
Invoking: MicroBlaze Print Size
mb-size Test_Run.elf  |tee "Test_Run.elf.size"
   text	   data	    bss	    dec	    hex	filename
  12596	   1356	   3176	  17128	   42e8	Test_Run.elf
Finished building: Test_Run.elf.size
 
14:21:16 **** Auto Build of configuration Debug for project Test_Run ****
make all 
Building file: ../src/main.c
Invoking: MicroBlaze gcc compiler
mb-gcc -Wall -O0 -g3 -c -fmessage-length=0 -MT"src/main.o" -I../../Test_Run_bsp/microblaze_0/include -mlittle-endian -mxl-barrel-shift -mno-xl-soft-div -mcpu=v10.0 -mno-xl-soft-mul -Wl,--no-relax -ffunction-sections -fdata-sections -MMD -MP -MF"src/main.d" -MT"src/main.o" -o "src/main.o" "../src/main.c"
../src/main.c: In function 'main':
../src/main.c:1046:10: warning: unused variable 'tc2_1' [-Wunused-variable]
  uint8_t tc2_1[64] = { 0x61, 0x62, 0x63, 0x64, 0x62, 0x63, 0x64, 0x65, 0x63, 0x64, 0x65, 0x66, 0x64, 0x65, 0x66, 0x67, 0x65, 0x66
          ^~~~~
../src/main.c: At top level:
../src/main.c:1051:2: warning: data definition has no type or storage class
  res2_1 = 256'h85E655D6417A17953363376A624CDE5C76E09589CAC5F811CC4B32C1F20E533A;
  ^~~~~~
../src/main.c:1051:2: warning: type defaults to 'int' in declaration of 'res2_1' [-Wimplicit-int]
../src/main.c:1051:14: warning: missing terminating ' character
  res2_1 = 256'h85E655D6417A17953363376A624CDE5C76E09589CAC5F811CC4B32C1F20E533A;
              ^
../src/main.c:1051:14: error: missing terminating ' character
  res2_1 = 256'h85E655D6417A17953363376A624CDE5C76E09589CAC5F811CC4B32C1F20E533A;
              ^~~~~~~~~~~~~~~~~~~~~~~~~~~~~~~~~~~~~~~~~~~~~~~~~~~~~~~~~~~~~~~~~~~
../src/main.c:1058:2: error: expected ',' or ';' before 'sha256_compute_hash'
  sha256_compute_hash(text1, sizeof(text1), 1, hash_out);
  ^~~~~~~~~~~~~~~~~~~
../src/main.c:49:37: error: expected '=', ',', ';', 'asm' or '__attribute__' before '->' token
 #define change_state(state, color) c->drm_state = state; setLED(led, color);
                                     ^
../src/main.c:50:23: note: in expansion of macro 'change_state'
 #define set_stopped() change_state(STOPPED, RED)
                       ^~~~~~~~~~~~
../src/main.c:1059:2: note: in expansion of macro 'set_stopped'
  set_stopped();
  ^~~~~~~~~~~
../src/main.c:49:58: warning: data definition has no type or storage class
 #define change_state(state, color) c->drm_state = state; setLED(led, color);
                                                          ^
../src/main.c:50:23: note: in expansion of macro 'change_state'
 #define set_stopped() change_state(STOPPED, RED)
                       ^~~~~~~~~~~~
../src/main.c:1059:2: note: in expansion of macro 'set_stopped'
  set_stopped();
  ^~~~~~~~~~~
../src/main.c:49:58: warning: type defaults to 'int' in declaration of 'setLED' [-Wimplicit-int]
 #define change_state(state, color) c->drm_state = state; setLED(led, color);
                                                          ^
../src/main.c:50:23: note: in expansion of macro 'change_state'
 #define set_stopped() change_state(STOPPED, RED)
                       ^~~~~~~~~~~~
../src/main.c:1059:2: note: in expansion of macro 'set_stopped'
  set_stopped();
  ^~~~~~~~~~~
../src/main.c:49:37: warning: parameter names (without types) in function declaration
 #define change_state(state, color) c->drm_state = state; setLED(led, color);
                                     ^
../src/main.c:50:23: note: in expansion of macro 'change_state'
 #define set_stopped() change_state(STOPPED, RED)
                       ^~~~~~~~~~~~
../src/main.c:1059:2: note: in expansion of macro 'set_stopped'
  set_stopped();
  ^~~~~~~~~~~
../src/main.c:49:58: error: conflicting types for 'setLED'
 #define change_state(state, color) c->drm_state = state; setLED(led, color);
                                                          ^
../src/main.c:50:23: note: in expansion of macro 'change_state'
 #define set_stopped() change_state(STOPPED, RED)
                       ^~~~~~~~~~~~
../src/main.c:1059:2: note: in expansion of macro 'set_stopped'
  set_stopped();
  ^~~~~~~~~~~
In file included from ../src/main.c:20:0:
../src/util.h:8:6: note: previous declaration of 'setLED' was here
 void setLED(u32* led, struct color c);
      ^~~~~~
../src/main.c:1061:20: error: 'hash1' undeclared here (not in a function)
  int pass = memcmp(hash1, hash_out, SHA256_BLOCK_SIZE); //returns 0 if the same
                    ^~~~~
../src/main.c:1061:27: error: 'hash_out' undeclared here (not in a function)
  int pass = memcmp(hash1, hash_out, SHA256_BLOCK_SIZE); //returns 0 if the same
                           ^~~~~~~~
../src/main.c:1063:2: error: expected identifier or '(' before 'if'
  if(pass==0){
  ^~
../src/main.c:1065:3: error: expected identifier or '(' before 'else'
  }else{
   ^~~~
../src/main.c:1068:1: error: expected identifier or '(' before '}' token
 }
 ^
../src/main.c:69:14: warning: 'InterruptController' defined but not used [-Wunused-variable]
src/subdir.mk:30: recipe for target 'src/main.o' failed
 static XIntc InterruptController;
              ^~~~~~~~~~~~~~~~~~~
make: *** [src/main.o] Error 1
14:22:08 **** Auto Build of configuration Debug for project Test_Run ****
make all 
Building file: ../src/main.c
Invoking: MicroBlaze gcc compiler
mb-gcc -Wall -O0 -g3 -c -fmessage-length=0 -MT"src/main.o" -I../../Test_Run_bsp/microblaze_0/include -mlittle-endian -mxl-barrel-shift -mno-xl-soft-div -mcpu=v10.0 -mno-xl-soft-mul -Wl,--no-relax -ffunction-sections -fdata-sections -MMD -MP -MF"src/main.d" -MT"src/main.o" -o "src/main.o" "../src/main.c"
../src/main.c: In function 'main':
../src/main.c:1046:10: warning: unused variable 'tc2_1' [-Wunused-variable]
  uint8_t tc2_1[64] = { 0x61, 0x62, 0x63, 0x64, 0x62, 0x63, 0x64, 0x65, 0x63, 0x64, 0x65, 0x66, 0x64, 0x65, 0x66, 0x67, 0x65, 0x66
          ^~~~~
../src/main.c: At top level:
../src/main.c:1052:4: error: invalid suffix "C" on integer constant
    5C, 0x76, 0xE0, 0x95, 0x89, 0xCA, 0xC5, 0xF8, 0x11, 0xCC, 0x4B, 0x32, 0xC1, 0xF2, 0x0E, 0x53, 0x3A};
    ^~
../src/main.c:1052:4: error: expected '}' before numeric constant
../src/main.c:1059:29: error: expected ')' before 'sizeof'
  sha256_compute_hash(text1, sizeof(text1), 1, hash_out);
                             ^~~~~~
../src/main.c:49:37: error: expected '=', ',', ';', 'asm' or '__attribute__' before '->' token
 #define change_state(state, color) c->drm_state = state; setLED(led, color);
                                     ^
../src/main.c:50:23: note: in expansion of macro 'change_state'
 #define set_stopped() change_state(STOPPED, RED)
                       ^~~~~~~~~~~~
../src/main.c:1060:2: note: in expansion of macro 'set_stopped'
  set_stopped();
  ^~~~~~~~~~~
../src/main.c:49:58: warning: data definition has no type or storage class
 #define change_state(state, color) c->drm_state = state; setLED(led, color);
                                                          ^
../src/main.c:50:23: note: in expansion of macro 'change_state'
 #define set_stopped() change_state(STOPPED, RED)
                       ^~~~~~~~~~~~
../src/main.c:1060:2: note: in expansion of macro 'set_stopped'
  set_stopped();
  ^~~~~~~~~~~
../src/main.c:49:58: warning: type defaults to 'int' in declaration of 'setLED' [-Wimplicit-int]
 #define change_state(state, color) c->drm_state = state; setLED(led, color);
                                                          ^
../src/main.c:50:23: note: in expansion of macro 'change_state'
 #define set_stopped() change_state(STOPPED, RED)
                       ^~~~~~~~~~~~
../src/main.c:1060:2: note: in expansion of macro 'set_stopped'
  set_stopped();
  ^~~~~~~~~~~
../src/main.c:49:37: warning: parameter names (without types) in function declaration
 #define change_state(state, color) c->drm_state = state; setLED(led, color);
                                     ^
../src/main.c:50:23: note: in expansion of macro 'change_state'
 #define set_stopped() change_state(STOPPED, RED)
                       ^~~~~~~~~~~~
../src/main.c:1060:2: note: in expansion of macro 'set_stopped'
  set_stopped();
  ^~~~~~~~~~~
../src/main.c:49:58: error: conflicting types for 'setLED'
 #define change_state(state, color) c->drm_state = state; setLED(led, color);
src/subdir.mk:30: recipe for target 'src/main.o' failed
                                                          ^
../src/main.c:50:23: note: in expansion of macro 'change_state'
 #define set_stopped() change_state(STOPPED, RED)
                       ^~~~~~~~~~~~
../src/main.c:1060:2: note: in expansion of macro 'set_stopped'
  set_stopped();
  ^~~~~~~~~~~
In file included from ../src/main.c:20:0:
../src/util.h:8:6: note: previous declaration of 'setLED' was here
 void setLED(u32* led, struct color c);
      ^~~~~~
../src/main.c:1062:20: error: 'hash1' undeclared here (not in a function)
  int pass = memcmp(hash1, hash_out, SHA256_BLOCK_SIZE); //returns 0 if the same
                    ^~~~~
../src/main.c:1062:27: error: 'hash_out' undeclared here (not in a function)
  int pass = memcmp(hash1, hash_out, SHA256_BLOCK_SIZE); //returns 0 if the same
                           ^~~~~~~~
../src/main.c:1064:2: error: expected identifier or '(' before 'if'
  if(pass==0){
  ^~
../src/main.c:1066:3: error: expected identifier or '(' before 'else'
  }else{
   ^~~~
../src/main.c:1069:1: error: expected identifier or '(' before '}' token
 }
 ^
../src/main.c:69:14: warning: 'InterruptController' defined but not used [-Wunused-variable]
 static XIntc InterruptController;
              ^~~~~~~~~~~~~~~~~~~
make: *** [src/main.o] Error 1
14:22:19 **** Auto Build of configuration Debug for project Test_Run ****
make all 
Building file: ../src/main.c
Invoking: MicroBlaze gcc compiler
mb-gcc -Wall -O0 -g3 -c -fmessage-length=0 -MT"src/main.o" -I../../Test_Run_bsp/microblaze_0/include -mlittle-endian -mxl-barrel-shift -mno-xl-soft-div -mcpu=v10.0 -mno-xl-soft-mul -Wl,--no-relax -ffunction-sections -fdata-sections -MMD -MP -MF"src/main.d" -MT"src/main.o" -o "src/main.o" "../src/main.c"
../src/main.c: In function 'main':
../src/main.c:1046:10: warning: unused variable 'tc2_1' [-Wunused-variable]
  uint8_t tc2_1[64] = { 0x61, 0x62, 0x63, 0x64, 0x62, 0x63, 0x64, 0x65, 0x63, 0x64, 0x65, 0x66, 0x64, 0x65, 0x66, 0x67, 0x65, 0x66
          ^~~~~
../src/main.c: At top level:
../src/main.c:1059:29: error: expected ')' before 'sizeof'
  sha256_compute_hash(text1, sizeof(text1), 1, hash_out);
                             ^~~~~~
../src/main.c:49:37: error: expected '=', ',', ';', 'asm' or '__attribute__' before '->' token
 #define change_state(state, color) c->drm_state = state; setLED(led, color);
                                     ^
../src/main.c:50:23: note: in expansion of macro 'change_state'
 #define set_stopped() change_state(STOPPED, RED)
                       ^~~~~~~~~~~~
../src/main.c:1060:2: note: in expansion of macro 'set_stopped'
  set_stopped();
  ^~~~~~~~~~~
../src/main.c:49:58: warning: data definition has no type or storage class
 #define change_state(state, color) c->drm_state = state; setLED(led, color);
src/subdir.mk:30: recipe for target 'src/main.o' failed
                                                          ^
../src/main.c:50:23: note: in expansion of macro 'change_state'
 #define set_stopped() change_state(STOPPED, RED)
                       ^~~~~~~~~~~~
../src/main.c:1060:2: note: in expansion of macro 'set_stopped'
  set_stopped();
  ^~~~~~~~~~~
../src/main.c:49:58: warning: type defaults to 'int' in declaration of 'setLED' [-Wimplicit-int]
 #define change_state(state, color) c->drm_state = state; setLED(led, color);
                                                          ^
../src/main.c:50:23: note: in expansion of macro 'change_state'
 #define set_stopped() change_state(STOPPED, RED)
                       ^~~~~~~~~~~~
../src/main.c:1060:2: note: in expansion of macro 'set_stopped'
  set_stopped();
  ^~~~~~~~~~~
../src/main.c:49:37: warning: parameter names (without types) in function declaration
 #define change_state(state, color) c->drm_state = state; setLED(led, color);
                                     ^
../src/main.c:50:23: note: in expansion of macro 'change_state'
 #define set_stopped() change_state(STOPPED, RED)
                       ^~~~~~~~~~~~
../src/main.c:1060:2: note: in expansion of macro 'set_stopped'
  set_stopped();
  ^~~~~~~~~~~
../src/main.c:49:58: error: conflicting types for 'setLED'
 #define change_state(state, color) c->drm_state = state; setLED(led, color);
                                                          ^
../src/main.c:50:23: note: in expansion of macro 'change_state'
 #define set_stopped() change_state(STOPPED, RED)
                       ^~~~~~~~~~~~
../src/main.c:1060:2: note: in expansion of macro 'set_stopped'
  set_stopped();
  ^~~~~~~~~~~
In file included from ../src/main.c:20:0:
../src/util.h:8:6: note: previous declaration of 'setLED' was here
 void setLED(u32* led, struct color c);
      ^~~~~~
../src/main.c:1062:20: error: 'hash1' undeclared here (not in a function)
  int pass = memcmp(hash1, hash_out, SHA256_BLOCK_SIZE); //returns 0 if the same
                    ^~~~~
../src/main.c:1062:27: error: 'hash_out' undeclared here (not in a function)
  int pass = memcmp(hash1, hash_out, SHA256_BLOCK_SIZE); //returns 0 if the same
                           ^~~~~~~~
../src/main.c:1064:2: error: expected identifier or '(' before 'if'
  if(pass==0){
  ^~
../src/main.c:1066:3: error: expected identifier or '(' before 'else'
  }else{
   ^~~~
../src/main.c:1069:1: error: expected identifier or '(' before '}' token
 }
 ^
../src/main.c:69:14: warning: 'InterruptController' defined but not used [-Wunused-variable]
 static XIntc InterruptController;
              ^~~~~~~~~~~~~~~~~~~
make: *** [src/main.o] Error 1
14:22:32 **** Auto Build of configuration Debug for project Test_Run ****
make all 
Building file: ../src/main.c
Invoking: MicroBlaze gcc compiler
mb-gcc -Wall -O0 -g3 -c -fmessage-length=0 -MT"src/main.o" -I../../Test_Run_bsp/microblaze_0/include -mlittle-endian -mxl-barrel-shift -mno-xl-soft-div -mcpu=v10.0 -mno-xl-soft-mul -Wl,--no-relax -ffunction-sections -fdata-sections -MMD -MP -MF"src/main.d" -MT"src/main.o" -o "src/main.o" "../src/main.c"
../src/main.c: In function 'main':
../src/main.c:1046:10: warning: unused variable 'tc2_1' [-Wunused-variable]
  uint8_t tc2_1[64] = { 0x61, 0x62, 0x63, 0x64, 0x62, 0x63, 0x64, 0x65, 0x63, 0x64, 0x65, 0x66, 0x64, 0x65, 0x66, 0x67, 0x65, 0x66
          ^~~~~
../src/main.c: At top level:
../src/main.c:49:37: error: expected '=', ',', ';', 'asm' or '__attribute__' before '->' token
 #define change_state(state, color) c->drm_state = state; setLED(led, color);
                                     ^
../src/main.c:50:23: note: in expansion of macro 'change_state'
 #define set_stopped() change_state(STOPPED, RED)
                       ^~~~~~~~~~~~
../src/main.c:1062:2: note: in expansion of macro 'set_stopped'
  set_stopped();
  ^~~~~~~~~~~
../src/main.c:49:58: warning: data definition has no type or storage class
 #define change_state(state, color) c->drm_state = state; setLED(led, color);
                                                          ^
../src/main.c:50:23: note: in expansion of macro 'change_state'
 #define set_stopped() change_state(STOPPED, RED)
                       ^~~~~~~~~~~~
../src/main.c:1062:2: note: in expansion of macro 'set_stopped'
  set_stopped();
  ^~~~~~~~~~~
../src/main.c:49:58: warning: type defaults to 'int' in declaration of 'setLED' [-Wimplicit-int]
 #define change_state(state, color) c->drm_state = state; setLED(led, color);
                                                          ^
../src/main.c:50:23: note: in expansion of macro 'change_state'
 #define set_stopped() change_state(STOPPED, RED)
                       ^~~~~~~~~~~~
../src/main.c:1062:2: note: in expansion of macro 'set_stopped'
  set_stopped();
  ^~~~~~~~~~~
../src/main.c:49:37: warning: parameter names (without types) in function declaration
 #define change_state(state, color) c->drm_state = state; setLED(led, color);
                                     ^
../src/main.c:50:23: note: in expansion of macro 'change_state'
 #define set_stopped() change_state(STOPPED, RED)
                       ^~~~~~~~~~~~
../src/main.c:1062:2: note: in expansion of macro 'set_stopped'
  set_stopped();
  ^~~~~~~~~~~
../src/main.c:49:58: error: conflicting types for 'setLED'
 #define change_state(state, color) c->drm_state = state; setLED(led, color);
                                                          ^
../src/main.c:50:23: note: in expansion of macro 'change_state'
 #define set_stopped() change_state(STOPPED, RED)
                       ^~~~~~~~~~~~
../src/main.c:1062:2: note: in expansion of macro 'set_stopped'
  set_stopped();
  ^~~~~~~~~~~
In file included from ../src/main.c:20:0:
../src/util.h:8:6: note: previous declaration of 'setLED' was here
 void setLED(u32* led, struct color c);
      ^~~~~~
../src/main.c:1064:20: error: 'hash1' undeclared here (not in a function)
  int pass = memcmp(hash1, hash_out, SHA256_BLOCK_SIZE); //returns 0 if the same
                    ^~~~~
../src/main.c:1064:27: error: 'hash_out' undeclared here (not in a function)
  int pass = memcmp(hash1, hash_out, SHA256_BLOCK_SIZE); //returns 0 if the same
                           ^~~~~~~~
../src/main.c:1066:2: error: expected identifier or '(' before 'if'
  if(pass==0){
  ^~
../src/main.c:1068:3: error: expected identifier or '(' before 'else'
src/subdir.mk:30: recipe for target 'src/main.o' failed
  }else{
   ^~~~
../src/main.c:1071:1: error: expected identifier or '(' before '}' token
 }
 ^
../src/main.c:69:14: warning: 'InterruptController' defined but not used [-Wunused-variable]
 static XIntc InterruptController;
              ^~~~~~~~~~~~~~~~~~~
make: *** [src/main.o] Error 1
14:22:43 **** Auto Build of configuration Debug for project Test_Run ****
make all 
Building file: ../src/main.c
Invoking: MicroBlaze gcc compiler
mb-gcc -Wall -O0 -g3 -c -fmessage-length=0 -MT"src/main.o" -I../../Test_Run_bsp/microblaze_0/include -mlittle-endian -mxl-barrel-shift -mno-xl-soft-div -mcpu=v10.0 -mno-xl-soft-mul -Wl,--no-relax -ffunction-sections -fdata-sections -MMD -MP -MF"src/main.d" -MT"src/main.o" -o "src/main.o" "../src/main.c"
../src/main.c: In function 'main':
../src/main.c:1064:20: error: 'hash1' undeclared (first use in this function)
  int pass = memcmp(hash1, hash_out, SHA256_BLOCK_SIZE); //returns 0 if the same
                    ^~~~~
../src/main.c:1064:20: note: each undeclared identifier is reported only once for each function it appears in
../src/main.c:1064:27: error: 'hash_out' undeclared (first use in this function)
  int pass = memcmp(hash1, hash_out, SHA256_BLOCK_SIZE); //returns 0 if the same
                           ^~~~~~~~
../src/main.c:1051:10: warning: unused variable 'res2_1' [-Wunused-variable]
  uint8_t res2_1[32] = {0x85, 0xE6, 0x55, 0xD6, 0x41, 0x7A, 0x17, 0x95, 0x33, 0x63, 0x37, 0x6A, 0x62, 0x4C, 0xDE
          ^~~~~~
../src/main.c:1046:10: warning: unused variable 'tc2_1' [-Wunused-variable]
  uint8_t tc2_1[64] = { 0x61, 0x62, 0x63, 0x64, 0x62, 0x63, 0x64, 0x65, 0x63, 0x64, 0x65, 0x66, 0x64, 0x65, 0x66, 0x67, 0x65, 0x66
          ^~~~~
At top level:
../src/main.c:69:14: warning: 'InterruptController' defined but not used [-Wunused-variable]
 static XIntc InterruptController;
              ^~~~~~~~~~~~~~~~~~~
src/subdir.mk:30: recipe for target 'src/main.o' failed
make: *** [src/main.o] Error 1
14:23:22 **** Auto Build of configuration Debug for project Test_Run ****
make all 
Building file: ../src/main.c
Invoking: MicroBlaze gcc compiler
mb-gcc -Wall -O0 -g3 -c -fmessage-length=0 -MT"src/main.o" -I../../Test_Run_bsp/microblaze_0/include -mlittle-endian -mxl-barrel-shift -mno-xl-soft-div -mcpu=v10.0 -mno-xl-soft-mul -Wl,--no-relax -ffunction-sections -fdata-sections -MMD -MP -MF"src/main.d" -MT"src/main.o" -o "src/main.o" "../src/main.c"
../src/main.c: In function 'main':
../src/main.c:1064:20: error: 'hash1' undeclared (first use in this function)
  int pass = memcmp(hash1, hash_out, SHA256_BLOCK_SIZE); //returns 0 if the same
                    ^~~~~
../src/main.c:1064:20: note: each undeclared identifier is reported only once for each function it appears in
../src/main.c:1064:27: error: 'hash_out' undeclared (first use in this function)
  int pass = memcmp(hash1, hash_out, SHA256_BLOCK_SIZE); //returns 0 if the same
                           ^~~~~~~~
../src/main.c:1051:10: warning: unused variable 'res2_1' [-Wunused-variable]
  uint8_t res2_1[32] = {0x85, 0xE6, 0x55, 0xD6, 0x41, 0x7A, 0x17, 0x95, 0x33, 0x63, 0x37, 0x6A, 0x62, 0x4C, 0xDE
          ^~~~~~
At top level:
../src/main.c:69:14: warning: 'InterruptController' defined but not used [-Wunused-variable]
 static XIntc InterruptController;
              ^~~~~~~~~~~~~~~~~~~
make: *** [src/main.o] Error 1
src/subdir.mk:30: recipe for target 'src/main.o' failed
14:24:20 **** Auto Build of configuration Debug for project Test_Run ****
make all 
Building file: ../src/main.c
Invoking: MicroBlaze gcc compiler
mb-gcc -Wall -O0 -g3 -c -fmessage-length=0 -MT"src/main.o" -I../../Test_Run_bsp/microblaze_0/include -mlittle-endian -mxl-barrel-shift -mno-xl-soft-div -mcpu=v10.0 -mno-xl-soft-mul -Wl,--no-relax -ffunction-sections -fdata-sections -MMD -MP -MF"src/main.d" -MT"src/main.o" -o "src/main.o" "../src/main.c"
../src/main.c: In function 'main':
../src/main.c:1066:20: error: 'hash1' undeclared (first use in this function)
  int pass = memcmp(hash1, hash_out, SHA256_BLOCK_SIZE); //returns 0 if the same
                    ^~~~~
../src/main.c:1066:20: note: each undeclared identifier is reported only once for each function it appears in
../src/main.c:1066:27: error: 'hash_out' undeclared (first use in this function)
  int pass = memcmp(hash1, hash_out, SHA256_BLOCK_SIZE); //returns 0 if the same
                           ^~~~~~~~
../src/main.c:1051:10: warning: unused variable 'res2_1' [-Wunused-variable]
  uint8_t res2_1[32] = {0x85, 0xE6, 0x55, 0xD6, 0x41, 0x7A, 0x17, 0x95, 0x33, 0x63, 0x37, 0x6A, 0x62, 0x4C, 0xDE
          ^~~~~~
At top level:
../src/main.c:69:14: warning: 'InterruptController' defined but not used [-Wunused-variable]
 static XIntc InterruptController;
              ^~~~~~~~~~~~~~~~~~~
make: *** [src/main.o] Error 1
src/subdir.mk:30: recipe for target 'src/main.o' failed
14:25:24 **** Auto Build of configuration Debug for project Test_Run ****
make all 
Building file: ../src/main.c
Invoking: MicroBlaze gcc compiler
mb-gcc -Wall -O0 -g3 -c -fmessage-length=0 -MT"src/main.o" -I../../Test_Run_bsp/microblaze_0/include -mlittle-endian -mxl-barrel-shift -mno-xl-soft-div -mcpu=v10.0 -mno-xl-soft-mul -Wl,--no-relax -ffunction-sections -fdata-sections -MMD -MP -MF"src/main.d" -MT"src/main.o" -o "src/main.o" "../src/main.c"
../src/main.c: In function 'main':
../src/main.c:1070:20: error: 'hash1' undeclared (first use in this function)
  int pass = memcmp(hash1, hash_out, SHA256_BLOCK_SIZE); //returns 0 if the same
                    ^~~~~
../src/main.c:1070:20: note: each undeclared identifier is reported only once for each function it appears in
../src/main.c:1070:27: error: 'hash_out' undeclared (first use in this function)
  int pass = memcmp(hash1, hash_out, SHA256_BLOCK_SIZE); //returns 0 if the same
                           ^~~~~~~~
../src/main.c:1051:10: warning: unused variable 'res2_1' [-Wunused-variable]
  uint8_t res2_1[32] = {0x85, 0xE6, 0x55, 0xD6, 0x41, 0x7A, 0x17, 0x95, 0x33, 0x63, 0x37, 0x6A, 0x62, 0x4C, 0xDE
          ^~~~~~
At top level:
../src/main.c:69:14: warning: 'InterruptController' defined but not used [-Wunused-variable]
 static XIntc InterruptController;
              ^~~~~~~~~~~~~~~~~~~
make: *** [src/main.o] Error 1
src/subdir.mk:30: recipe for target 'src/main.o' failed
14:27:10 **** Auto Build of configuration Debug for project Test_Run ****
make all 
Building file: ../src/main.c
Invoking: MicroBlaze gcc compiler
mb-gcc -Wall -O0 -g3 -c -fmessage-length=0 -MT"src/main.o" -I../../Test_Run_bsp/microblaze_0/include -mlittle-endian -mxl-barrel-shift -mno-xl-soft-div -mcpu=v10.0 -mno-xl-soft-mul -Wl,--no-relax -ffunction-sections -fdata-sections -MMD -MP -MF"src/main.d" -MT"src/main.o" -o "src/main.o" "../src/main.c"
../src/main.c: In function 'main':
../src/main.c:1077:20: error: 'hash1' undeclared (first use in this function)
  int pass = memcmp(hash1, hash_out, SHA256_BLOCK_SIZE); //returns 0 if the same
                    ^~~~~
../src/main.c:1077:20: note: each undeclared identifier is reported only once for each function it appears in
../src/main.c:1077:27: error: 'hash_out' undeclared (first use in this function)
  int pass = memcmp(hash1, hash_out, SHA256_BLOCK_SIZE); //returns 0 if the same
                           ^~~~~~~~
../src/main.c:1051:10: warning: unused variable 'res2_1' [-Wunused-variable]
  uint8_t res2_1[32] = {0x85, 0xE6, 0x55, 0xD6, 0x41, 0x7A, 0x17, 0x95, 0x33, 0x63, 0x37, 0x6A, 0x62, 0x4C, 0xDE
          ^~~~~~
At top level:
../src/main.c:69:14: warning: 'InterruptController' defined but not used [-Wunused-variable]
 static XIntc InterruptController;
              ^~~~~~~~~~~~~~~~~~~
src/subdir.mk:30: recipe for target 'src/main.o' failed
make: *** [src/main.o] Error 1
14:27:52 **** Auto Build of configuration Debug for project Test_Run ****
make all 
Building file: ../src/main.c
Invoking: MicroBlaze gcc compiler
mb-gcc -Wall -O0 -g3 -c -fmessage-length=0 -MT"src/main.o" -I../../Test_Run_bsp/microblaze_0/include -mlittle-endian -mxl-barrel-shift -mno-xl-soft-div -mcpu=v10.0 -mno-xl-soft-mul -Wl,--no-relax -ffunction-sections -fdata-sections -MMD -MP -MF"src/main.d" -MT"src/main.o" -o "src/main.o" "../src/main.c"
../src/main.c: In function 'main':
../src/main.c:1078:20: error: 'hash1' undeclared (first use in this function)
  int pass = memcmp(hash1, hash_out, SHA256_BLOCK_SIZE); //returns 0 if the same
                    ^~~~~
../src/main.c:1078:20: note: each undeclared identifier is reported only once for each function it appears in
../src/main.c:1051:10: warning: unused variable 'res2_1' [-Wunused-variable]
  uint8_t res2_1[32] = {0x85, 0xE6, 0x55, 0xD6, 0x41, 0x7A, 0x17, 0x95, 0x33, 0x63, 0x37, 0x6A, 0x62, 0x4C, 0xDE
          ^~~~~~
At top level:
../src/main.c:69:14: warning: 'InterruptController' defined but not used [-Wunused-variable]
 static XIntc InterruptController;
              ^~~~~~~~~~~~~~~~~~~
make: *** [src/main.o] Error 1
src/subdir.mk:30: recipe for target 'src/main.o' failed
14:28:27 **** Auto Build of configuration Debug for project Test_Run ****
make all 
Building file: ../src/main.c
Invoking: MicroBlaze gcc compiler
mb-gcc -Wall -O0 -g3 -c -fmessage-length=0 -MT"src/main.o" -I../../Test_Run_bsp/microblaze_0/include -mlittle-endian -mxl-barrel-shift -mno-xl-soft-div -mcpu=v10.0 -mno-xl-soft-mul -Wl,--no-relax -ffunction-sections -fdata-sections -MMD -MP -MF"src/main.d" -MT"src/main.o" -o "src/main.o" "../src/main.c"
../src/main.c:69:14: warning: 'InterruptController' defined but not used [-Wunused-variable]
 static XIntc InterruptController;
              ^~~~~~~~~~~~~~~~~~~
Finished building: ../src/main.c
 
Building target: Test_Run.elf
Invoking: MicroBlaze gcc linker
mb-gcc -Wl,-T -Wl,../src/lscript.ld -L../../Test_Run_bsp/microblaze_0/lib -mlittle-endian -mxl-barrel-shift -mno-xl-soft-div -mcpu=v10.0 -mno-xl-soft-mul -Wl,--no-relax -Wl,--gc-sections -o "Test_Run.elf"  ./src/HASH/md5.o ./src/HASH/sha1.o ./src/HASH/sha256.o  ./src/ECC/uECC.o  ./src/AES/aes.o ./src/AES/aes_decrypt_driver.o  ./src/main.o ./src/platform.o ./src/tests_1.o ./src/util.o   -Wl,--start-group,-lxil,-lgcc,-lc,--end-group
./src/main.o: In function `sha256_trigger_init':
/home/heiko/Desktop/Hardware_Sandbox/2020-ectf-insecure-example/pl/proj/test_reduced/test_reduced.sdk/Test_Run/Debug/../src/main.c:909: multiple definition of `sha256_trigger_init'
./src/HASH/sha256.o:/home/heiko/Desktop/Hardware_Sandbox/2020-ectf-insecure-example/pl/proj/test_reduced/test_reduced.sdk/Test_Run/Debug/../src/HASH/sha256.c:28: first defined here
makefile:39: recipe for target 'Test_Run.elf' failed
./src/main.o: In function `Xil_In32':
/home/heiko/Desktop/Hardware_Sandbox/2020-ectf-insecure-example/pl/proj/test_reduced/test_reduced.sdk/Test_Run/Debug/../../Test_Run_bsp/microblaze_0/include/xil_io.h:152: multiple definition of `sha256_trigger_next'
./src/HASH/sha256.o:/home/heiko/Desktop/Hardware_Sandbox/2020-ectf-insecure-example/pl/proj/test_reduced/test_reduced.sdk/Test_Run/Debug/../../Test_Run_bsp/microblaze_0/include/xil_io.h:152: first defined here
./src/main.o: In function `Xil_In32':
/home/heiko/Desktop/Hardware_Sandbox/2020-ectf-insecure-example/pl/proj/test_reduced/test_reduced.sdk/Test_Run/Debug/../../Test_Run_bsp/microblaze_0/include/xil_io.h:152: multiple definition of `sha256_digest_complete'
./src/HASH/sha256.o:/home/heiko/Desktop/Hardware_Sandbox/2020-ectf-insecure-example/pl/proj/test_reduced/test_reduced.sdk/Test_Run/Debug/../../Test_Run_bsp/microblaze_0/include/xil_io.h:152: first defined here
./src/main.o: In function `Xil_In32':
/home/heiko/Desktop/Hardware_Sandbox/2020-ectf-insecure-example/pl/proj/test_reduced/test_reduced.sdk/Test_Run/Debug/../../Test_Run_bsp/microblaze_0/include/xil_io.h:152: multiple definition of `sha256_ready'
./src/HASH/sha256.o:/home/heiko/Desktop/Hardware_Sandbox/2020-ectf-insecure-example/pl/proj/test_reduced/test_reduced.sdk/Test_Run/Debug/../../Test_Run_bsp/microblaze_0/include/xil_io.h:152: first defined here
./src/main.o: In function `Xil_In32':
/home/heiko/Desktop/Hardware_Sandbox/2020-ectf-insecure-example/pl/proj/test_reduced/test_reduced.sdk/Test_Run/Debug/../../Test_Run_bsp/microblaze_0/include/xil_io.h:152: multiple definition of `pad'
./src/HASH/sha256.o:/home/heiko/Desktop/Hardware_Sandbox/2020-ectf-insecure-example/pl/proj/test_reduced/test_reduced.sdk/Test_Run/Debug/../../Test_Run_bsp/microblaze_0/include/xil_io.h:152: first defined here
./src/main.o: In function `Xil_In32':
/home/heiko/Desktop/Hardware_Sandbox/2020-ectf-insecure-example/pl/proj/test_reduced/test_reduced.sdk/Test_Run/Debug/../../Test_Run_bsp/microblaze_0/include/xil_io.h:152: multiple definition of `load_block'
./src/HASH/sha256.o:/home/heiko/Desktop/Hardware_Sandbox/2020-ectf-insecure-example/pl/proj/test_reduced/test_reduced.sdk/Test_Run/Debug/../../Test_Run_bsp/microblaze_0/include/xil_io.h:152: first defined here
./src/main.o: In function `Xil_In32':
/home/heiko/Desktop/Hardware_Sandbox/2020-ectf-insecure-example/pl/proj/test_reduced/test_reduced.sdk/Test_Run/Debug/../../Test_Run_bsp/microblaze_0/include/xil_io.h:152: multiple definition of `read_digest'
./src/HASH/sha256.o:/home/heiko/Desktop/Hardware_Sandbox/2020-ectf-insecure-example/pl/proj/test_reduced/test_reduced.sdk/Test_Run/Debug/../../Test_Run_bsp/microblaze_0/include/xil_io.h:152: first defined here
./src/main.o: In function `Xil_In32':
/home/heiko/Desktop/Hardware_Sandbox/2020-ectf-insecure-example/pl/proj/test_reduced/test_reduced.sdk/Test_Run/Debug/../../Test_Run_bsp/microblaze_0/include/xil_io.h:152: multiple definition of `digest_block'
./src/HASH/sha256.o:/home/heiko/Desktop/Hardware_Sandbox/2020-ectf-insecure-example/pl/proj/test_reduced/test_reduced.sdk/Test_Run/Debug/../../Test_Run_bsp/microblaze_0/include/xil_io.h:152: first defined here
./src/main.o: In function `Xil_In32':
/home/heiko/Desktop/Hardware_Sandbox/2020-ectf-insecure-example/pl/proj/test_reduced/test_reduced.sdk/Test_Run/Debug/../../Test_Run_bsp/microblaze_0/include/xil_io.h:152: multiple definition of `sha256_compute_hash'
./src/HASH/sha256.o:/home/heiko/Desktop/Hardware_Sandbox/2020-ectf-insecure-example/pl/proj/test_reduced/test_reduced.sdk/Test_Run/Debug/../../Test_Run_bsp/microblaze_0/include/xil_io.h:152: first defined here
collect2: error: ld returned 1 exit status
make: *** [Test_Run.elf] Error 1
14:29:20 **** Auto Build of configuration Debug for project Test_Run ****
make all 
Building file: ../src/main.c
Invoking: MicroBlaze gcc compiler
mb-gcc -Wall -O0 -g3 -c -fmessage-length=0 -MT"src/main.o" -I../../Test_Run_bsp/microblaze_0/include -mlittle-endian -mxl-barrel-shift -mno-xl-soft-div -mcpu=v10.0 -mno-xl-soft-mul -Wl,--no-relax -ffunction-sections -fdata-sections -MMD -MP -MF"src/main.d" -MT"src/main.o" -o "src/main.o" "../src/main.c"
../src/main.c: In function 'sha256_trigger_init':
../src/main.c:910:31: error: 'SHA_BASEADDR' undeclared (first use in this function)
  int current_value = Xil_In32(SHA_BASEADDR + SHA_COMMAND_OFFSET);
                               ^~~~~~~~~~~~
../src/main.c:910:31: note: each undeclared identifier is reported only once for each function it appears in
../src/main.c:910:46: error: 'SHA_COMMAND_OFFSET' undeclared (first use in this function)
  int current_value = Xil_In32(SHA_BASEADDR + SHA_COMMAND_OFFSET);
                                              ^~~~~~~~~~~~~~~~~~
../src/main.c: In function 'sha256_trigger_next':
../src/main.c:924:31: error: 'SHA_BASEADDR' undeclared (first use in this function)
  int current_value = Xil_In32(SHA_BASEADDR + SHA_COMMAND_OFFSET);
                               ^~~~~~~~~~~~
../src/main.c:924:46: error: 'SHA_COMMAND_OFFSET' undeclared (first use in this function)
  int current_value = Xil_In32(SHA_BASEADDR + SHA_COMMAND_OFFSET);
                                              ^~~~~~~~~~~~~~~~~~
../src/main.c: In function 'sha256_digest_complete':
../src/main.c:937:19: error: 'SHA_BASEADDR' undeclared (first use in this function)
  return (Xil_In32(SHA_BASEADDR + SHA_STATUS_OFFSET) & 2) >> 1 ;
                   ^~~~~~~~~~~~
../src/main.c:937:34: error: 'SHA_STATUS_OFFSET' undeclared (first use in this function)
  return (Xil_In32(SHA_BASEADDR + SHA_STATUS_OFFSET) & 2) >> 1 ;
                                  ^~~~~~~~~~~~~~~~~
../src/main.c: In function 'sha256_ready':
../src/main.c:941:18: error: 'SHA_BASEADDR' undeclared (first use in this function)
  return Xil_In32(SHA_BASEADDR + SHA_STATUS_OFFSET) & 1;
                  ^~~~~~~~~~~~
../src/main.c:941:33: error: 'SHA_STATUS_OFFSET' undeclared (first use in this function)
  return Xil_In32(SHA_BASEADDR + SHA_STATUS_OFFSET) & 1;
                                 ^~~~~~~~~~~~~~~~~
../src/main.c: In function 'load_block':
../src/main.c:970:15: error: 'SHA_BASEADDR' undeclared (first use in this function)
   Xil_Out32BE(SHA_BASEADDR + SHA_BLOCK_OFFSET + i, *(u32*)(block + i));
               ^~~~~~~~~~~~
../src/main.c:970:30: error: 'SHA_BLOCK_OFFSET' undeclared (first use in this function)
   Xil_Out32BE(SHA_BASEADDR + SHA_BLOCK_OFFSET + i, *(u32*)(block + i));
                              ^~~~~~~~~~~~~~~~
../src/main.c: In function 'read_digest':
../src/main.c:978:22: error: 'SHA256_HASH_SZ' undeclared (first use in this function)
  for (int i = 0; i < SHA256_HASH_SZ; i+=4)
                      ^~~~~~~~~~~~~~
../src/main.c:980:38: error: 'SHA_BASEADDR' undeclared (first use in this function)
   *(u32*)(digest_buf+i) = Xil_In32BE(SHA_BASEADDR + SHA_DIGEST_OFFSET + i);
                                      ^~~~~~~~~~~~
../src/main.c:980:53: error: 'SHA_DIGEST_OFFSET' undeclared (first use in this function)
   *(u32*)(digest_buf+i) = Xil_In32BE(SHA_BASEADDR + SHA_DIGEST_OFFSET + i);
                                                     ^~~~~~~~~~~~~~~~~
../src/main.c: In function 'main':
../src/main.c:1078:38: error: 'SHA256_BLOCK_SIZE' undeclared (first use in this function)
  int pass = memcmp(res2_1, hash_out, SHA256_BLOCK_SIZE); //returns 0 if the same
                                      ^~~~~~~~~~~~~~~~~
../src/main.c: In function 'sha256_digest_complete':
../src/main.c:938:1: warning: control reaches end of non-void function [-Wreturn-type]
 }
 ^
../src/main.c: In function 'sha256_ready':
../src/main.c:942:1: warning: control reaches end of non-void function [-Wreturn-type]
 }
 ^
At top level:
../src/main.c:69:14: warning: 'InterruptController' defined but not used [-Wunused-variable]
 static XIntc InterruptController;
              ^~~~~~~~~~~~~~~~~~~
make: *** [src/main.o] Error 1
src/subdir.mk:30: recipe for target 'src/main.o' failed
14:29:40 **** Auto Build of configuration Debug for project Test_Run ****
make all 
Building file: ../src/main.c
Invoking: MicroBlaze gcc compiler
mb-gcc -Wall -O0 -g3 -c -fmessage-length=0 -MT"src/main.o" -I../../Test_Run_bsp/microblaze_0/include -mlittle-endian -mxl-barrel-shift -mno-xl-soft-div -mcpu=v10.0 -mno-xl-soft-mul -Wl,--no-relax -ffunction-sections -fdata-sections -MMD -MP -MF"src/main.d" -MT"src/main.o" -o "src/main.o" "../src/main.c"
../src/main.c:69:14: warning: 'InterruptController' defined but not used [-Wunused-variable]
 static XIntc InterruptController;
              ^~~~~~~~~~~~~~~~~~~
Finished building: ../src/main.c
 
Building target: Test_Run.elf
Invoking: MicroBlaze gcc linker
mb-gcc -Wl,-T -Wl,../src/lscript.ld -L../../Test_Run_bsp/microblaze_0/lib -mlittle-endian -mxl-barrel-shift -mno-xl-soft-div -mcpu=v10.0 -mno-xl-soft-mul -Wl,--no-relax -Wl,--gc-sections -o "Test_Run.elf"  ./src/HASH/md5.o ./src/HASH/sha1.o ./src/HASH/sha256.o  ./src/ECC/uECC.o  ./src/AES/aes.o ./src/AES/aes_decrypt_driver.o  ./src/main.o ./src/platform.o ./src/tests_1.o ./src/util.o   -Wl,--start-group,-lxil,-lgcc,-lc,--end-group
./src/main.o: In function `sha256_trigger_init':
/home/heiko/Desktop/Hardware_Sandbox/2020-ectf-insecure-example/pl/proj/test_reduced/test_reduced.sdk/Test_Run/Debug/../src/main.c:916: multiple definition of `sha256_trigger_init'
./src/HASH/sha256.o:/home/heiko/Desktop/Hardware_Sandbox/2020-ectf-insecure-example/pl/proj/test_reduced/test_reduced.sdk/Test_Run/Debug/../src/HASH/sha256.c:28: first defined here
./src/main.o: In function `Xil_In32':
/home/heiko/Desktop/Hardware_Sandbox/2020-ectf-insecure-example/pl/proj/test_reduced/test_reduced.sdk/Test_Run/Debug/../../Test_Run_bsp/microblaze_0/include/xil_io.h:152: multiple definition of `sha256_trigger_next'
./src/HASH/sha256.o:/home/heiko/Desktop/Hardware_Sandbox/2020-ectf-insecure-example/pl/proj/test_reduced/test_reduced.sdk/Test_Run/Debug/../../Test_Run_bsp/microblaze_0/include/xil_io.h:152: first defined here
makefile:39: recipe for target 'Test_Run.elf' failed
./src/main.o: In function `Xil_In32':
/home/heiko/Desktop/Hardware_Sandbox/2020-ectf-insecure-example/pl/proj/test_reduced/test_reduced.sdk/Test_Run/Debug/../../Test_Run_bsp/microblaze_0/include/xil_io.h:152: multiple definition of `sha256_digest_complete'
./src/HASH/sha256.o:/home/heiko/Desktop/Hardware_Sandbox/2020-ectf-insecure-example/pl/proj/test_reduced/test_reduced.sdk/Test_Run/Debug/../../Test_Run_bsp/microblaze_0/include/xil_io.h:152: first defined here
./src/main.o: In function `Xil_In32':
/home/heiko/Desktop/Hardware_Sandbox/2020-ectf-insecure-example/pl/proj/test_reduced/test_reduced.sdk/Test_Run/Debug/../../Test_Run_bsp/microblaze_0/include/xil_io.h:152: multiple definition of `sha256_ready'
./src/HASH/sha256.o:/home/heiko/Desktop/Hardware_Sandbox/2020-ectf-insecure-example/pl/proj/test_reduced/test_reduced.sdk/Test_Run/Debug/../../Test_Run_bsp/microblaze_0/include/xil_io.h:152: first defined here
./src/main.o: In function `Xil_In32':
/home/heiko/Desktop/Hardware_Sandbox/2020-ectf-insecure-example/pl/proj/test_reduced/test_reduced.sdk/Test_Run/Debug/../../Test_Run_bsp/microblaze_0/include/xil_io.h:152: multiple definition of `pad'
./src/HASH/sha256.o:/home/heiko/Desktop/Hardware_Sandbox/2020-ectf-insecure-example/pl/proj/test_reduced/test_reduced.sdk/Test_Run/Debug/../../Test_Run_bsp/microblaze_0/include/xil_io.h:152: first defined here
./src/main.o: In function `Xil_In32':
/home/heiko/Desktop/Hardware_Sandbox/2020-ectf-insecure-example/pl/proj/test_reduced/test_reduced.sdk/Test_Run/Debug/../../Test_Run_bsp/microblaze_0/include/xil_io.h:152: multiple definition of `load_block'
./src/HASH/sha256.o:/home/heiko/Desktop/Hardware_Sandbox/2020-ectf-insecure-example/pl/proj/test_reduced/test_reduced.sdk/Test_Run/Debug/../../Test_Run_bsp/microblaze_0/include/xil_io.h:152: first defined here
./src/main.o: In function `Xil_In32':
/home/heiko/Desktop/Hardware_Sandbox/2020-ectf-insecure-example/pl/proj/test_reduced/test_reduced.sdk/Test_Run/Debug/../../Test_Run_bsp/microblaze_0/include/xil_io.h:152: multiple definition of `read_digest'
./src/HASH/sha256.o:/home/heiko/Desktop/Hardware_Sandbox/2020-ectf-insecure-example/pl/proj/test_reduced/test_reduced.sdk/Test_Run/Debug/../../Test_Run_bsp/microblaze_0/include/xil_io.h:152: first defined here
./src/main.o: In function `Xil_In32':
/home/heiko/Desktop/Hardware_Sandbox/2020-ectf-insecure-example/pl/proj/test_reduced/test_reduced.sdk/Test_Run/Debug/../../Test_Run_bsp/microblaze_0/include/xil_io.h:152: multiple definition of `digest_block'
./src/HASH/sha256.o:/home/heiko/Desktop/Hardware_Sandbox/2020-ectf-insecure-example/pl/proj/test_reduced/test_reduced.sdk/Test_Run/Debug/../../Test_Run_bsp/microblaze_0/include/xil_io.h:152: first defined here
./src/main.o: In function `Xil_In32':
/home/heiko/Desktop/Hardware_Sandbox/2020-ectf-insecure-example/pl/proj/test_reduced/test_reduced.sdk/Test_Run/Debug/../../Test_Run_bsp/microblaze_0/include/xil_io.h:152: multiple definition of `sha256_compute_hash'
./src/HASH/sha256.o:/home/heiko/Desktop/Hardware_Sandbox/2020-ectf-insecure-example/pl/proj/test_reduced/test_reduced.sdk/Test_Run/Debug/../../Test_Run_bsp/microblaze_0/include/xil_io.h:152: first defined here
collect2: error: ld returned 1 exit status
make: *** [Test_Run.elf] Error 1
14:30:23 **** Auto Build of configuration Debug for project Test_Run ****
make all 
Building file: ../src/HASH/sha256.c
Invoking: MicroBlaze gcc compiler
mb-gcc -Wall -O0 -g3 -c -fmessage-length=0 -MT"src/HASH/sha256.o" -I../../Test_Run_bsp/microblaze_0/include -mlittle-endian -mxl-barrel-shift -mno-xl-soft-div -mcpu=v10.0 -mno-xl-soft-mul -Wl,--no-relax -ffunction-sections -fdata-sections -MMD -MP -MF"src/HASH/sha256.d" -MT"src/HASH/sha256.o" -o "src/HASH/sha256.o" "../src/HASH/sha256.c"
Finished building: ../src/HASH/sha256.c
 
Building target: Test_Run.elf
Invoking: MicroBlaze gcc linker
mb-gcc -Wl,-T -Wl,../src/lscript.ld -L../../Test_Run_bsp/microblaze_0/lib -mlittle-endian -mxl-barrel-shift -mno-xl-soft-div -mcpu=v10.0 -mno-xl-soft-mul -Wl,--no-relax -Wl,--gc-sections -o "Test_Run.elf"  ./src/HASH/md5.o ./src/HASH/sha1.o ./src/HASH/sha256.o  ./src/ECC/uECC.o  ./src/AES/aes.o ./src/AES/aes_decrypt_driver.o  ./src/main.o ./src/platform.o ./src/tests_1.o ./src/util.o   -Wl,--start-group,-lxil,-lgcc,-lc,--end-group
Finished building target: Test_Run.elf
 
Invoking: MicroBlaze Print Size
mb-size Test_Run.elf  |tee "Test_Run.elf.size"
   text	   data	    bss	    dec	    hex	filename
  12900	   1356	   3176	  17432	   4418	Test_Run.elf
Finished building: Test_Run.elf.size
 
14:33:39 **** Auto Build of configuration Debug for project Test_Run ****
make all 
Building file: ../src/main.c
Invoking: MicroBlaze gcc compiler
mb-gcc -Wall -O0 -g3 -c -fmessage-length=0 -MT"src/main.o" -I../../Test_Run_bsp/microblaze_0/include -mlittle-endian -mxl-barrel-shift -mno-xl-soft-div -mcpu=v10.0 -mno-xl-soft-mul -Wl,--no-relax -ffunction-sections -fdata-sections -MMD -MP -MF"src/main.d" -MT"src/main.o" -o "src/main.o" "../src/main.c"
../src/main.c:69:14: warning: 'InterruptController' defined but not used [-Wunused-variable]
 static XIntc InterruptController;
              ^~~~~~~~~~~~~~~~~~~
Finished building: ../src/main.c
 
Building target: Test_Run.elf
Invoking: MicroBlaze gcc linker
mb-gcc -Wl,-T -Wl,../src/lscript.ld -L../../Test_Run_bsp/microblaze_0/lib -mlittle-endian -mxl-barrel-shift -mno-xl-soft-div -mcpu=v10.0 -mno-xl-soft-mul -Wl,--no-relax -Wl,--gc-sections -o "Test_Run.elf"  ./src/HASH/md5.o ./src/HASH/sha1.o ./src/HASH/sha256.o  ./src/ECC/uECC.o  ./src/AES/aes.o ./src/AES/aes_decrypt_driver.o  ./src/main.o ./src/platform.o ./src/tests_1.o ./src/util.o   -Wl,--start-group,-lxil,-lgcc,-lc,--end-group
Finished building target: Test_Run.elf
 
Invoking: MicroBlaze Print Size
mb-size Test_Run.elf  |tee "Test_Run.elf.size"
   text	   data	    bss	    dec	    hex	filename
  12904	   1356	   3172	  17432	   4418	Test_Run.elf
Finished building: Test_Run.elf.size
 
14:35:02 **** Auto Build of configuration Debug for project Test_Run ****
make all 
Building file: ../src/main.c
Invoking: MicroBlaze gcc compiler
mb-gcc -Wall -O0 -g3 -c -fmessage-length=0 -MT"src/main.o" -I../../Test_Run_bsp/microblaze_0/include -mlittle-endian -mxl-barrel-shift -mno-xl-soft-div -mcpu=v10.0 -mno-xl-soft-mul -Wl,--no-relax -ffunction-sections -fdata-sections -MMD -MP -MF"src/main.d" -MT"src/main.o" -o "src/main.o" "../src/main.c"
../src/main.c:69:14: warning: 'InterruptController' defined but not used [-Wunused-variable]
 static XIntc InterruptController;
              ^~~~~~~~~~~~~~~~~~~
Finished building: ../src/main.c
 
Building target: Test_Run.elf
Invoking: MicroBlaze gcc linker
mb-gcc -Wl,-T -Wl,../src/lscript.ld -L../../Test_Run_bsp/microblaze_0/lib -mlittle-endian -mxl-barrel-shift -mno-xl-soft-div -mcpu=v10.0 -mno-xl-soft-mul -Wl,--no-relax -Wl,--gc-sections -o "Test_Run.elf"  ./src/HASH/md5.o ./src/HASH/sha1.o ./src/HASH/sha256.o  ./src/ECC/uECC.o  ./src/AES/aes.o ./src/AES/aes_decrypt_driver.o  ./src/main.o ./src/platform.o ./src/tests_1.o ./src/util.o   -Wl,--start-group,-lxil,-lgcc,-lc,--end-group
Finished building target: Test_Run.elf
 
Invoking: MicroBlaze Print Size
mb-size Test_Run.elf  |tee "Test_Run.elf.size"
   text	   data	    bss	    dec	    hex	filename
  12920	   1356	   3172	  17448	   4428	Test_Run.elf
Finished building: Test_Run.elf.size
 
14:36:00 **** Auto Build of configuration Debug for project Test_Run ****
make all 
Building file: ../src/main.c
Invoking: MicroBlaze gcc compiler
mb-gcc -Wall -O0 -g3 -c -fmessage-length=0 -MT"src/main.o" -I../../Test_Run_bsp/microblaze_0/include -mlittle-endian -mxl-barrel-shift -mno-xl-soft-div -mcpu=v10.0 -mno-xl-soft-mul -Wl,--no-relax -ffunction-sections -fdata-sections -MMD -MP -MF"src/main.d" -MT"src/main.o" -o "src/main.o" "../src/main.c"
../src/main.c: In function 'main':
../src/main.c:1085:2: error: expected ';' before 'read_digest'
  read_digest(hash_out);
  ^~~~~~~~~~~
At top level:
../src/main.c:69:14: warning: 'InterruptController' defined but not used [-Wunused-variable]
 static XIntc InterruptController;
              ^~~~~~~~~~~~~~~~~~~
src/subdir.mk:30: recipe for target 'src/main.o' failed
make: *** [src/main.o] Error 1
14:36:19 **** Auto Build of configuration Debug for project Test_Run ****
make all 
Building file: ../src/main.c
Invoking: MicroBlaze gcc compiler
mb-gcc -Wall -O0 -g3 -c -fmessage-length=0 -MT"src/main.o" -I../../Test_Run_bsp/microblaze_0/include -mlittle-endian -mxl-barrel-shift -mno-xl-soft-div -mcpu=v10.0 -mno-xl-soft-mul -Wl,--no-relax -ffunction-sections -fdata-sections -MMD -MP -MF"src/main.d" -MT"src/main.o" -o "src/main.o" "../src/main.c"
../src/main.c:69:14: warning: 'InterruptController' defined but not used [-Wunused-variable]
 static XIntc InterruptController;
              ^~~~~~~~~~~~~~~~~~~
Finished building: ../src/main.c
 
Building target: Test_Run.elf
Invoking: MicroBlaze gcc linker
mb-gcc -Wl,-T -Wl,../src/lscript.ld -L../../Test_Run_bsp/microblaze_0/lib -mlittle-endian -mxl-barrel-shift -mno-xl-soft-div -mcpu=v10.0 -mno-xl-soft-mul -Wl,--no-relax -Wl,--gc-sections -o "Test_Run.elf"  ./src/HASH/md5.o ./src/HASH/sha1.o ./src/HASH/sha256.o  ./src/ECC/uECC.o  ./src/AES/aes.o ./src/AES/aes_decrypt_driver.o  ./src/main.o ./src/platform.o ./src/tests_1.o ./src/util.o   -Wl,--start-group,-lxil,-lgcc,-lc,--end-group
Finished building target: Test_Run.elf
 
Invoking: MicroBlaze Print Size
mb-size Test_Run.elf  |tee "Test_Run.elf.size"
   text	   data	    bss	    dec	    hex	filename
  12920	   1356	   3172	  17448	   4428	Test_Run.elf
Finished building: Test_Run.elf.size
 
14:38:51 **** Auto Build of configuration Debug for project Test_Run ****
make all 
Building file: ../src/main.c
Invoking: MicroBlaze gcc compiler
mb-gcc -Wall -O0 -g3 -c -fmessage-length=0 -MT"src/main.o" -I../../Test_Run_bsp/microblaze_0/include -mlittle-endian -mxl-barrel-shift -mno-xl-soft-div -mcpu=v10.0 -mno-xl-soft-mul -Wl,--no-relax -ffunction-sections -fdata-sections -MMD -MP -MF"src/main.d" -MT"src/main.o" -o "src/main.o" "../src/main.c"
../src/main.c:69:14: warning: 'InterruptController' defined but not used [-Wunused-variable]
 static XIntc InterruptController;
              ^~~~~~~~~~~~~~~~~~~
Finished building: ../src/main.c
 
Building target: Test_Run.elf
Invoking: MicroBlaze gcc linker
mb-gcc -Wl,-T -Wl,../src/lscript.ld -L../../Test_Run_bsp/microblaze_0/lib -mlittle-endian -mxl-barrel-shift -mno-xl-soft-div -mcpu=v10.0 -mno-xl-soft-mul -Wl,--no-relax -Wl,--gc-sections -o "Test_Run.elf"  ./src/HASH/md5.o ./src/HASH/sha1.o ./src/HASH/sha256.o  ./src/ECC/uECC.o  ./src/AES/aes.o ./src/AES/aes_decrypt_driver.o  ./src/main.o ./src/platform.o ./src/tests_1.o ./src/util.o   -Wl,--start-group,-lxil,-lgcc,-lc,--end-group
Finished building target: Test_Run.elf
 
Invoking: MicroBlaze Print Size
mb-size Test_Run.elf  |tee "Test_Run.elf.size"
   text	   data	    bss	    dec	    hex	filename
  12928	   1356	   3172	  17456	   4430	Test_Run.elf
Finished building: Test_Run.elf.size
 
14:40:53 **** Auto Build of configuration Debug for project Test_Run ****
make all 
Building file: ../src/main.c
Invoking: MicroBlaze gcc compiler
mb-gcc -Wall -O0 -g3 -c -fmessage-length=0 -MT"src/main.o" -I../../Test_Run_bsp/microblaze_0/include -mlittle-endian -mxl-barrel-shift -mno-xl-soft-div -mcpu=v10.0 -mno-xl-soft-mul -Wl,--no-relax -ffunction-sections -fdata-sections -MMD -MP -MF"src/main.d" -MT"src/main.o" -o "src/main.o" "../src/main.c"
../src/main.c:69:14: warning: 'InterruptController' defined but not used [-Wunused-variable]
 static XIntc InterruptController;
              ^~~~~~~~~~~~~~~~~~~
Finished building: ../src/main.c
 
Building target: Test_Run.elf
Invoking: MicroBlaze gcc linker
mb-gcc -Wl,-T -Wl,../src/lscript.ld -L../../Test_Run_bsp/microblaze_0/lib -mlittle-endian -mxl-barrel-shift -mno-xl-soft-div -mcpu=v10.0 -mno-xl-soft-mul -Wl,--no-relax -Wl,--gc-sections -o "Test_Run.elf"  ./src/HASH/md5.o ./src/HASH/sha1.o ./src/HASH/sha256.o  ./src/ECC/uECC.o  ./src/AES/aes.o ./src/AES/aes_decrypt_driver.o  ./src/main.o ./src/platform.o ./src/tests_1.o ./src/util.o   -Wl,--start-group,-lxil,-lgcc,-lc,--end-group
Finished building target: Test_Run.elf
 
Invoking: MicroBlaze Print Size
mb-size Test_Run.elf  |tee "Test_Run.elf.size"
   text	   data	    bss	    dec	    hex	filename
  12928	   1356	   3172	  17456	   4430	Test_Run.elf
Finished building: Test_Run.elf.size
 
14:42:07 **** Auto Build of configuration Debug for project Test_Run ****
make all 
Building file: ../src/main.c
Invoking: MicroBlaze gcc compiler
mb-gcc -Wall -O0 -g3 -c -fmessage-length=0 -MT"src/main.o" -I../../Test_Run_bsp/microblaze_0/include -mlittle-endian -mxl-barrel-shift -mno-xl-soft-div -mcpu=v10.0 -mno-xl-soft-mul -Wl,--no-relax -ffunction-sections -fdata-sections -MMD -MP -MF"src/main.d" -MT"src/main.o" -o "src/main.o" "../src/main.c"
../src/main.c:69:14: warning: 'InterruptController' defined but not used [-Wunused-variable]
 static XIntc InterruptController;
              ^~~~~~~~~~~~~~~~~~~
Finished building: ../src/main.c
 
Building target: Test_Run.elf
Invoking: MicroBlaze gcc linker
mb-gcc -Wl,-T -Wl,../src/lscript.ld -L../../Test_Run_bsp/microblaze_0/lib -mlittle-endian -mxl-barrel-shift -mno-xl-soft-div -mcpu=v10.0 -mno-xl-soft-mul -Wl,--no-relax -Wl,--gc-sections -o "Test_Run.elf"  ./src/HASH/md5.o ./src/HASH/sha1.o ./src/HASH/sha256.o  ./src/ECC/uECC.o  ./src/AES/aes.o ./src/AES/aes_decrypt_driver.o  ./src/main.o ./src/platform.o ./src/tests_1.o ./src/util.o   -Wl,--start-group,-lxil,-lgcc,-lc,--end-group
Finished building target: Test_Run.elf
 
Invoking: MicroBlaze Print Size
mb-size Test_Run.elf  |tee "Test_Run.elf.size"
   text	   data	    bss	    dec	    hex	filename
  12932	   1356	   3176	  17464	   4438	Test_Run.elf
Finished building: Test_Run.elf.size
 
14:42:49 **** Auto Build of configuration Debug for project Test_Run ****
make all 
Building file: ../src/main.c
Invoking: MicroBlaze gcc compiler
mb-gcc -Wall -O0 -g3 -c -fmessage-length=0 -MT"src/main.o" -I../../Test_Run_bsp/microblaze_0/include -mlittle-endian -mxl-barrel-shift -mno-xl-soft-div -mcpu=v10.0 -mno-xl-soft-mul -Wl,--no-relax -ffunction-sections -fdata-sections -MMD -MP -MF"src/main.d" -MT"src/main.o" -o "src/main.o" "../src/main.c"
../src/main.c:69:14: warning: 'InterruptController' defined but not used [-Wunused-variable]
 static XIntc InterruptController;
              ^~~~~~~~~~~~~~~~~~~
Finished building: ../src/main.c
 
Building target: Test_Run.elf
Invoking: MicroBlaze gcc linker
mb-gcc -Wl,-T -Wl,../src/lscript.ld -L../../Test_Run_bsp/microblaze_0/lib -mlittle-endian -mxl-barrel-shift -mno-xl-soft-div -mcpu=v10.0 -mno-xl-soft-mul -Wl,--no-relax -Wl,--gc-sections -o "Test_Run.elf"  ./src/HASH/md5.o ./src/HASH/sha1.o ./src/HASH/sha256.o  ./src/ECC/uECC.o  ./src/AES/aes.o ./src/AES/aes_decrypt_driver.o  ./src/main.o ./src/platform.o ./src/tests_1.o ./src/util.o   -Wl,--start-group,-lxil,-lgcc,-lc,--end-group
Finished building target: Test_Run.elf
 
Invoking: MicroBlaze Print Size
mb-size Test_Run.elf  |tee "Test_Run.elf.size"
   text	   data	    bss	    dec	    hex	filename
  12948	   1356	   3176	  17480	   4448	Test_Run.elf
Finished building: Test_Run.elf.size
 
14:44:51 **** Auto Build of configuration Debug for project Test_Run ****
make all 
Building file: ../src/main.c
Invoking: MicroBlaze gcc compiler
mb-gcc -Wall -O0 -g3 -c -fmessage-length=0 -MT"src/main.o" -I../../Test_Run_bsp/microblaze_0/include -mlittle-endian -mxl-barrel-shift -mno-xl-soft-div -mcpu=v10.0 -mno-xl-soft-mul -Wl,--no-relax -ffunction-sections -fdata-sections -MMD -MP -MF"src/main.d" -MT"src/main.o" -o "src/main.o" "../src/main.c"
../src/main.c:69:14: warning: 'InterruptController' defined but not used [-Wunused-variable]
 static XIntc InterruptController;
              ^~~~~~~~~~~~~~~~~~~
Finished building: ../src/main.c
 
Building target: Test_Run.elf
Invoking: MicroBlaze gcc linker
mb-gcc -Wl,-T -Wl,../src/lscript.ld -L../../Test_Run_bsp/microblaze_0/lib -mlittle-endian -mxl-barrel-shift -mno-xl-soft-div -mcpu=v10.0 -mno-xl-soft-mul -Wl,--no-relax -Wl,--gc-sections -o "Test_Run.elf"  ./src/HASH/md5.o ./src/HASH/sha1.o ./src/HASH/sha256.o  ./src/ECC/uECC.o  ./src/AES/aes.o ./src/AES/aes_decrypt_driver.o  ./src/main.o ./src/platform.o ./src/tests_1.o ./src/util.o   -Wl,--start-group,-lxil,-lgcc,-lc,--end-group
Finished building target: Test_Run.elf
 
Invoking: MicroBlaze Print Size
mb-size Test_Run.elf  |tee "Test_Run.elf.size"
   text	   data	    bss	    dec	    hex	filename
  13076	   1356	   3176	  17608	   44c8	Test_Run.elf
Finished building: Test_Run.elf.size
 
14:45:47 **** Auto Build of configuration Debug for project Test_Run ****
make all 
Building file: ../src/main.c
Invoking: MicroBlaze gcc compiler
mb-gcc -Wall -O0 -g3 -c -fmessage-length=0 -MT"src/main.o" -I../../Test_Run_bsp/microblaze_0/include -mlittle-endian -mxl-barrel-shift -mno-xl-soft-div -mcpu=v10.0 -mno-xl-soft-mul -Wl,--no-relax -ffunction-sections -fdata-sections -MMD -MP -MF"src/main.d" -MT"src/main.o" -o "src/main.o" "../src/main.c"
../src/main.c:69:14: warning: 'InterruptController' defined but not used [-Wunused-variable]
 static XIntc InterruptController;
              ^~~~~~~~~~~~~~~~~~~
Finished building: ../src/main.c
 
Building target: Test_Run.elf
Invoking: MicroBlaze gcc linker
mb-gcc -Wl,-T -Wl,../src/lscript.ld -L../../Test_Run_bsp/microblaze_0/lib -mlittle-endian -mxl-barrel-shift -mno-xl-soft-div -mcpu=v10.0 -mno-xl-soft-mul -Wl,--no-relax -Wl,--gc-sections -o "Test_Run.elf"  ./src/HASH/md5.o ./src/HASH/sha1.o ./src/HASH/sha256.o  ./src/ECC/uECC.o  ./src/AES/aes.o ./src/AES/aes_decrypt_driver.o  ./src/main.o ./src/platform.o ./src/tests_1.o ./src/util.o   -Wl,--start-group,-lxil,-lgcc,-lc,--end-group
Finished building target: Test_Run.elf
 
Invoking: MicroBlaze Print Size
mb-size Test_Run.elf  |tee "Test_Run.elf.size"
   text	   data	    bss	    dec	    hex	filename
  13076	   1356	   3176	  17608	   44c8	Test_Run.elf
Finished building: Test_Run.elf.size
 
14:45:51 **** Auto Build of configuration Debug for project Test_Run ****
make all 
Building file: ../src/main.c
Invoking: MicroBlaze gcc compiler
mb-gcc -Wall -O0 -g3 -c -fmessage-length=0 -MT"src/main.o" -I../../Test_Run_bsp/microblaze_0/include -mlittle-endian -mxl-barrel-shift -mno-xl-soft-div -mcpu=v10.0 -mno-xl-soft-mul -Wl,--no-relax -ffunction-sections -fdata-sections -MMD -MP -MF"src/main.d" -MT"src/main.o" -o "src/main.o" "../src/main.c"
../src/main.c: In function 'main':
../src/main.c:1096:6: warning: unused variable 'pass' [-Wunused-variable]
  int pass = memcmp(res2_1, hash_out, SHA256_BLOCK_SIZE); //returns 0 if the same
      ^~~~
At top level:
../src/main.c:69:14: warning: 'InterruptController' defined but not used [-Wunused-variable]
 static XIntc InterruptController;
              ^~~~~~~~~~~~~~~~~~~
Finished building: ../src/main.c
 
Building target: Test_Run.elf
Invoking: MicroBlaze gcc linker
mb-gcc -Wl,-T -Wl,../src/lscript.ld -L../../Test_Run_bsp/microblaze_0/lib -mlittle-endian -mxl-barrel-shift -mno-xl-soft-div -mcpu=v10.0 -mno-xl-soft-mul -Wl,--no-relax -Wl,--gc-sections -o "Test_Run.elf"  ./src/HASH/md5.o ./src/HASH/sha1.o ./src/HASH/sha256.o  ./src/ECC/uECC.o  ./src/AES/aes.o ./src/AES/aes_decrypt_driver.o  ./src/main.o ./src/platform.o ./src/tests_1.o ./src/util.o   -Wl,--start-group,-lxil,-lgcc,-lc,--end-group
Finished building target: Test_Run.elf
 
Invoking: MicroBlaze Print Size
mb-size Test_Run.elf  |tee "Test_Run.elf.size"
   text	   data	    bss	    dec	    hex	filename
  12936	   1356	   3172	  17464	   4438	Test_Run.elf
Finished building: Test_Run.elf.size
 
14:47:24 **** Auto Build of configuration Debug for project Test_Run ****
make all 
Building file: ../src/main.c
Invoking: MicroBlaze gcc compiler
mb-gcc -Wall -O0 -g3 -c -fmessage-length=0 -MT"src/main.o" -I../../Test_Run_bsp/microblaze_0/include -mlittle-endian -mxl-barrel-shift -mno-xl-soft-div -mcpu=v10.0 -mno-xl-soft-mul -Wl,--no-relax -ffunction-sections -fdata-sections -MMD -MP -MF"src/main.d" -MT"src/main.o" -o "src/main.o" "../src/main.c"
../src/main.c: In function 'main':
../src/main.c:1078:3: error: 'noop' undeclared (first use in this function)
   noop;
   ^~~~
../src/main.c:1078:3: note: each undeclared identifier is reported only once for each function it appears in
../src/main.c:1058:10: warning: unused variable 'res2_1' [-Wunused-variable]
  uint8_t res2_1[32] = {0x85, 0xE6, 0x55, 0xD6, 0x41, 0x7A, 0x17, 0x95, 0x33, 0x63, 0x37, 0x6A, 0x62, 0x4C, 0xDE
          ^~~~~~
At top level:
../src/main.c:69:14: warning: 'InterruptController' defined but not used [-Wunused-variable]
 static XIntc InterruptController;
              ^~~~~~~~~~~~~~~~~~~
src/subdir.mk:30: recipe for target 'src/main.o' failed
make: *** [src/main.o] Error 1
14:48:52 **** Auto Build of configuration Debug for project Test_Run ****
make all 
Building file: ../src/main.c
Invoking: MicroBlaze gcc compiler
mb-gcc -Wall -O0 -g3 -c -fmessage-length=0 -MT"src/main.o" -I../../Test_Run_bsp/microblaze_0/include -mlittle-endian -mxl-barrel-shift -mno-xl-soft-div -mcpu=v10.0 -mno-xl-soft-mul -Wl,--no-relax -ffunction-sections -fdata-sections -MMD -MP -MF"src/main.d" -MT"src/main.o" -o "src/main.o" "../src/main.c"
../src/main.c: In function 'main':
../src/main.c:49:36: error: expected ';' before 'c'
 #define change_state(state, color) c->drm_state = state; setLED(led, color);
                                    ^
../src/main.c:52:23: note: in expansion of macro 'change_state'
 #define set_playing() change_state(PLAYING, GREEN)
                       ^~~~~~~~~~~~
../src/main.c:1079:3: note: in expansion of macro 'set_playing'
   set_playing();
   ^~~~~~~~~~~
../src/main.c:1058:10: warning: unused variable 'res2_1' [-Wunused-variable]
  uint8_t res2_1[32] = {0x85, 0xE6, 0x55, 0xD6, 0x41, 0x7A, 0x17, 0x95, 0x33, 0x63, 0x37, 0x6A, 0x62, 0x4C, 0xDE
          ^~~~~~
At top level:
../src/main.c:69:14: warning: 'InterruptController' defined but not used [-Wunused-variable]
 static XIntc InterruptController;
              ^~~~~~~~~~~~~~~~~~~
src/subdir.mk:30: recipe for target 'src/main.o' failed
make: *** [src/main.o] Error 1
14:49:01 **** Auto Build of configuration Debug for project Test_Run ****
make all 
Building file: ../src/main.c
Invoking: MicroBlaze gcc compiler
mb-gcc -Wall -O0 -g3 -c -fmessage-length=0 -MT"src/main.o" -I../../Test_Run_bsp/microblaze_0/include -mlittle-endian -mxl-barrel-shift -mno-xl-soft-div -mcpu=v10.0 -mno-xl-soft-mul -Wl,--no-relax -ffunction-sections -fdata-sections -MMD -MP -MF"src/main.d" -MT"src/main.o" -o "src/main.o" "../src/main.c"
../src/main.c: In function 'main':
../src/main.c:1058:10: warning: unused variable 'res2_1' [-Wunused-variable]
  uint8_t res2_1[32] = {0x85, 0xE6, 0x55, 0xD6, 0x41, 0x7A, 0x17, 0x95, 0x33, 0x63, 0x37, 0x6A, 0x62, 0x4C, 0xDE
          ^~~~~~
At top level:
../src/main.c:69:14: warning: 'InterruptController' defined but not used [-Wunused-variable]
 static XIntc InterruptController;
              ^~~~~~~~~~~~~~~~~~~
Finished building: ../src/main.c
 
Building target: Test_Run.elf
Invoking: MicroBlaze gcc linker
mb-gcc -Wl,-T -Wl,../src/lscript.ld -L../../Test_Run_bsp/microblaze_0/lib -mlittle-endian -mxl-barrel-shift -mno-xl-soft-div -mcpu=v10.0 -mno-xl-soft-mul -Wl,--no-relax -Wl,--gc-sections -o "Test_Run.elf"  ./src/HASH/md5.o ./src/HASH/sha1.o ./src/HASH/sha256.o  ./src/ECC/uECC.o  ./src/AES/aes.o ./src/AES/aes_decrypt_driver.o  ./src/main.o ./src/platform.o ./src/tests_1.o ./src/util.o   -Wl,--start-group,-lxil,-lgcc,-lc,--end-group
Finished building target: Test_Run.elf
 
Invoking: MicroBlaze Print Size
mb-size Test_Run.elf  |tee "Test_Run.elf.size"
   text	   data	    bss	    dec	    hex	filename
  12584	   1356	   3172	  17112	   42d8	Test_Run.elf
Finished building: Test_Run.elf.size
 
14:50:21 **** Auto Build of configuration Debug for project Test_Run ****
make all 
Building file: ../src/main.c
Invoking: MicroBlaze gcc compiler
mb-gcc -Wall -O0 -g3 -c -fmessage-length=0 -MT"src/main.o" -I../../Test_Run_bsp/microblaze_0/include -mlittle-endian -mxl-barrel-shift -mno-xl-soft-div -mcpu=v10.0 -mno-xl-soft-mul -Wl,--no-relax -ffunction-sections -fdata-sections -MMD -MP -MF"src/main.d" -MT"src/main.o" -o "src/main.o" "../src/main.c"
../src/main.c: In function 'main':
../src/main.c:1058:10: warning: unused variable 'res2_1' [-Wunused-variable]
  uint8_t res2_1[32] = {0x85, 0xE6, 0x55, 0xD6, 0x41, 0x7A, 0x17, 0x95, 0x33, 0x63, 0x37, 0x6A, 0x62, 0x4C, 0xDE
          ^~~~~~
At top level:
../src/main.c:69:14: warning: 'InterruptController' defined but not used [-Wunused-variable]
 static XIntc InterruptController;
              ^~~~~~~~~~~~~~~~~~~
Finished building: ../src/main.c
 
Building target: Test_Run.elf
Invoking: MicroBlaze gcc linker
mb-gcc -Wl,-T -Wl,../src/lscript.ld -L../../Test_Run_bsp/microblaze_0/lib -mlittle-endian -mxl-barrel-shift -mno-xl-soft-div -mcpu=v10.0 -mno-xl-soft-mul -Wl,--no-relax -Wl,--gc-sections -o "Test_Run.elf"  ./src/HASH/md5.o ./src/HASH/sha1.o ./src/HASH/sha256.o  ./src/ECC/uECC.o  ./src/AES/aes.o ./src/AES/aes_decrypt_driver.o  ./src/main.o ./src/platform.o ./src/tests_1.o ./src/util.o   -Wl,--start-group,-lxil,-lgcc,-lc,--end-group
Finished building target: Test_Run.elf
 
Invoking: MicroBlaze Print Size
mb-size Test_Run.elf  |tee "Test_Run.elf.size"
   text	   data	    bss	    dec	    hex	filename
  12584	   1356	   3172	  17112	   42d8	Test_Run.elf
Finished building: Test_Run.elf.size
 
14:50:27 **** Auto Build of configuration Debug for project Test_Run ****
make all 
Building file: ../src/main.c
Invoking: MicroBlaze gcc compiler
mb-gcc -Wall -O0 -g3 -c -fmessage-length=0 -MT"src/main.o" -I../../Test_Run_bsp/microblaze_0/include -mlittle-endian -mxl-barrel-shift -mno-xl-soft-div -mcpu=v10.0 -mno-xl-soft-mul -Wl,--no-relax -ffunction-sections -fdata-sections -MMD -MP -MF"src/main.d" -MT"src/main.o" -o "src/main.o" "../src/main.c"
../src/main.c: In function 'main':
../src/main.c:1058:10: warning: unused variable 'res2_1' [-Wunused-variable]
  uint8_t res2_1[32] = {0x85, 0xE6, 0x55, 0xD6, 0x41, 0x7A, 0x17, 0x95, 0x33, 0x63, 0x37, 0x6A, 0x62, 0x4C, 0xDE
          ^~~~~~
At top level:
../src/main.c:69:14: warning: 'InterruptController' defined but not used [-Wunused-variable]
 static XIntc InterruptController;
              ^~~~~~~~~~~~~~~~~~~
Finished building: ../src/main.c
 
Building target: Test_Run.elf
Invoking: MicroBlaze gcc linker
mb-gcc -Wl,-T -Wl,../src/lscript.ld -L../../Test_Run_bsp/microblaze_0/lib -mlittle-endian -mxl-barrel-shift -mno-xl-soft-div -mcpu=v10.0 -mno-xl-soft-mul -Wl,--no-relax -Wl,--gc-sections -o "Test_Run.elf"  ./src/HASH/md5.o ./src/HASH/sha1.o ./src/HASH/sha256.o  ./src/ECC/uECC.o  ./src/AES/aes.o ./src/AES/aes_decrypt_driver.o  ./src/main.o ./src/platform.o ./src/tests_1.o ./src/util.o   -Wl,--start-group,-lxil,-lgcc,-lc,--end-group
Finished building target: Test_Run.elf
 
Invoking: MicroBlaze Print Size
mb-size Test_Run.elf  |tee "Test_Run.elf.size"
   text	   data	    bss	    dec	    hex	filename
  12584	   1356	   3172	  17112	   42d8	Test_Run.elf
Finished building: Test_Run.elf.size
 
14:51:22 **** Auto Build of configuration Debug for project Test_Run ****
make all 
Building file: ../src/main.c
Invoking: MicroBlaze gcc compiler
mb-gcc -Wall -O0 -g3 -c -fmessage-length=0 -MT"src/main.o" -I../../Test_Run_bsp/microblaze_0/include -mlittle-endian -mxl-barrel-shift -mno-xl-soft-div -mcpu=v10.0 -mno-xl-soft-mul -Wl,--no-relax -ffunction-sections -fdata-sections -MMD -MP -MF"src/main.d" -MT"src/main.o" -o "src/main.o" "../src/main.c"
../src/main.c: In function 'main':
../src/main.c:1058:10: warning: unused variable 'res2_1' [-Wunused-variable]
  uint8_t res2_1[32] = {0x85, 0xE6, 0x55, 0xD6, 0x41, 0x7A, 0x17, 0x95, 0x33, 0x63, 0x37, 0x6A, 0x62, 0x4C, 0xDE
          ^~~~~~
At top level:
../src/main.c:69:14: warning: 'InterruptController' defined but not used [-Wunused-variable]
 static XIntc InterruptController;
              ^~~~~~~~~~~~~~~~~~~
Finished building: ../src/main.c
 
Building target: Test_Run.elf
Invoking: MicroBlaze gcc linker
mb-gcc -Wl,-T -Wl,../src/lscript.ld -L../../Test_Run_bsp/microblaze_0/lib -mlittle-endian -mxl-barrel-shift -mno-xl-soft-div -mcpu=v10.0 -mno-xl-soft-mul -Wl,--no-relax -Wl,--gc-sections -o "Test_Run.elf"  ./src/HASH/md5.o ./src/HASH/sha1.o ./src/HASH/sha256.o  ./src/ECC/uECC.o  ./src/AES/aes.o ./src/AES/aes_decrypt_driver.o  ./src/main.o ./src/platform.o ./src/tests_1.o ./src/util.o   -Wl,--start-group,-lxil,-lgcc,-lc,--end-group
Finished building target: Test_Run.elf
 
Invoking: MicroBlaze Print Size
mb-size Test_Run.elf  |tee "Test_Run.elf.size"
   text	   data	    bss	    dec	    hex	filename
  12584	   1356	   3172	  17112	   42d8	Test_Run.elf
Finished building: Test_Run.elf.size
 
14:52:03 **** Auto Build of configuration Debug for project Test_Run ****
make all 
Building file: ../src/main.c
Invoking: MicroBlaze gcc compiler
mb-gcc -Wall -O0 -g3 -c -fmessage-length=0 -MT"src/main.o" -I../../Test_Run_bsp/microblaze_0/include -mlittle-endian -mxl-barrel-shift -mno-xl-soft-div -mcpu=v10.0 -mno-xl-soft-mul -Wl,--no-relax -ffunction-sections -fdata-sections -MMD -MP -MF"src/main.d" -MT"src/main.o" -o "src/main.o" "../src/main.c"
../src/main.c:69:14: warning: 'InterruptController' defined but not used [-Wunused-variable]
 static XIntc InterruptController;
              ^~~~~~~~~~~~~~~~~~~
Finished building: ../src/main.c
 
Building target: Test_Run.elf
Invoking: MicroBlaze gcc linker
mb-gcc -Wl,-T -Wl,../src/lscript.ld -L../../Test_Run_bsp/microblaze_0/lib -mlittle-endian -mxl-barrel-shift -mno-xl-soft-div -mcpu=v10.0 -mno-xl-soft-mul -Wl,--no-relax -Wl,--gc-sections -o "Test_Run.elf"  ./src/HASH/md5.o ./src/HASH/sha1.o ./src/HASH/sha256.o  ./src/ECC/uECC.o  ./src/AES/aes.o ./src/AES/aes_decrypt_driver.o  ./src/main.o ./src/platform.o ./src/tests_1.o ./src/util.o   -Wl,--start-group,-lxil,-lgcc,-lc,--end-group
Finished building target: Test_Run.elf
 
Invoking: MicroBlaze Print Size
mb-size Test_Run.elf  |tee "Test_Run.elf.size"
   text	   data	    bss	    dec	    hex	filename
  12936	   1356	   3172	  17464	   4438	Test_Run.elf
Finished building: Test_Run.elf.size
 
14:52:15 **** Auto Build of configuration Debug for project Test_Run ****
make all 
Building file: ../src/main.c
Invoking: MicroBlaze gcc compiler
mb-gcc -Wall -O0 -g3 -c -fmessage-length=0 -MT"src/main.o" -I../../Test_Run_bsp/microblaze_0/include -mlittle-endian -mxl-barrel-shift -mno-xl-soft-div -mcpu=v10.0 -mno-xl-soft-mul -Wl,--no-relax -ffunction-sections -fdata-sections -MMD -MP -MF"src/main.d" -MT"src/main.o" -o "src/main.o" "../src/main.c"
../src/main.c:69:14: warning: 'InterruptController' defined but not used [-Wunused-variable]
 static XIntc InterruptController;
              ^~~~~~~~~~~~~~~~~~~
Finished building: ../src/main.c
 
Building target: Test_Run.elf
Invoking: MicroBlaze gcc linker
mb-gcc -Wl,-T -Wl,../src/lscript.ld -L../../Test_Run_bsp/microblaze_0/lib -mlittle-endian -mxl-barrel-shift -mno-xl-soft-div -mcpu=v10.0 -mno-xl-soft-mul -Wl,--no-relax -Wl,--gc-sections -o "Test_Run.elf"  ./src/HASH/md5.o ./src/HASH/sha1.o ./src/HASH/sha256.o  ./src/ECC/uECC.o  ./src/AES/aes.o ./src/AES/aes_decrypt_driver.o  ./src/main.o ./src/platform.o ./src/tests_1.o ./src/util.o   -Wl,--start-group,-lxil,-lgcc,-lc,--end-group
Finished building target: Test_Run.elf
 
Invoking: MicroBlaze Print Size
mb-size Test_Run.elf  |tee "Test_Run.elf.size"
   text	   data	    bss	    dec	    hex	filename
  12948	   1356	   3176	  17480	   4448	Test_Run.elf
Finished building: Test_Run.elf.size
 
14:54:36 **** Auto Build of configuration Debug for project Test_Run ****
make all 
Building file: ../src/main.c
Invoking: MicroBlaze gcc compiler
mb-gcc -Wall -O0 -g3 -c -fmessage-length=0 -MT"src/main.o" -I../../Test_Run_bsp/microblaze_0/include -mlittle-endian -mxl-barrel-shift -mno-xl-soft-div -mcpu=v10.0 -mno-xl-soft-mul -Wl,--no-relax -ffunction-sections -fdata-sections -MMD -MP -MF"src/main.d" -MT"src/main.o" -o "src/main.o" "../src/main.c"
../src/main.c: In function 'main':
../src/main.c:1071:27: error: 'AES_DECRYPT_BASEADDR' undeclared (first use in this function)
   u32 test_o = Xil_In32BE(AES_DECRYPT_BASEADDR + BASE_KEY_REGISTERS_OFFSET + i);
                           ^~~~~~~~~~~~~~~~~~~~
../src/main.c:1071:27: note: each undeclared identifier is reported only once for each function it appears in
../src/main.c:1071:50: error: 'BASE_KEY_REGISTERS_OFFSET' undeclared (first use in this function)
   u32 test_o = Xil_In32BE(AES_DECRYPT_BASEADDR + BASE_KEY_REGISTERS_OFFSET + i);
                                                  ^~~~~~~~~~~~~~~~~~~~~~~~~
../src/main.c:1072:16: error: 'test' undeclared (first use in this function)
   if(test_o != test)
                ^~~~
../src/main.c:1074:4: error: 'pass' undeclared (first use in this function)
    pass = 0;
    ^~~~
At top level:
../src/main.c:69:14: warning: 'InterruptController' defined but not used [-Wunused-variable]
 static XIntc InterruptController;
              ^~~~~~~~~~~~~~~~~~~
make: *** [src/main.o] Error 1
src/subdir.mk:30: recipe for target 'src/main.o' failed
14:55:11 **** Auto Build of configuration Debug for project Test_Run ****
make all 
Building file: ../src/main.c
Invoking: MicroBlaze gcc compiler
mb-gcc -Wall -O0 -g3 -c -fmessage-length=0 -MT"src/main.o" -I../../Test_Run_bsp/microblaze_0/include -mlittle-endian -mxl-barrel-shift -mno-xl-soft-div -mcpu=v10.0 -mno-xl-soft-mul -Wl,--no-relax -ffunction-sections -fdata-sections -MMD -MP -MF"src/main.d" -MT"src/main.o" -o "src/main.o" "../src/main.c"
../src/main.c:69:14: warning: 'InterruptController' defined but not used [-Wunused-variable]
 static XIntc InterruptController;
              ^~~~~~~~~~~~~~~~~~~
Finished building: ../src/main.c
 
Building target: Test_Run.elf
Invoking: MicroBlaze gcc linker
mb-gcc -Wl,-T -Wl,../src/lscript.ld -L../../Test_Run_bsp/microblaze_0/lib -mlittle-endian -mxl-barrel-shift -mno-xl-soft-div -mcpu=v10.0 -mno-xl-soft-mul -Wl,--no-relax -Wl,--gc-sections -o "Test_Run.elf"  ./src/HASH/md5.o ./src/HASH/sha1.o ./src/HASH/sha256.o  ./src/ECC/uECC.o  ./src/AES/aes.o ./src/AES/aes_decrypt_driver.o  ./src/main.o ./src/platform.o ./src/tests_1.o ./src/util.o   -Wl,--start-group,-lxil,-lgcc,-lc,--end-group
Finished building target: Test_Run.elf
 
Invoking: MicroBlaze Print Size
mb-size Test_Run.elf  |tee "Test_Run.elf.size"
   text	   data	    bss	    dec	    hex	filename
  12948	   1356	   3176	  17480	   4448	Test_Run.elf
Finished building: Test_Run.elf.size
 
14:56:16 **** Auto Build of configuration Debug for project Test_Run ****
make all 
Building file: ../src/main.c
Invoking: MicroBlaze gcc compiler
mb-gcc -Wall -O0 -g3 -c -fmessage-length=0 -MT"src/main.o" -I../../Test_Run_bsp/microblaze_0/include -mlittle-endian -mxl-barrel-shift -mno-xl-soft-div -mcpu=v10.0 -mno-xl-soft-mul -Wl,--no-relax -ffunction-sections -fdata-sections -MMD -MP -MF"src/main.d" -MT"src/main.o" -o "src/main.o" "../src/main.c"
../src/main.c:69:14: warning: 'InterruptController' defined but not used [-Wunused-variable]
 static XIntc InterruptController;
              ^~~~~~~~~~~~~~~~~~~
Finished building: ../src/main.c
 
Building target: Test_Run.elf
Invoking: MicroBlaze gcc linker
mb-gcc -Wl,-T -Wl,../src/lscript.ld -L../../Test_Run_bsp/microblaze_0/lib -mlittle-endian -mxl-barrel-shift -mno-xl-soft-div -mcpu=v10.0 -mno-xl-soft-mul -Wl,--no-relax -Wl,--gc-sections -o "Test_Run.elf"  ./src/HASH/md5.o ./src/HASH/sha1.o ./src/HASH/sha256.o  ./src/ECC/uECC.o  ./src/AES/aes.o ./src/AES/aes_decrypt_driver.o  ./src/main.o ./src/platform.o ./src/tests_1.o ./src/util.o   -Wl,--start-group,-lxil,-lgcc,-lc,--end-group
Finished building target: Test_Run.elf
 
Invoking: MicroBlaze Print Size
mb-size Test_Run.elf  |tee "Test_Run.elf.size"
   text	   data	    bss	    dec	    hex	filename
  12944	   1356	   3172	  17472	   4440	Test_Run.elf
Finished building: Test_Run.elf.size
 
14:58:57 **** Auto Build of configuration Debug for project Test_Run ****
make all 
Building file: ../src/main.c
Invoking: MicroBlaze gcc compiler
mb-gcc -Wall -O0 -g3 -c -fmessage-length=0 -MT"src/main.o" -I../../Test_Run_bsp/microblaze_0/include -mlittle-endian -mxl-barrel-shift -mno-xl-soft-div -mcpu=v10.0 -mno-xl-soft-mul -Wl,--no-relax -ffunction-sections -fdata-sections -MMD -MP -MF"src/main.d" -MT"src/main.o" -o "src/main.o" "../src/main.c"
../src/main.c: In function 'main':
../src/main.c:1063:10: error: redeclaration of 'hash_out' with no linkage
  uint8_t hash_out[32];
          ^~~~~~~~
../src/main.c:1053:10: note: previous definition of 'hash_out' was here
  uint8_t hash_out[32] = {0x85, 0xe6, 0x55, 0xd6, 0x41, 0x7a, 0x17, 0x95, 0x33, 0x63, 0x37, 0x6a, 0x62, 0x4c, 0xde, 0x5c, 0x76, 0xe0, 0x95, 0x89, 0xca, 0xc5, 0xf8, 0x11, 0xcc, 0x4b, 0x32, 0xc1, 0xf2, 0x0e, 0x53, 0x3a};
          ^~~~~~~~
../src/main.c:1098:20: error: 'res2_1' undeclared (first use in this function)
  int pass = memcmp(res2_1, hash_out, SHA256_BLOCK_SIZE); //returns 0 if the same
                    ^~~~~~
../src/main.c:1098:20: note: each undeclared identifier is reported only once for each function it appears in
At top level:
../src/main.c:69:14: warning: 'InterruptController' defined but not used [-Wunused-variable]
 static XIntc InterruptController;
              ^~~~~~~~~~~~~~~~~~~
make: *** [src/main.o] Error 1
src/subdir.mk:30: recipe for target 'src/main.o' failed
14:59:17 **** Auto Build of configuration Debug for project Test_Run ****
make all 
Building file: ../src/main.c
Invoking: MicroBlaze gcc compiler
mb-gcc -Wall -O0 -g3 -c -fmessage-length=0 -MT"src/main.o" -I../../Test_Run_bsp/microblaze_0/include -mlittle-endian -mxl-barrel-shift -mno-xl-soft-div -mcpu=v10.0 -mno-xl-soft-mul -Wl,--no-relax -ffunction-sections -fdata-sections -MMD -MP -MF"src/main.d" -MT"src/main.o" -o "src/main.o" "../src/main.c"
../src/main.c:69:14: warning: 'InterruptController' defined but not used [-Wunused-variable]
 static XIntc InterruptController;
              ^~~~~~~~~~~~~~~~~~~
Finished building: ../src/main.c
 
Building target: Test_Run.elf
Invoking: MicroBlaze gcc linker
mb-gcc -Wl,-T -Wl,../src/lscript.ld -L../../Test_Run_bsp/microblaze_0/lib -mlittle-endian -mxl-barrel-shift -mno-xl-soft-div -mcpu=v10.0 -mno-xl-soft-mul -Wl,--no-relax -Wl,--gc-sections -o "Test_Run.elf"  ./src/HASH/md5.o ./src/HASH/sha1.o ./src/HASH/sha256.o  ./src/ECC/uECC.o  ./src/AES/aes.o ./src/AES/aes_decrypt_driver.o  ./src/main.o ./src/platform.o ./src/tests_1.o ./src/util.o   -Wl,--start-group,-lxil,-lgcc,-lc,--end-group
Finished building target: Test_Run.elf
 
Invoking: MicroBlaze Print Size
mb-size Test_Run.elf  |tee "Test_Run.elf.size"
   text	   data	    bss	    dec	    hex	filename
  12944	   1356	   3172	  17472	   4440	Test_Run.elf
Finished building: Test_Run.elf.size
 
15:00:43 **** Auto Build of configuration Debug for project Test_Run ****
make all 
Building file: ../src/main.c
Invoking: MicroBlaze gcc compiler
mb-gcc -Wall -O0 -g3 -c -fmessage-length=0 -MT"src/main.o" -I../../Test_Run_bsp/microblaze_0/include -mlittle-endian -mxl-barrel-shift -mno-xl-soft-div -mcpu=v10.0 -mno-xl-soft-mul -Wl,--no-relax -ffunction-sections -fdata-sections -MMD -MP -MF"src/main.d" -MT"src/main.o" -o "src/main.o" "../src/main.c"
../src/main.c:69:14: warning: 'InterruptController' defined but not used [-Wunused-variable]
 static XIntc InterruptController;
              ^~~~~~~~~~~~~~~~~~~
Finished building: ../src/main.c
 
Building target: Test_Run.elf
Invoking: MicroBlaze gcc linker
mb-gcc -Wl,-T -Wl,../src/lscript.ld -L../../Test_Run_bsp/microblaze_0/lib -mlittle-endian -mxl-barrel-shift -mno-xl-soft-div -mcpu=v10.0 -mno-xl-soft-mul -Wl,--no-relax -Wl,--gc-sections -o "Test_Run.elf"  ./src/HASH/md5.o ./src/HASH/sha1.o ./src/HASH/sha256.o  ./src/ECC/uECC.o  ./src/AES/aes.o ./src/AES/aes_decrypt_driver.o  ./src/main.o ./src/platform.o ./src/tests_1.o ./src/util.o   -Wl,--start-group,-lxil,-lgcc,-lc,--end-group
Finished building target: Test_Run.elf
 
Invoking: MicroBlaze Print Size
mb-size Test_Run.elf  |tee "Test_Run.elf.size"
   text	   data	    bss	    dec	    hex	filename
  12944	   1356	   3172	  17472	   4440	Test_Run.elf
Finished building: Test_Run.elf.size
 
15:04:42 **** Auto Build of configuration Debug for project Test_Run ****
make all 
Building file: ../src/main.c
Invoking: MicroBlaze gcc compiler
mb-gcc -Wall -O0 -g3 -c -fmessage-length=0 -MT"src/main.o" -I../../Test_Run_bsp/microblaze_0/include -mlittle-endian -mxl-barrel-shift -mno-xl-soft-div -mcpu=v10.0 -mno-xl-soft-mul -Wl,--no-relax -ffunction-sections -fdata-sections -MMD -MP -MF"src/main.d" -MT"src/main.o" -o "src/main.o" "../src/main.c"
../src/main.c:69:14: warning: 'InterruptController' defined but not used [-Wunused-variable]
 static XIntc InterruptController;
              ^~~~~~~~~~~~~~~~~~~
Finished building: ../src/main.c
 
Building target: Test_Run.elf
Invoking: MicroBlaze gcc linker
mb-gcc -Wl,-T -Wl,../src/lscript.ld -L../../Test_Run_bsp/microblaze_0/lib -mlittle-endian -mxl-barrel-shift -mno-xl-soft-div -mcpu=v10.0 -mno-xl-soft-mul -Wl,--no-relax -Wl,--gc-sections -o "Test_Run.elf"  ./src/HASH/md5.o ./src/HASH/sha1.o ./src/HASH/sha256.o  ./src/ECC/uECC.o  ./src/AES/aes.o ./src/AES/aes_decrypt_driver.o  ./src/main.o ./src/platform.o ./src/tests_1.o ./src/util.o   -Wl,--start-group,-lxil,-lgcc,-lc,--end-group
Finished building target: Test_Run.elf
 
Invoking: MicroBlaze Print Size
mb-size Test_Run.elf  |tee "Test_Run.elf.size"
   text	   data	    bss	    dec	    hex	filename
  77964	   1484	   3192	  82640	  142d0	Test_Run.elf
Finished building: Test_Run.elf.size
 
15:06:46 **** Auto Build of configuration Debug for project Test_Run ****
make all 
Building file: ../src/main.c
Invoking: MicroBlaze gcc compiler
mb-gcc -Wall -O0 -g3 -c -fmessage-length=0 -MT"src/main.o" -I../../Test_Run_bsp/microblaze_0/include -mlittle-endian -mxl-barrel-shift -mno-xl-soft-div -mcpu=v10.0 -mno-xl-soft-mul -Wl,--no-relax -ffunction-sections -fdata-sections -MMD -MP -MF"src/main.d" -MT"src/main.o" -o "src/main.o" "../src/main.c"
../src/main.c:69:14: warning: 'InterruptController' defined but not used [-Wunused-variable]
 static XIntc InterruptController;
              ^~~~~~~~~~~~~~~~~~~
Finished building: ../src/main.c
 
Building target: Test_Run.elf
Invoking: MicroBlaze gcc linker
mb-gcc -Wl,-T -Wl,../src/lscript.ld -L../../Test_Run_bsp/microblaze_0/lib -mlittle-endian -mxl-barrel-shift -mno-xl-soft-div -mcpu=v10.0 -mno-xl-soft-mul -Wl,--no-relax -Wl,--gc-sections -o "Test_Run.elf"  ./src/HASH/md5.o ./src/HASH/sha1.o ./src/HASH/sha256.o  ./src/ECC/uECC.o  ./src/AES/aes.o ./src/AES/aes_decrypt_driver.o  ./src/main.o ./src/platform.o ./src/tests_1.o ./src/util.o   -Wl,--start-group,-lxil,-lgcc,-lc,--end-group
Finished building target: Test_Run.elf
 
Invoking: MicroBlaze Print Size
mb-size Test_Run.elf  |tee "Test_Run.elf.size"
   text	   data	    bss	    dec	    hex	filename
  78884	   1484	   3192	  83560	  14668	Test_Run.elf
Finished building: Test_Run.elf.size
 
15:07:43 **** Auto Build of configuration Debug for project Test_Run ****
make all 
Building file: ../src/main.c
Invoking: MicroBlaze gcc compiler
mb-gcc -Wall -O0 -g3 -c -fmessage-length=0 -MT"src/main.o" -I../../Test_Run_bsp/microblaze_0/include -mlittle-endian -mxl-barrel-shift -mno-xl-soft-div -mcpu=v10.0 -mno-xl-soft-mul -Wl,--no-relax -ffunction-sections -fdata-sections -MMD -MP -MF"src/main.d" -MT"src/main.o" -o "src/main.o" "../src/main.c"
../src/main.c:69:14: warning: 'InterruptController' defined but not used [-Wunused-variable]
 static XIntc InterruptController;
              ^~~~~~~~~~~~~~~~~~~
Finished building: ../src/main.c
 
Building target: Test_Run.elf
Invoking: MicroBlaze gcc linker
mb-gcc -Wl,-T -Wl,../src/lscript.ld -L../../Test_Run_bsp/microblaze_0/lib -mlittle-endian -mxl-barrel-shift -mno-xl-soft-div -mcpu=v10.0 -mno-xl-soft-mul -Wl,--no-relax -Wl,--gc-sections -o "Test_Run.elf"  ./src/HASH/md5.o ./src/HASH/sha1.o ./src/HASH/sha256.o  ./src/ECC/uECC.o  ./src/AES/aes.o ./src/AES/aes_decrypt_driver.o  ./src/main.o ./src/platform.o ./src/tests_1.o ./src/util.o   -Wl,--start-group,-lxil,-lgcc,-lc,--end-group
Finished building target: Test_Run.elf
 
Invoking: MicroBlaze Print Size
mb-size Test_Run.elf  |tee "Test_Run.elf.size"
   text	   data	    bss	    dec	    hex	filename
  78884	   1484	   3192	  83560	  14668	Test_Run.elf
Finished building: Test_Run.elf.size
 
15:08:11 **** Auto Build of configuration Debug for project Test_Run ****
make all 
Building file: ../src/main.c
Invoking: MicroBlaze gcc compiler
mb-gcc -Wall -O0 -g3 -c -fmessage-length=0 -MT"src/main.o" -I../../Test_Run_bsp/microblaze_0/include -mlittle-endian -mxl-barrel-shift -mno-xl-soft-div -mcpu=v10.0 -mno-xl-soft-mul -Wl,--no-relax -ffunction-sections -fdata-sections -MMD -MP -MF"src/main.d" -MT"src/main.o" -o "src/main.o" "../src/main.c"
../src/main.c:69:14: warning: 'InterruptController' defined but not used [-Wunused-variable]
 static XIntc InterruptController;
              ^~~~~~~~~~~~~~~~~~~
Finished building: ../src/main.c
 
Building target: Test_Run.elf
Invoking: MicroBlaze gcc linker
mb-gcc -Wl,-T -Wl,../src/lscript.ld -L../../Test_Run_bsp/microblaze_0/lib -mlittle-endian -mxl-barrel-shift -mno-xl-soft-div -mcpu=v10.0 -mno-xl-soft-mul -Wl,--no-relax -Wl,--gc-sections -o "Test_Run.elf"  ./src/HASH/md5.o ./src/HASH/sha1.o ./src/HASH/sha256.o  ./src/ECC/uECC.o  ./src/AES/aes.o ./src/AES/aes_decrypt_driver.o  ./src/main.o ./src/platform.o ./src/tests_1.o ./src/util.o   -Wl,--start-group,-lxil,-lgcc,-lc,--end-group
Finished building target: Test_Run.elf
 
Invoking: MicroBlaze Print Size
mb-size Test_Run.elf  |tee "Test_Run.elf.size"
   text	   data	    bss	    dec	    hex	filename
  78884	   1484	   3192	  83560	  14668	Test_Run.elf
Finished building: Test_Run.elf.size
 
15:11:33 **** Auto Build of configuration Debug for project Test_Run ****
make all 
Building file: ../src/main.c
Invoking: MicroBlaze gcc compiler
mb-gcc -Wall -O0 -g3 -c -fmessage-length=0 -MT"src/main.o" -I../../Test_Run_bsp/microblaze_0/include -mlittle-endian -mxl-barrel-shift -mno-xl-soft-div -mcpu=v10.0 -mno-xl-soft-mul -Wl,--no-relax -ffunction-sections -fdata-sections -MMD -MP -MF"src/main.d" -MT"src/main.o" -o "src/main.o" "../src/main.c"
../src/main.c:69:14: warning: 'InterruptController' defined but not used [-Wunused-variable]
 static XIntc InterruptController;
              ^~~~~~~~~~~~~~~~~~~
Finished building: ../src/main.c
 
Building target: Test_Run.elf
Invoking: MicroBlaze gcc linker
mb-gcc -Wl,-T -Wl,../src/lscript.ld -L../../Test_Run_bsp/microblaze_0/lib -mlittle-endian -mxl-barrel-shift -mno-xl-soft-div -mcpu=v10.0 -mno-xl-soft-mul -Wl,--no-relax -Wl,--gc-sections -o "Test_Run.elf"  ./src/HASH/md5.o ./src/HASH/sha1.o ./src/HASH/sha256.o  ./src/ECC/uECC.o  ./src/AES/aes.o ./src/AES/aes_decrypt_driver.o  ./src/main.o ./src/platform.o ./src/tests_1.o ./src/util.o   -Wl,--start-group,-lxil,-lgcc,-lc,--end-group
Finished building target: Test_Run.elf
 
Invoking: MicroBlaze Print Size
mb-size Test_Run.elf  |tee "Test_Run.elf.size"
   text	   data	    bss	    dec	    hex	filename
  78956	   1484	   3192	  83632	  146b0	Test_Run.elf
Finished building: Test_Run.elf.size
 
15:17:44 **** Auto Build of configuration Debug for project Test_Run ****
make all 
Building file: ../src/main.c
Invoking: MicroBlaze gcc compiler
mb-gcc -Wall -O0 -g3 -c -fmessage-length=0 -MT"src/main.o" -I../../Test_Run_bsp/microblaze_0/include -mlittle-endian -mxl-barrel-shift -mno-xl-soft-div -mcpu=v10.0 -mno-xl-soft-mul -Wl,--no-relax -ffunction-sections -fdata-sections -MMD -MP -MF"src/main.d" -MT"src/main.o" -o "src/main.o" "../src/main.c"
../src/main.c: In function 'main':
../src/main.c:1103:38: error: 'SHA256_HASH_SIZE' undeclared (first use in this function)
  int pass = memcmp(res2_1, hash_out, SHA256_HASH_SIZE); //returns 0 if the same
                                      ^~~~~~~~~~~~~~~~
../src/main.c:1103:38: note: each undeclared identifier is reported only once for each function it appears in
At top level:
../src/main.c:69:14: warning: 'InterruptController' defined but not used [-Wunused-variable]
 static XIntc InterruptController;
              ^~~~~~~~~~~~~~~~~~~
src/subdir.mk:30: recipe for target 'src/main.o' failed
make: *** [src/main.o] Error 1
15:17:54 **** Auto Build of configuration Debug for project Test_Run ****
make all 
Building file: ../src/main.c
Invoking: MicroBlaze gcc compiler
mb-gcc -Wall -O0 -g3 -c -fmessage-length=0 -MT"src/main.o" -I../../Test_Run_bsp/microblaze_0/include -mlittle-endian -mxl-barrel-shift -mno-xl-soft-div -mcpu=v10.0 -mno-xl-soft-mul -Wl,--no-relax -ffunction-sections -fdata-sections -MMD -MP -MF"src/main.d" -MT"src/main.o" -o "src/main.o" "../src/main.c"
../src/main.c:69:14: warning: 'InterruptController' defined but not used [-Wunused-variable]
 static XIntc InterruptController;
              ^~~~~~~~~~~~~~~~~~~
Finished building: ../src/main.c
 
Building target: Test_Run.elf
Invoking: MicroBlaze gcc linker
mb-gcc -Wl,-T -Wl,../src/lscript.ld -L../../Test_Run_bsp/microblaze_0/lib -mlittle-endian -mxl-barrel-shift -mno-xl-soft-div -mcpu=v10.0 -mno-xl-soft-mul -Wl,--no-relax -Wl,--gc-sections -o "Test_Run.elf"  ./src/HASH/md5.o ./src/HASH/sha1.o ./src/HASH/sha256.o  ./src/ECC/uECC.o  ./src/AES/aes.o ./src/AES/aes_decrypt_driver.o  ./src/main.o ./src/platform.o ./src/tests_1.o ./src/util.o   -Wl,--start-group,-lxil,-lgcc,-lc,--end-group
Finished building target: Test_Run.elf
 
Invoking: MicroBlaze Print Size
mb-size Test_Run.elf  |tee "Test_Run.elf.size"
   text	   data	    bss	    dec	    hex	filename
  78956	   1484	   3192	  83632	  146b0	Test_Run.elf
Finished building: Test_Run.elf.size
 
16:27:50 **** Auto Build of configuration Debug for project Test_Run ****
make all 
Building file: ../src/HASH/sha256.c
Invoking: MicroBlaze gcc compiler
mb-gcc -Wall -O0 -g3 -c -fmessage-length=0 -MT"src/HASH/sha256.o" -I../../Test_Run_bsp/microblaze_0/include -mlittle-endian -mxl-barrel-shift -mno-xl-soft-div -mcpu=v10.0 -mno-xl-soft-mul -Wl,--no-relax -ffunction-sections -fdata-sections -MMD -MP -MF"src/HASH/sha256.d" -MT"src/HASH/sha256.o" -o "src/HASH/sha256.o" "../src/HASH/sha256.c"
Finished building: ../src/HASH/sha256.c
 
Building target: Test_Run.elf
Invoking: MicroBlaze gcc linker
mb-gcc -Wl,-T -Wl,../src/lscript.ld -L../../Test_Run_bsp/microblaze_0/lib -mlittle-endian -mxl-barrel-shift -mno-xl-soft-div -mcpu=v10.0 -mno-xl-soft-mul -Wl,--no-relax -Wl,--gc-sections -o "Test_Run.elf"  ./src/HASH/md5.o ./src/HASH/sha1.o ./src/HASH/sha256.o  ./src/ECC/uECC.o  ./src/AES/aes.o ./src/AES/aes_decrypt_driver.o  ./src/main.o ./src/platform.o ./src/tests_1.o ./src/util.o   -Wl,--start-group,-lxil,-lgcc,-lc,--end-group
Finished building target: Test_Run.elf
 
Invoking: MicroBlaze Print Size
mb-size Test_Run.elf  |tee "Test_Run.elf.size"
   text	   data	    bss	    dec	    hex	filename
  78956	   1484	   3192	  83632	  146b0	Test_Run.elf
Finished building: Test_Run.elf.size
 
16:28:00 **** Auto Build of configuration Debug for project Test_Run ****
make all 
Building file: ../src/HASH/sha256.c
Invoking: MicroBlaze gcc compiler
mb-gcc -Wall -O0 -g3 -c -fmessage-length=0 -MT"src/HASH/sha256.o" -I../../Test_Run_bsp/microblaze_0/include -mlittle-endian -mxl-barrel-shift -mno-xl-soft-div -mcpu=v10.0 -mno-xl-soft-mul -Wl,--no-relax -ffunction-sections -fdata-sections -MMD -MP -MF"src/HASH/sha256.d" -MT"src/HASH/sha256.o" -o "src/HASH/sha256.o" "../src/HASH/sha256.c"
Finished building: ../src/HASH/sha256.c
 
Building target: Test_Run.elf
Invoking: MicroBlaze gcc linker
mb-gcc -Wl,-T -Wl,../src/lscript.ld -L../../Test_Run_bsp/microblaze_0/lib -mlittle-endian -mxl-barrel-shift -mno-xl-soft-div -mcpu=v10.0 -mno-xl-soft-mul -Wl,--no-relax -Wl,--gc-sections -o "Test_Run.elf"  ./src/HASH/md5.o ./src/HASH/sha1.o ./src/HASH/sha256.o  ./src/ECC/uECC.o  ./src/AES/aes.o ./src/AES/aes_decrypt_driver.o  ./src/main.o ./src/platform.o ./src/tests_1.o ./src/util.o   -Wl,--start-group,-lxil,-lgcc,-lc,--end-group
./src/main.o: In function `sha256_trigger_init':
/home/heiko/Desktop/Hardware_Sandbox/2020-ectf-insecure-example/pl/proj/test_reduced/test_reduced.sdk/Test_Run/Debug/../src/main.c:916: multiple definition of `sha256_trigger_init'
./src/HASH/sha256.o:/home/heiko/Desktop/Hardware_Sandbox/2020-ectf-insecure-example/pl/proj/test_reduced/test_reduced.sdk/Test_Run/Debug/../src/HASH/sha256.c:28: first defined here
./src/main.o: In function `Xil_In32':
/home/heiko/Desktop/Hardware_Sandbox/2020-ectf-insecure-example/pl/proj/test_reduced/test_reduced.sdk/Test_Run/Debug/../../Test_Run_bsp/microblaze_0/include/xil_io.h:152: multiple definition of `sha256_trigger_next'
makefile:39: recipe for target 'Test_Run.elf' failed
./src/HASH/sha256.o:/home/heiko/Desktop/Hardware_Sandbox/2020-ectf-insecure-example/pl/proj/test_reduced/test_reduced.sdk/Test_Run/Debug/../../Test_Run_bsp/microblaze_0/include/xil_io.h:152: first defined here
./src/main.o: In function `Xil_In32':
/home/heiko/Desktop/Hardware_Sandbox/2020-ectf-insecure-example/pl/proj/test_reduced/test_reduced.sdk/Test_Run/Debug/../../Test_Run_bsp/microblaze_0/include/xil_io.h:152: multiple definition of `sha256_digest_complete'
./src/HASH/sha256.o:/home/heiko/Desktop/Hardware_Sandbox/2020-ectf-insecure-example/pl/proj/test_reduced/test_reduced.sdk/Test_Run/Debug/../../Test_Run_bsp/microblaze_0/include/xil_io.h:152: first defined here
./src/main.o: In function `Xil_In32':
/home/heiko/Desktop/Hardware_Sandbox/2020-ectf-insecure-example/pl/proj/test_reduced/test_reduced.sdk/Test_Run/Debug/../../Test_Run_bsp/microblaze_0/include/xil_io.h:152: multiple definition of `sha256_ready'
./src/HASH/sha256.o:/home/heiko/Desktop/Hardware_Sandbox/2020-ectf-insecure-example/pl/proj/test_reduced/test_reduced.sdk/Test_Run/Debug/../../Test_Run_bsp/microblaze_0/include/xil_io.h:152: first defined here
./src/main.o: In function `Xil_In32':
/home/heiko/Desktop/Hardware_Sandbox/2020-ectf-insecure-example/pl/proj/test_reduced/test_reduced.sdk/Test_Run/Debug/../../Test_Run_bsp/microblaze_0/include/xil_io.h:152: multiple definition of `pad'
./src/HASH/sha256.o:/home/heiko/Desktop/Hardware_Sandbox/2020-ectf-insecure-example/pl/proj/test_reduced/test_reduced.sdk/Test_Run/Debug/../../Test_Run_bsp/microblaze_0/include/xil_io.h:152: first defined here
./src/main.o: In function `Xil_In32':
/home/heiko/Desktop/Hardware_Sandbox/2020-ectf-insecure-example/pl/proj/test_reduced/test_reduced.sdk/Test_Run/Debug/../../Test_Run_bsp/microblaze_0/include/xil_io.h:152: multiple definition of `load_block'
./src/HASH/sha256.o:/home/heiko/Desktop/Hardware_Sandbox/2020-ectf-insecure-example/pl/proj/test_reduced/test_reduced.sdk/Test_Run/Debug/../../Test_Run_bsp/microblaze_0/include/xil_io.h:152: first defined here
./src/main.o: In function `Xil_In32':
/home/heiko/Desktop/Hardware_Sandbox/2020-ectf-insecure-example/pl/proj/test_reduced/test_reduced.sdk/Test_Run/Debug/../../Test_Run_bsp/microblaze_0/include/xil_io.h:152: multiple definition of `read_digest'
./src/HASH/sha256.o:/home/heiko/Desktop/Hardware_Sandbox/2020-ectf-insecure-example/pl/proj/test_reduced/test_reduced.sdk/Test_Run/Debug/../../Test_Run_bsp/microblaze_0/include/xil_io.h:152: first defined here
./src/main.o: In function `Xil_In32':
/home/heiko/Desktop/Hardware_Sandbox/2020-ectf-insecure-example/pl/proj/test_reduced/test_reduced.sdk/Test_Run/Debug/../../Test_Run_bsp/microblaze_0/include/xil_io.h:152: multiple definition of `digest_block'
./src/HASH/sha256.o:/home/heiko/Desktop/Hardware_Sandbox/2020-ectf-insecure-example/pl/proj/test_reduced/test_reduced.sdk/Test_Run/Debug/../../Test_Run_bsp/microblaze_0/include/xil_io.h:152: first defined here
./src/main.o: In function `Xil_In32':
/home/heiko/Desktop/Hardware_Sandbox/2020-ectf-insecure-example/pl/proj/test_reduced/test_reduced.sdk/Test_Run/Debug/../../Test_Run_bsp/microblaze_0/include/xil_io.h:152: multiple definition of `sha256_compute_hash'
./src/HASH/sha256.o:/home/heiko/Desktop/Hardware_Sandbox/2020-ectf-insecure-example/pl/proj/test_reduced/test_reduced.sdk/Test_Run/Debug/../../Test_Run_bsp/microblaze_0/include/xil_io.h:152: first defined here
collect2: error: ld returned 1 exit status
make: *** [Test_Run.elf] Error 1
16:28:14 **** Auto Build of configuration Debug for project Test_Run ****
make all 
Building file: ../src/main.c
Invoking: MicroBlaze gcc compiler
mb-gcc -Wall -O0 -g3 -c -fmessage-length=0 -MT"src/main.o" -I../../Test_Run_bsp/microblaze_0/include -mlittle-endian -mxl-barrel-shift -mno-xl-soft-div -mcpu=v10.0 -mno-xl-soft-mul -Wl,--no-relax -ffunction-sections -fdata-sections -MMD -MP -MF"src/main.d" -MT"src/main.o" -o "src/main.o" "../src/main.c"
../src/main.c: In function 'main':
../src/main.c:905:10: warning: implicit declaration of function 'sha256_ready' [-Wimplicit-function-declaration]
  while (!sha256_ready()){}
          ^~~~~~~~~~~~
../src/main.c:907:2: warning: implicit declaration of function 'load_block' [-Wimplicit-function-declaration]
  load_block(tc2_1);
  ^~~~~~~~~~
../src/main.c:913:3: warning: implicit declaration of function 'sha256_trigger_init' [-Wimplicit-function-declaration]
   sha256_trigger_init();
   ^~~~~~~~~~~~~~~~~~~
../src/main.c:918:19: error: 'SHA_BASEADDR' undeclared (first use in this function)
  while( (Xil_In32(SHA_BASEADDR + SHA_STATUS_OFFSET)&2) == 0 ){
                   ^~~~~~~~~~~~
../src/main.c:918:19: note: each undeclared identifier is reported only once for each function it appears in
../src/main.c:918:34: error: 'SHA_STATUS_OFFSET' undeclared (first use in this function)
  while( (Xil_In32(SHA_BASEADDR + SHA_STATUS_OFFSET)&2) == 0 ){
                                  ^~~~~~~~~~~~~~~~~
../src/main.c:927:2: warning: implicit declaration of function 'read_digest' [-Wimplicit-function-declaration]
  read_digest(hash_out);
  ^~~~~~~~~~~
../src/main.c:935:38: error: 'SHA256_HASH_SZ' undeclared (first use in this function)
  int pass = memcmp(res2_1, hash_out, SHA256_HASH_SZ); //returns 0 if the same
                                      ^~~~~~~~~~~~~~
At top level:
../src/main.c:69:14: warning: 'InterruptController' defined but not used [-Wunused-variable]
 static XIntc InterruptController;
              ^~~~~~~~~~~~~~~~~~~
make: *** [src/main.o] Error 1
src/subdir.mk:30: recipe for target 'src/main.o' failed
16:28:38 **** Auto Build of configuration Debug for project Test_Run ****
make all 
Building file: ../src/main.c
Invoking: MicroBlaze gcc compiler
mb-gcc -Wall -O0 -g3 -c -fmessage-length=0 -MT"src/main.o" -I../../Test_Run_bsp/microblaze_0/include -mlittle-endian -mxl-barrel-shift -mno-xl-soft-div -mcpu=v10.0 -mno-xl-soft-mul -Wl,--no-relax -ffunction-sections -fdata-sections -MMD -MP -MF"src/main.d" -MT"src/main.o" -o "src/main.o" "../src/main.c"
../src/main.c: In function 'main':
../src/main.c:905:10: warning: implicit declaration of function 'sha256_ready' [-Wimplicit-function-declaration]
  while (!sha256_ready()){}
          ^~~~~~~~~~~~
../src/main.c:907:2: warning: implicit declaration of function 'load_block' [-Wimplicit-function-declaration]
  load_block(tc2_1);
  ^~~~~~~~~~
../src/main.c:913:3: warning: implicit declaration of function 'sha256_trigger_init' [-Wimplicit-function-declaration]
   sha256_trigger_init();
   ^~~~~~~~~~~~~~~~~~~
../src/main.c:927:2: warning: implicit declaration of function 'read_digest' [-Wimplicit-function-declaration]
  read_digest(hash_out);
  ^~~~~~~~~~~
At top level:
../src/main.c:69:14: warning: 'InterruptController' defined but not used [-Wunused-variable]
 static XIntc InterruptController;
              ^~~~~~~~~~~~~~~~~~~
Finished building: ../src/main.c
 
Building target: Test_Run.elf
Invoking: MicroBlaze gcc linker
mb-gcc -Wl,-T -Wl,../src/lscript.ld -L../../Test_Run_bsp/microblaze_0/lib -mlittle-endian -mxl-barrel-shift -mno-xl-soft-div -mcpu=v10.0 -mno-xl-soft-mul -Wl,--no-relax -Wl,--gc-sections -o "Test_Run.elf"  ./src/HASH/md5.o ./src/HASH/sha1.o ./src/HASH/sha256.o  ./src/ECC/uECC.o  ./src/AES/aes.o ./src/AES/aes_decrypt_driver.o  ./src/main.o ./src/platform.o ./src/tests_1.o ./src/util.o   -Wl,--start-group,-lxil,-lgcc,-lc,--end-group
Finished building target: Test_Run.elf
 
Invoking: MicroBlaze Print Size
mb-size Test_Run.elf  |tee "Test_Run.elf.size"
   text	   data	    bss	    dec	    hex	filename
  79000	   1484	   3188	  83672	  146d8	Test_Run.elf
Finished building: Test_Run.elf.size
 
16:29:07 **** Auto Build of configuration Debug for project Test_Run ****
make all 
Building file: ../src/main.c
Invoking: MicroBlaze gcc compiler
mb-gcc -Wall -O0 -g3 -c -fmessage-length=0 -MT"src/main.o" -I../../Test_Run_bsp/microblaze_0/include -mlittle-endian -mxl-barrel-shift -mno-xl-soft-div -mcpu=v10.0 -mno-xl-soft-mul -Wl,--no-relax -ffunction-sections -fdata-sections -MMD -MP -MF"src/main.d" -MT"src/main.o" -o "src/main.o" "../src/main.c"
../src/main.c: In function 'main':
../src/main.c:886:10: warning: unused variable 'tc2_1' [-Wunused-variable]
  uint8_t tc2_1[64] = { 0x61, 0x62, 0x63, 0x64, 0x62, 0x63, 0x64, 0x65, 0x63, 0x64, 0x65, 0x66, 0x64, 0x65, 0x66, 0x67, 0x65, 0x66
          ^~~~~
At top level:
../src/main.c:69:14: warning: 'InterruptController' defined but not used [-Wunused-variable]
 static XIntc InterruptController;
              ^~~~~~~~~~~~~~~~~~~
Finished building: ../src/main.c
 
Building target: Test_Run.elf
Invoking: MicroBlaze gcc linker
mb-gcc -Wl,-T -Wl,../src/lscript.ld -L../../Test_Run_bsp/microblaze_0/lib -mlittle-endian -mxl-barrel-shift -mno-xl-soft-div -mcpu=v10.0 -mno-xl-soft-mul -Wl,--no-relax -Wl,--gc-sections -o "Test_Run.elf"  ./src/HASH/md5.o ./src/HASH/sha1.o ./src/HASH/sha256.o  ./src/ECC/uECC.o  ./src/AES/aes.o ./src/AES/aes_decrypt_driver.o  ./src/main.o ./src/platform.o ./src/tests_1.o ./src/util.o   -Wl,--start-group,-lxil,-lgcc,-lc,--end-group
Finished building target: Test_Run.elf
 
Invoking: MicroBlaze Print Size
mb-size Test_Run.elf  |tee "Test_Run.elf.size"
   text	   data	    bss	    dec	    hex	filename
  77832	   1484	   3188	  82504	  14248	Test_Run.elf
Finished building: Test_Run.elf.size
 
16:29:10 **** Auto Build of configuration Debug for project Test_Run ****
make all 
Building file: ../src/main.c
Invoking: MicroBlaze gcc compiler
mb-gcc -Wall -O0 -g3 -c -fmessage-length=0 -MT"src/main.o" -I../../Test_Run_bsp/microblaze_0/include -mlittle-endian -mxl-barrel-shift -mno-xl-soft-div -mcpu=v10.0 -mno-xl-soft-mul -Wl,--no-relax -ffunction-sections -fdata-sections -MMD -MP -MF"src/main.d" -MT"src/main.o" -o "src/main.o" "../src/main.c"
../src/main.c: In function 'main':
../src/main.c:886:10: warning: unused variable 'tc2_1' [-Wunused-variable]
  uint8_t tc2_1[64] = { 0x61, 0x62, 0x63, 0x64, 0x62, 0x63, 0x64, 0x65, 0x63, 0x64, 0x65, 0x66, 0x64, 0x65, 0x66, 0x67, 0x65, 0x66
          ^~~~~
At top level:
../src/main.c:69:14: warning: 'InterruptController' defined but not used [-Wunused-variable]
 static XIntc InterruptController;
              ^~~~~~~~~~~~~~~~~~~
Finished building: ../src/main.c
 
Building target: Test_Run.elf
Invoking: MicroBlaze gcc linker
mb-gcc -Wl,-T -Wl,../src/lscript.ld -L../../Test_Run_bsp/microblaze_0/lib -mlittle-endian -mxl-barrel-shift -mno-xl-soft-div -mcpu=v10.0 -mno-xl-soft-mul -Wl,--no-relax -Wl,--gc-sections -o "Test_Run.elf"  ./src/HASH/md5.o ./src/HASH/sha1.o ./src/HASH/sha256.o  ./src/ECC/uECC.o  ./src/AES/aes.o ./src/AES/aes_decrypt_driver.o  ./src/main.o ./src/platform.o ./src/tests_1.o ./src/util.o   -Wl,--start-group,-lxil,-lgcc,-lc,--end-group
Finished building target: Test_Run.elf
 
Invoking: MicroBlaze Print Size
mb-size Test_Run.elf  |tee "Test_Run.elf.size"
   text	   data	    bss	    dec	    hex	filename
  77832	   1484	   3188	  82504	  14248	Test_Run.elf
Finished building: Test_Run.elf.size
 
16:29:50 **** Auto Build of configuration Debug for project Test_Run ****
make all 
Building file: ../src/main.c
Invoking: MicroBlaze gcc compiler
mb-gcc -Wall -O0 -g3 -c -fmessage-length=0 -MT"src/main.o" -I../../Test_Run_bsp/microblaze_0/include -mlittle-endian -mxl-barrel-shift -mno-xl-soft-div -mcpu=v10.0 -mno-xl-soft-mul -Wl,--no-relax -ffunction-sections -fdata-sections -MMD -MP -MF"src/main.d" -MT"src/main.o" -o "src/main.o" "../src/main.c"
../src/main.c: In function 'main':
../src/main.c:932:30: error: expected expression before 'uint32_t'
  sha256_compute_hash( tc2_1, uint32_t datalen, uint8_t init, uint8_t * hash_out);
                              ^~~~~~~~
../src/main.c:932:2: error: too few arguments to function 'sha256_compute_hash'
  sha256_compute_hash( tc2_1, uint32_t datalen, uint8_t init, uint8_t * hash_out);
  ^~~~~~~~~~~~~~~~~~~
In file included from ../src/main.c:29:0:
../src/HASH/sha256.h:27:6: note: declared here
 void sha256_compute_hash(uint8_t * data, uint32_t datalen, uint8_t init, uint8_t * hash_out);
      ^~~~~~~~~~~~~~~~~~~
At top level:
../src/main.c:69:14: warning: 'InterruptController' defined but not used [-Wunused-variable]
 static XIntc InterruptController;
              ^~~~~~~~~~~~~~~~~~~
src/subdir.mk:30: recipe for target 'src/main.o' failed
make: *** [src/main.o] Error 1
16:30:12 **** Auto Build of configuration Debug for project Test_Run ****
make all 
Building file: ../src/main.c
Invoking: MicroBlaze gcc compiler
mb-gcc -Wall -O0 -g3 -c -fmessage-length=0 -MT"src/main.o" -I../../Test_Run_bsp/microblaze_0/include -mlittle-endian -mxl-barrel-shift -mno-xl-soft-div -mcpu=v10.0 -mno-xl-soft-mul -Wl,--no-relax -ffunction-sections -fdata-sections -MMD -MP -MF"src/main.d" -MT"src/main.o" -o "src/main.o" "../src/main.c"
../src/main.c: In function 'main':
../src/main.c:932:38: error: expected expression before 'uint8_t'
  sha256_compute_hash( tc2_1, res2_1, uint8_t init, uint8_t * hash_out);
                                      ^~~~~~~
../src/main.c:932:30: warning: passing argument 2 of 'sha256_compute_hash' makes integer from pointer without a cast [-Wint-conversion]
  sha256_compute_hash( tc2_1, res2_1, uint8_t init, uint8_t * hash_out);
                              ^~~~~~
In file included from ../src/main.c:29:0:
../src/HASH/sha256.h:27:6: note: expected 'uint32_t {aka long unsigned int}' but argument is of type 'uint8_t * {aka unsigned char *}'
 void sha256_compute_hash(uint8_t * data, uint32_t datalen, uint8_t init, uint8_t * hash_out);
      ^~~~~~~~~~~~~~~~~~~
../src/main.c:932:2: error: too few arguments to function 'sha256_compute_hash'
  sha256_compute_hash( tc2_1, res2_1, uint8_t init, uint8_t * hash_out);
  ^~~~~~~~~~~~~~~~~~~
In file included from ../src/main.c:29:0:
../src/HASH/sha256.h:27:6: note: declared here
 void sha256_compute_hash(uint8_t * data, uint32_t datalen, uint8_t init, uint8_t * hash_out);
      ^~~~~~~~~~~~~~~~~~~
At top level:
../src/main.c:69:14: warning: 'InterruptController' defined but not used [-Wunused-variable]
 static XIntc InterruptController;
              ^~~~~~~~~~~~~~~~~~~
src/subdir.mk:30: recipe for target 'src/main.o' failed
make: *** [src/main.o] Error 1
16:30:37 **** Auto Build of configuration Debug for project Test_Run ****
make all 
Building file: ../src/main.c
Invoking: MicroBlaze gcc compiler
mb-gcc -Wall -O0 -g3 -c -fmessage-length=0 -MT"src/main.o" -I../../Test_Run_bsp/microblaze_0/include -mlittle-endian -mxl-barrel-shift -mno-xl-soft-div -mcpu=v10.0 -mno-xl-soft-mul -Wl,--no-relax -ffunction-sections -fdata-sections -MMD -MP -MF"src/main.d" -MT"src/main.o" -o "src/main.o" "../src/main.c"
../src/main.c: In function 'main':
../src/main.c:932:38: error: 'init' undeclared (first use in this function)
  sha256_compute_hash( tc2_1, res2_1, init, uint8_t * hash_out);
                                      ^~~~
../src/main.c:932:38: note: each undeclared identifier is reported only once for each function it appears in
../src/main.c:932:44: error: expected expression before 'uint8_t'
  sha256_compute_hash( tc2_1, res2_1, init, uint8_t * hash_out);
                                            ^~~~~~~
../src/main.c:932:30: warning: passing argument 2 of 'sha256_compute_hash' makes integer from pointer without a cast [-Wint-conversion]
  sha256_compute_hash( tc2_1, res2_1, init, uint8_t * hash_out);
                              ^~~~~~
In file included from ../src/main.c:29:0:
../src/HASH/sha256.h:27:6: note: expected 'uint32_t {aka long unsigned int}' but argument is of type 'uint8_t * {aka unsigned char *}'
 void sha256_compute_hash(uint8_t * data, uint32_t datalen, uint8_t init, uint8_t * hash_out);
      ^~~~~~~~~~~~~~~~~~~
At top level:
../src/main.c:69:14: warning: 'InterruptController' defined but not used [-Wunused-variable]
 static XIntc InterruptController;
              ^~~~~~~~~~~~~~~~~~~
make: *** [src/main.o] Error 1
src/subdir.mk:30: recipe for target 'src/main.o' failed
16:30:41 **** Auto Build of configuration Debug for project Test_Run ****
make all 
Building file: ../src/main.c
Invoking: MicroBlaze gcc compiler
mb-gcc -Wall -O0 -g3 -c -fmessage-length=0 -MT"src/main.o" -I../../Test_Run_bsp/microblaze_0/include -mlittle-endian -mxl-barrel-shift -mno-xl-soft-div -mcpu=v10.0 -mno-xl-soft-mul -Wl,--no-relax -ffunction-sections -fdata-sections -MMD -MP -MF"src/main.d" -MT"src/main.o" -o "src/main.o" "../src/main.c"
../src/main.c: In function 'main':
../src/main.c:932:38: error: 'init' undeclared (first use in this function)
  sha256_compute_hash( tc2_1, res2_1, init, hash_out);
                                      ^~~~
../src/main.c:932:38: note: each undeclared identifier is reported only once for each function it appears in
../src/main.c:932:30: warning: passing argument 2 of 'sha256_compute_hash' makes integer from pointer without a cast [-Wint-conversion]
  sha256_compute_hash( tc2_1, res2_1, init, hash_out);
                              ^~~~~~
In file included from ../src/main.c:29:0:
../src/HASH/sha256.h:27:6: note: expected 'uint32_t {aka long unsigned int}' but argument is of type 'uint8_t * {aka unsigned char *}'
 void sha256_compute_hash(uint8_t * data, uint32_t datalen, uint8_t init, uint8_t * hash_out);
      ^~~~~~~~~~~~~~~~~~~
At top level:
../src/main.c:69:14: warning: 'InterruptController' defined but not used [-Wunused-variable]
 static XIntc InterruptController;
              ^~~~~~~~~~~~~~~~~~~
src/subdir.mk:30: recipe for target 'src/main.o' failed
make: *** [src/main.o] Error 1
16:30:48 **** Auto Build of configuration Debug for project Test_Run ****
make all 
Building file: ../src/main.c
Invoking: MicroBlaze gcc compiler
mb-gcc -Wall -O0 -g3 -c -fmessage-length=0 -MT"src/main.o" -I../../Test_Run_bsp/microblaze_0/include -mlittle-endian -mxl-barrel-shift -mno-xl-soft-div -mcpu=v10.0 -mno-xl-soft-mul -Wl,--no-relax -ffunction-sections -fdata-sections -MMD -MP -MF"src/main.d" -MT"src/main.o" -o "src/main.o" "../src/main.c"
../src/main.c: In function 'main':
../src/main.c:932:30: warning: passing argument 2 of 'sha256_compute_hash' makes integer from pointer without a cast [-Wint-conversion]
  sha256_compute_hash( tc2_1, res2_1, 1, hash_out);
                              ^~~~~~
In file included from ../src/main.c:29:0:
../src/HASH/sha256.h:27:6: note: expected 'uint32_t {aka long unsigned int}' but argument is of type 'uint8_t * {aka unsigned char *}'
 void sha256_compute_hash(uint8_t * data, uint32_t datalen, uint8_t init, uint8_t * hash_out);
      ^~~~~~~~~~~~~~~~~~~
At top level:
../src/main.c:69:14: warning: 'InterruptController' defined but not used [-Wunused-variable]
 static XIntc InterruptController;
              ^~~~~~~~~~~~~~~~~~~
Finished building: ../src/main.c
 
Building target: Test_Run.elf
Invoking: MicroBlaze gcc linker
mb-gcc -Wl,-T -Wl,../src/lscript.ld -L../../Test_Run_bsp/microblaze_0/lib -mlittle-endian -mxl-barrel-shift -mno-xl-soft-div -mcpu=v10.0 -mno-xl-soft-mul -Wl,--no-relax -Wl,--gc-sections -o "Test_Run.elf"  ./src/HASH/md5.o ./src/HASH/sha1.o ./src/HASH/sha256.o  ./src/ECC/uECC.o  ./src/AES/aes.o ./src/AES/aes_decrypt_driver.o  ./src/main.o ./src/platform.o ./src/tests_1.o ./src/util.o   -Wl,--start-group,-lxil,-lgcc,-lc,--end-group
Finished building target: Test_Run.elf
 
Invoking: MicroBlaze Print Size
mb-size Test_Run.elf  |tee "Test_Run.elf.size"
   text	   data	    bss	    dec	    hex	filename
  79436	   1484	   3192	  84112	  14890	Test_Run.elf
Finished building: Test_Run.elf.size
 
16:32:13 **** Auto Build of configuration Debug for project Test_Run ****
make all 
Building file: ../src/main.c
Invoking: MicroBlaze gcc compiler
mb-gcc -Wall -O0 -g3 -c -fmessage-length=0 -MT"src/main.o" -I../../Test_Run_bsp/microblaze_0/include -mlittle-endian -mxl-barrel-shift -mno-xl-soft-div -mcpu=v10.0 -mno-xl-soft-mul -Wl,--no-relax -ffunction-sections -fdata-sections -MMD -MP -MF"src/main.d" -MT"src/main.o" -o "src/main.o" "../src/main.c"
../src/main.c:69:14: warning: 'InterruptController' defined but not used [-Wunused-variable]
 static XIntc InterruptController;
              ^~~~~~~~~~~~~~~~~~~
Finished building: ../src/main.c
 
Building target: Test_Run.elf
Invoking: MicroBlaze gcc linker
mb-gcc -Wl,-T -Wl,../src/lscript.ld -L../../Test_Run_bsp/microblaze_0/lib -mlittle-endian -mxl-barrel-shift -mno-xl-soft-div -mcpu=v10.0 -mno-xl-soft-mul -Wl,--no-relax -Wl,--gc-sections -o "Test_Run.elf"  ./src/HASH/md5.o ./src/HASH/sha1.o ./src/HASH/sha256.o  ./src/ECC/uECC.o  ./src/AES/aes.o ./src/AES/aes_decrypt_driver.o  ./src/main.o ./src/platform.o ./src/tests_1.o ./src/util.o   -Wl,--start-group,-lxil,-lgcc,-lc,--end-group
Finished building target: Test_Run.elf
 
Invoking: MicroBlaze Print Size
mb-size Test_Run.elf  |tee "Test_Run.elf.size"
   text	   data	    bss	    dec	    hex	filename
  79432	   1484	   3188	  84104	  14888	Test_Run.elf
Finished building: Test_Run.elf.size
 
16:33:26 **** Auto Build of configuration Debug for project Test_Run ****
make all 
Building file: ../src/main.c
Invoking: MicroBlaze gcc compiler
mb-gcc -Wall -O0 -g3 -c -fmessage-length=0 -MT"src/main.o" -I../../Test_Run_bsp/microblaze_0/include -mlittle-endian -mxl-barrel-shift -mno-xl-soft-div -mcpu=v10.0 -mno-xl-soft-mul -Wl,--no-relax -ffunction-sections -fdata-sections -MMD -MP -MF"src/main.d" -MT"src/main.o" -o "src/main.o" "../src/main.c"
../src/main.c:69:14: warning: 'InterruptController' defined but not used [-Wunused-variable]
 static XIntc InterruptController;
              ^~~~~~~~~~~~~~~~~~~
Finished building: ../src/main.c
 
Building target: Test_Run.elf
Invoking: MicroBlaze gcc linker
mb-gcc -Wl,-T -Wl,../src/lscript.ld -L../../Test_Run_bsp/microblaze_0/lib -mlittle-endian -mxl-barrel-shift -mno-xl-soft-div -mcpu=v10.0 -mno-xl-soft-mul -Wl,--no-relax -Wl,--gc-sections -o "Test_Run.elf"  ./src/HASH/md5.o ./src/HASH/sha1.o ./src/HASH/sha256.o  ./src/ECC/uECC.o  ./src/AES/aes.o ./src/AES/aes_decrypt_driver.o  ./src/main.o ./src/platform.o ./src/tests_1.o ./src/util.o   -Wl,--start-group,-lxil,-lgcc,-lc,--end-group
Finished building target: Test_Run.elf
 
Invoking: MicroBlaze Print Size
mb-size Test_Run.elf  |tee "Test_Run.elf.size"
   text	   data	    bss	    dec	    hex	filename
  79468	   1484	   3192	  84144	  148b0	Test_Run.elf
Finished building: Test_Run.elf.size
 
16:35:55 **** Auto Build of configuration Debug for project Test_Run ****
make all 
Building file: ../src/main.c
Invoking: MicroBlaze gcc compiler
mb-gcc -Wall -O0 -g3 -c -fmessage-length=0 -MT"src/main.o" -I../../Test_Run_bsp/microblaze_0/include -mlittle-endian -mxl-barrel-shift -mno-xl-soft-div -mcpu=v10.0 -mno-xl-soft-mul -Wl,--no-relax -ffunction-sections -fdata-sections -MMD -MP -MF"src/main.d" -MT"src/main.o" -o "src/main.o" "../src/main.c"
../src/main.c:69:14: warning: 'InterruptController' defined but not used [-Wunused-variable]
 static XIntc InterruptController;
              ^~~~~~~~~~~~~~~~~~~
Finished building: ../src/main.c
 
Building target: Test_Run.elf
Invoking: MicroBlaze gcc linker
mb-gcc -Wl,-T -Wl,../src/lscript.ld -L../../Test_Run_bsp/microblaze_0/lib -mlittle-endian -mxl-barrel-shift -mno-xl-soft-div -mcpu=v10.0 -mno-xl-soft-mul -Wl,--no-relax -Wl,--gc-sections -o "Test_Run.elf"  ./src/HASH/md5.o ./src/HASH/sha1.o ./src/HASH/sha256.o  ./src/ECC/uECC.o  ./src/AES/aes.o ./src/AES/aes_decrypt_driver.o  ./src/main.o ./src/platform.o ./src/tests_1.o ./src/util.o   -Wl,--start-group,-lxil,-lgcc,-lc,--end-group
Finished building target: Test_Run.elf
 
Invoking: MicroBlaze Print Size
mb-size Test_Run.elf  |tee "Test_Run.elf.size"
   text	   data	    bss	    dec	    hex	filename
  79468	   1484	   3192	  84144	  148b0	Test_Run.elf
Finished building: Test_Run.elf.size
 
16:38:02 **** Auto Build of configuration Debug for project Test_Run ****
make all 
Building file: ../src/main.c
Invoking: MicroBlaze gcc compiler
mb-gcc -Wall -O0 -g3 -c -fmessage-length=0 -MT"src/main.o" -I../../Test_Run_bsp/microblaze_0/include -mlittle-endian -mxl-barrel-shift -mno-xl-soft-div -mcpu=v10.0 -mno-xl-soft-mul -Wl,--no-relax -ffunction-sections -fdata-sections -MMD -MP -MF"src/main.d" -MT"src/main.o" -o "src/main.o" "../src/main.c"
../src/main.c:69:14: warning: 'InterruptController' defined but not used [-Wunused-variable]
 static XIntc InterruptController;
              ^~~~~~~~~~~~~~~~~~~
Finished building: ../src/main.c
 
Building target: Test_Run.elf
Invoking: MicroBlaze gcc linker
mb-gcc -Wl,-T -Wl,../src/lscript.ld -L../../Test_Run_bsp/microblaze_0/lib -mlittle-endian -mxl-barrel-shift -mno-xl-soft-div -mcpu=v10.0 -mno-xl-soft-mul -Wl,--no-relax -Wl,--gc-sections -o "Test_Run.elf"  ./src/HASH/md5.o ./src/HASH/sha1.o ./src/HASH/sha256.o  ./src/ECC/uECC.o  ./src/AES/aes.o ./src/AES/aes_decrypt_driver.o  ./src/main.o ./src/platform.o ./src/tests_1.o ./src/util.o   -Wl,--start-group,-lxil,-lgcc,-lc,--end-group
Finished building target: Test_Run.elf
 
Invoking: MicroBlaze Print Size
mb-size Test_Run.elf  |tee "Test_Run.elf.size"
   text	   data	    bss	    dec	    hex	filename
  79468	   1484	   3192	  84144	  148b0	Test_Run.elf
Finished building: Test_Run.elf.size
 
16:38:13 **** Auto Build of configuration Debug for project Test_Run ****
make all 
Building file: ../src/main.c
Invoking: MicroBlaze gcc compiler
mb-gcc -Wall -O0 -g3 -c -fmessage-length=0 -MT"src/main.o" -I../../Test_Run_bsp/microblaze_0/include -mlittle-endian -mxl-barrel-shift -mno-xl-soft-div -mcpu=v10.0 -mno-xl-soft-mul -Wl,--no-relax -ffunction-sections -fdata-sections -MMD -MP -MF"src/main.d" -MT"src/main.o" -o "src/main.o" "../src/main.c"
../src/main.c:69:14: warning: 'InterruptController' defined but not used [-Wunused-variable]
 static XIntc InterruptController;
              ^~~~~~~~~~~~~~~~~~~
Finished building: ../src/main.c
 
Building target: Test_Run.elf
Invoking: MicroBlaze gcc linker
mb-gcc -Wl,-T -Wl,../src/lscript.ld -L../../Test_Run_bsp/microblaze_0/lib -mlittle-endian -mxl-barrel-shift -mno-xl-soft-div -mcpu=v10.0 -mno-xl-soft-mul -Wl,--no-relax -Wl,--gc-sections -o "Test_Run.elf"  ./src/HASH/md5.o ./src/HASH/sha1.o ./src/HASH/sha256.o  ./src/ECC/uECC.o  ./src/AES/aes.o ./src/AES/aes_decrypt_driver.o  ./src/main.o ./src/platform.o ./src/tests_1.o ./src/util.o   -Wl,--start-group,-lxil,-lgcc,-lc,--end-group
Finished building target: Test_Run.elf
 
Invoking: MicroBlaze Print Size
mb-size Test_Run.elf  |tee "Test_Run.elf.size"
   text	   data	    bss	    dec	    hex	filename
  79468	   1484	   3192	  84144	  148b0	Test_Run.elf
Finished building: Test_Run.elf.size
 
16:38:43 **** Auto Build of configuration Debug for project Test_Run ****
make all 
Building file: ../src/main.c
Invoking: MicroBlaze gcc compiler
mb-gcc -Wall -O0 -g3 -c -fmessage-length=0 -MT"src/main.o" -I../../Test_Run_bsp/microblaze_0/include -mlittle-endian -mxl-barrel-shift -mno-xl-soft-div -mcpu=v10.0 -mno-xl-soft-mul -Wl,--no-relax -ffunction-sections -fdata-sections -MMD -MP -MF"src/main.d" -MT"src/main.o" -o "src/main.o" "../src/main.c"
../src/main.c:69:14: warning: 'InterruptController' defined but not used [-Wunused-variable]
 static XIntc InterruptController;
              ^~~~~~~~~~~~~~~~~~~
Finished building: ../src/main.c
 
Building target: Test_Run.elf
Invoking: MicroBlaze gcc linker
mb-gcc -Wl,-T -Wl,../src/lscript.ld -L../../Test_Run_bsp/microblaze_0/lib -mlittle-endian -mxl-barrel-shift -mno-xl-soft-div -mcpu=v10.0 -mno-xl-soft-mul -Wl,--no-relax -Wl,--gc-sections -o "Test_Run.elf"  ./src/HASH/md5.o ./src/HASH/sha1.o ./src/HASH/sha256.o  ./src/ECC/uECC.o  ./src/AES/aes.o ./src/AES/aes_decrypt_driver.o  ./src/main.o ./src/platform.o ./src/tests_1.o ./src/util.o   -Wl,--start-group,-lxil,-lgcc,-lc,--end-group
Finished building target: Test_Run.elf
 
Invoking: MicroBlaze Print Size
mb-size Test_Run.elf  |tee "Test_Run.elf.size"
   text	   data	    bss	    dec	    hex	filename
  79468	   1484	   3192	  84144	  148b0	Test_Run.elf
Finished building: Test_Run.elf.size
 
16:39:11 **** Auto Build of configuration Debug for project Test_Run ****
make all 
Building file: ../src/main.c
Invoking: MicroBlaze gcc compiler
mb-gcc -Wall -O0 -g3 -c -fmessage-length=0 -MT"src/main.o" -I../../Test_Run_bsp/microblaze_0/include -mlittle-endian -mxl-barrel-shift -mno-xl-soft-div -mcpu=v10.0 -mno-xl-soft-mul -Wl,--no-relax -ffunction-sections -fdata-sections -MMD -MP -MF"src/main.d" -MT"src/main.o" -o "src/main.o" "../src/main.c"
../src/main.c:69:14: warning: 'InterruptController' defined but not used [-Wunused-variable]
 static XIntc InterruptController;
              ^~~~~~~~~~~~~~~~~~~
Finished building: ../src/main.c
 
Building target: Test_Run.elf
Invoking: MicroBlaze gcc linker
mb-gcc -Wl,-T -Wl,../src/lscript.ld -L../../Test_Run_bsp/microblaze_0/lib -mlittle-endian -mxl-barrel-shift -mno-xl-soft-div -mcpu=v10.0 -mno-xl-soft-mul -Wl,--no-relax -Wl,--gc-sections -o "Test_Run.elf"  ./src/HASH/md5.o ./src/HASH/sha1.o ./src/HASH/sha256.o  ./src/ECC/uECC.o  ./src/AES/aes.o ./src/AES/aes_decrypt_driver.o  ./src/main.o ./src/platform.o ./src/tests_1.o ./src/util.o   -Wl,--start-group,-lxil,-lgcc,-lc,--end-group
Finished building target: Test_Run.elf
 
Invoking: MicroBlaze Print Size
mb-size Test_Run.elf  |tee "Test_Run.elf.size"
   text	   data	    bss	    dec	    hex	filename
  79468	   1484	   3192	  84144	  148b0	Test_Run.elf
Finished building: Test_Run.elf.size
 
16:39:54 **** Auto Build of configuration Debug for project Test_Run ****
make all 
Building file: ../src/main.c
Invoking: MicroBlaze gcc compiler
mb-gcc -Wall -O0 -g3 -c -fmessage-length=0 -MT"src/main.o" -I../../Test_Run_bsp/microblaze_0/include -mlittle-endian -mxl-barrel-shift -mno-xl-soft-div -mcpu=v10.0 -mno-xl-soft-mul -Wl,--no-relax -ffunction-sections -fdata-sections -MMD -MP -MF"src/main.d" -MT"src/main.o" -o "src/main.o" "../src/main.c"
../src/main.c:69:14: warning: 'InterruptController' defined but not used [-Wunused-variable]
 static XIntc InterruptController;
              ^~~~~~~~~~~~~~~~~~~
Finished building: ../src/main.c
 
Building target: Test_Run.elf
Invoking: MicroBlaze gcc linker
mb-gcc -Wl,-T -Wl,../src/lscript.ld -L../../Test_Run_bsp/microblaze_0/lib -mlittle-endian -mxl-barrel-shift -mno-xl-soft-div -mcpu=v10.0 -mno-xl-soft-mul -Wl,--no-relax -Wl,--gc-sections -o "Test_Run.elf"  ./src/HASH/md5.o ./src/HASH/sha1.o ./src/HASH/sha256.o  ./src/ECC/uECC.o  ./src/AES/aes.o ./src/AES/aes_decrypt_driver.o  ./src/main.o ./src/platform.o ./src/tests_1.o ./src/util.o   -Wl,--start-group,-lxil,-lgcc,-lc,--end-group
Finished building target: Test_Run.elf
 
Invoking: MicroBlaze Print Size
mb-size Test_Run.elf  |tee "Test_Run.elf.size"
   text	   data	    bss	    dec	    hex	filename
  78912	   1484	   3188	  83584	  14680	Test_Run.elf
Finished building: Test_Run.elf.size
 
16:42:14 **** Auto Build of configuration Debug for project Test_Run ****
make all 
Building file: ../src/main.c
Invoking: MicroBlaze gcc compiler
mb-gcc -Wall -O0 -g3 -c -fmessage-length=0 -MT"src/main.o" -I../../Test_Run_bsp/microblaze_0/include -mlittle-endian -mxl-barrel-shift -mno-xl-soft-div -mcpu=v10.0 -mno-xl-soft-mul -Wl,--no-relax -ffunction-sections -fdata-sections -MMD -MP -MF"src/main.d" -MT"src/main.o" -o "src/main.o" "../src/main.c"
../src/main.c:69:14: warning: 'InterruptController' defined but not used [-Wunused-variable]
 static XIntc InterruptController;
              ^~~~~~~~~~~~~~~~~~~
Finished building: ../src/main.c
 
Building target: Test_Run.elf
Invoking: MicroBlaze gcc linker
mb-gcc -Wl,-T -Wl,../src/lscript.ld -L../../Test_Run_bsp/microblaze_0/lib -mlittle-endian -mxl-barrel-shift -mno-xl-soft-div -mcpu=v10.0 -mno-xl-soft-mul -Wl,--no-relax -Wl,--gc-sections -o "Test_Run.elf"  ./src/HASH/md5.o ./src/HASH/sha1.o ./src/HASH/sha256.o  ./src/ECC/uECC.o  ./src/AES/aes.o ./src/AES/aes_decrypt_driver.o  ./src/main.o ./src/platform.o ./src/tests_1.o ./src/util.o   -Wl,--start-group,-lxil,-lgcc,-lc,--end-group
Finished building target: Test_Run.elf
 
Invoking: MicroBlaze Print Size
mb-size Test_Run.elf  |tee "Test_Run.elf.size"
   text	   data	    bss	    dec	    hex	filename
  78912	   1484	   3188	  83584	  14680	Test_Run.elf
Finished building: Test_Run.elf.size
 
01:09:50 **** Auto Build of configuration Debug for project Test_Run ****
make all 
Building file: ../src/main.c
Invoking: MicroBlaze gcc compiler
mb-gcc -Wall -O0 -g3 -c -fmessage-length=0 -MT"src/main.o" -I../../Test_Run_bsp/microblaze_0/include -mlittle-endian -mxl-barrel-shift -mno-xl-soft-div -mcpu=v10.0 -mno-xl-soft-mul -Wl,--no-relax -ffunction-sections -fdata-sections -MMD -MP -MF"src/main.d" -MT"src/main.o" -o "src/main.o" "../src/main.c"
../src/main.c:69:14: warning: 'InterruptController' defined but not used [-Wunused-variable]
 static XIntc InterruptController;
              ^~~~~~~~~~~~~~~~~~~
Finished building: ../src/main.c
 
Building target: Test_Run.elf
Invoking: MicroBlaze gcc linker
mb-gcc -Wl,-T -Wl,../src/lscript.ld -L../../Test_Run_bsp/microblaze_0/lib -mlittle-endian -mxl-barrel-shift -mno-xl-soft-div -mcpu=v10.0 -mno-xl-soft-mul -Wl,--no-relax -Wl,--gc-sections -o "Test_Run.elf"  ./src/HASH/md5.o ./src/HASH/sha1.o ./src/HASH/sha256.o  ./src/ECC/uECC.o  ./src/AES/aes.o ./src/AES/aes_decrypt_driver.o  ./src/main.o ./src/platform.o ./src/tests_1.o ./src/util.o   -Wl,--start-group,-lxil,-lgcc,-lc,--end-group
Finished building target: Test_Run.elf
 
Invoking: MicroBlaze Print Size
mb-size Test_Run.elf  |tee "Test_Run.elf.size"
   text	   data	    bss	    dec	    hex	filename
  78912	   1484	   3188	  83584	  14680	Test_Run.elf
Finished building: Test_Run.elf.size
 
